[CELL_CAPTURE] cell=Cell 5: Training
run_id=grape_fruit_2026-04-14_10-34-50
started_at=2026-04-14T10:36:36.728314+00:00
finished_at=2026-04-14T10:38:45.231758+00:00
duration_sec=128.503

[TRAIN] epochs=20 device=cuda batch_interval=12
[LIVE] 1/20 batch=1/6 loss=1.7063 lr=0.000200 throughput=45.2/s elapsed=5s eta=9m49s
[LIVE] 1/20 batch=6/6 loss=1.6225 lr=0.000199 throughput=274.1/s elapsed=7s eta=2m19s
[VALID] 1/20
[LIVE] 2/20 batch=1/6 loss=1.6090 lr=0.000198 throughput=261.8/s elapsed=10s eta=2m38s
[LIVE] 2/20 batch=6/6 loss=1.6224 lr=0.000195 throughput=273.9/s elapsed=12s eta=1m50s
[VALID] 2/20 val_loss=1.7366 val_acc=0.1824 macro_f1=0.1126 bal_acc=0.3500 gap=0.1297
[BEST] 2/20 val_loss=1.7366
[CKPT] epoch_end epoch=2 step=12
[LIVE] 3/20 batch=1/6 loss=1.6102 lr=0.000194 throughput=263.9/s elapsed=20s eta=2m41s
[LIVE] 3/20 batch=6/6 loss=1.6000 lr=0.000189 throughput=274.1/s elapsed=22s eta=2m04s
[VALID] 3/20
[LIVE] 4/20 batch=1/6 loss=1.6048 lr=0.000188 throughput=274.4/s elapsed=24s eta=2m05s
[LIVE] 4/20 batch=6/6 loss=1.5954 lr=0.000181 throughput=274.2/s elapsed=26s eta=1m44s
[VALID] 4/20 val_loss=1.5467 val_acc=0.2973 macro_f1=0.1261 bal_acc=0.2238 gap=-0.0539
[BEST] 4/20 val_loss=1.5467
[CKPT] epoch_end epoch=4 step=24
[LIVE] 5/20 batch=1/6 loss=1.5989 lr=0.000179 throughput=260.9/s elapsed=32s eta=2m01s
[LIVE] 5/20 batch=6/6 loss=1.5878 lr=0.000171 throughput=274.4/s elapsed=34s eta=1m43s
[VALID] 5/20
[LIVE] 6/20 batch=1/6 loss=1.5856 lr=0.000169 throughput=263.7/s elapsed=37s eta=1m45s
[LIVE] 6/20 batch=6/6 loss=1.5613 lr=0.000159 throughput=273.9/s elapsed=39s eta=1m31s
[VALID] 6/20 val_loss=1.3983 val_acc=0.3176 macro_f1=0.2406 bal_acc=0.3225 gap=-0.1664
[BEST] 6/20 val_loss=1.3983
[CKPT] epoch_end epoch=6 step=36
[LIVE] 7/20 batch=1/6 loss=1.5317 lr=0.000157 throughput=268.5/s elapsed=44s eta=1m39s
[LIVE] 7/20 batch=6/6 loss=1.4290 lr=0.000146 throughput=274.3/s elapsed=46s eta=1m26s
[VALID] 7/20
[LIVE] 8/20 batch=1/6 loss=1.4134 lr=0.000143 throughput=273.2/s elapsed=48s eta=1m26s
[LIVE] 8/20 batch=6/6 loss=1.3691 lr=0.000131 throughput=274.1/s elapsed=50s eta=1m16s
[VALID] 8/20 val_loss=1.2361 val_acc=0.5676 macro_f1=0.3888 bal_acc=0.4436 gap=-0.1714
[BEST] 8/20 val_loss=1.2361
[CKPT] epoch_end epoch=8 step=48
[LIVE] 9/20 batch=1/6 loss=1.3749 lr=0.000129 throughput=265.4/s elapsed=56s eta=1m21s
[LIVE] 9/20 batch=6/6 loss=1.3388 lr=0.000116 throughput=273.7/s elapsed=58s eta=1m11s
[VALID] 9/20
[LIVE] 10/20 batch=1/6 loss=1.2991 lr=0.000113 throughput=273.0/s elapsed=1m00s eta=1m11s
[LIVE] 10/20 batch=6/6 loss=1.2877 lr=0.000101 throughput=274.0/s elapsed=1m02s eta=1m02s
[VALID] 10/20 val_loss=1.1490 val_acc=0.5676 macro_f1=0.4626 bal_acc=0.5440 gap=-0.1597
[BEST] 10/20 val_loss=1.1490
[CKPT] epoch_end epoch=10 step=60
[LIVE] 11/20 batch=1/6 loss=1.2599 lr=0.000098 throughput=267.7/s elapsed=1m07s eta=1m05s
[LIVE] 11/20 batch=6/6 loss=1.2539 lr=0.000085 throughput=274.2/s elapsed=1m10s eta=57s
[VALID] 11/20
[LIVE] 12/20 batch=1/6 loss=1.2426 lr=0.000082 throughput=274.2/s elapsed=1m11s eta=56s
[LIVE] 12/20 batch=6/6 loss=1.1976 lr=0.000070 throughput=273.9/s elapsed=1m14s eta=49s
[VALID] 12/20 val_loss=0.9511 val_acc=0.6216 macro_f1=0.5433 bal_acc=0.5909 gap=-0.2647
[BEST] 12/20 val_loss=0.9511
[CKPT] epoch_end epoch=12 step=72
[LIVE] 13/20 batch=1/6 loss=1.2166 lr=0.000067 throughput=260.2/s elapsed=1m20s eta=51s
[LIVE] 13/20 batch=6/6 loss=1.1348 lr=0.000055 throughput=274.0/s elapsed=1m22s eta=44s
[VALID] 13/20
[LIVE] 14/20 batch=1/6 loss=1.1642 lr=0.000053 throughput=267.6/s elapsed=1m27s eta=45s
[LIVE] 14/20 batch=6/6 loss=1.1674 lr=0.000042 throughput=274.1/s elapsed=1m29s eta=38s
[VALID] 14/20 val_loss=0.8681 val_acc=0.6554 macro_f1=0.5648 bal_acc=0.6093 gap=-0.3032
[BEST] 14/20 val_loss=0.8681
[CKPT] epoch_end epoch=14 step=84
[LIVE] 15/20 batch=1/6 loss=1.1573 lr=0.000040 throughput=266.2/s elapsed=1m34s eta=39s
[LIVE] 15/20 batch=6/6 loss=1.1849 lr=0.000030 throughput=273.7/s elapsed=1m36s eta=32s
[VALID] 15/20
[LIVE] 16/20 batch=1/6 loss=1.1914 lr=0.000028 throughput=263.9/s elapsed=1m39s eta=32s
[LIVE] 16/20 batch=6/6 loss=1.1505 lr=0.000020 throughput=274.1/s elapsed=1m42s eta=25s
[VALID] 16/20 val_loss=0.8248 val_acc=0.7095 macro_f1=0.6414 bal_acc=0.6677 gap=-0.3355
[BEST] 16/20 val_loss=0.8248
[CKPT] epoch_end epoch=16 step=96
[LIVE] 17/20 batch=1/6 loss=1.1352 lr=0.000018 throughput=265.7/s elapsed=1m47s eta=25s
[LIVE] 17/20 batch=6/6 loss=1.1358 lr=0.000012 throughput=274.2/s elapsed=1m49s eta=19s
[VALID] 17/20
[LIVE] 18/20 batch=1/6 loss=1.0995 lr=0.000011 throughput=274.0/s elapsed=1m51s eta=18s
[LIVE] 18/20 batch=6/6 loss=1.1467 lr=0.000006 throughput=274.3/s elapsed=1m53s eta=13s
[VALID] 18/20 val_loss=0.8105 val_acc=0.7027 macro_f1=0.6215 bal_acc=0.6688 gap=-0.3352
[BEST] 18/20 val_loss=0.8105
[CKPT] epoch_end epoch=18 step=108
[LIVE] 19/20 batch=1/6 loss=1.1774 lr=0.000005 throughput=261.3/s elapsed=1m58s eta=12s
[LIVE] 19/20 batch=6/6 loss=1.1299 lr=0.000002 throughput=274.0/s elapsed=2m01s eta=6s
[VALID] 19/20
[LIVE] 20/20 batch=1/6 loss=1.1352 lr=0.000002 throughput=273.6/s elapsed=2m02s eta=5s
[LIVE] 20/20 batch=6/6 loss=1.1612 lr=0.000001 throughput=274.4/s elapsed=2m05s eta=0s
[VALID] 20/20 val_loss=0.8061 val_acc=0.7027 macro_f1=0.6215 bal_acc=0.6688 gap=-0.3417
[BEST] 20/20 val_loss=0.8061
[CKPT] epoch_end epoch=20 step=120
[TRAIN] Complete. elapsed=128.5s stopped_early=False

[STDERR]
/content/bitirmeprojesi/scripts/colab_notebook_helpers.py:2089: UserWarning: No artists with labels found to put in legend.  Note that artists whose label start with an underscore are ignored when legend() is called with no argument.
  plt.legend()
/content/bitirmeprojesi/scripts/colab_notebook_helpers.py:2099: UserWarning: No artists with labels found to put in legend.  Note that artists whose label start with an underscore are ignored when legend() is called with no argument.
  plt.legend()
