[CELL_CAPTURE] cell=Cell 6: Training
run_id=20260316_212404_079273
started_at=2026-03-16T21:24:49.484179+00:00
finished_at=2026-03-16T22:04:29.887900+00:00
duration_sec=2380.404

[TRAIN] epochs=30 device=cuda batch_interval=12
[TRAIN] epoch=1 batch=12/81 loss=2.2574 lr=0.000300 speed=277.5s/s elapsed=146s eta=29492s
[TRAIN] epoch=1 batch=24/81 loss=2.0645 lr=0.000300 speed=277.4s/s elapsed=259s eta=25994s
[TRAIN] epoch=1 batch=36/81 loss=1.5915 lr=0.000300 speed=277.3s/s elapsed=368s eta=24474s
[TRAIN] epoch=1 batch=48/81 loss=1.2242 lr=0.000300 speed=277.4s/s elapsed=476s eta=23622s
[TRAIN] epoch=1 batch=60/81 loss=0.6758 lr=0.000300 speed=277.2s/s elapsed=587s eta=23199s
[TRAIN] epoch=1 batch=72/81 loss=0.6171 lr=0.000299 speed=277.3s/s elapsed=700s eta=22931s
[CKPT] epoch_end epoch=1 step=81
[EPOCH] 1/30: train_loss=1.4384 val_loss=0.5219 val_acc=0.8470 macro_f1=0.7561 * BEST
[TRAIN] epoch=2 batch=12/81 loss=0.4448 lr=0.000299 speed=275.6s/s elapsed=960s eta=24130s
[TRAIN] epoch=2 batch=24/81 loss=0.4403 lr=0.000299 speed=275.3s/s elapsed=969s eta=21448s
[TRAIN] epoch=2 batch=36/81 loss=0.4495 lr=0.000298 speed=260.4s/s elapsed=976s eta=19290s
[TRAIN] epoch=2 batch=48/81 loss=0.4161 lr=0.000298 speed=273.8s/s elapsed=983s eta=17532s
[TRAIN] epoch=2 batch=60/81 loss=0.4038 lr=0.000298 speed=274.7s/s elapsed=990s eta=16073s
[TRAIN] epoch=2 batch=72/81 loss=0.3152 lr=0.000297 speed=277.1s/s elapsed=997s eta=14841s
[CKPT] epoch_end epoch=2 step=162
[EPOCH] 2/30: train_loss=0.4549 val_loss=0.2684 val_acc=0.9219 macro_f1=0.8698 * BEST
[TRAIN] epoch=3 batch=12/81 loss=0.3345 lr=0.000296 speed=274.5s/s elapsed=1028s eta=13334s
[TRAIN] epoch=3 batch=24/81 loss=0.3099 lr=0.000296 speed=275.1s/s elapsed=1036s eta=12493s
[TRAIN] epoch=3 batch=36/81 loss=0.3573 lr=0.000295 speed=274.0s/s elapsed=1043s eta=11754s
[TRAIN] epoch=3 batch=48/81 loss=0.2821 lr=0.000295 speed=274.2s/s elapsed=1050s eta=11098s
[TRAIN] epoch=3 batch=60/81 loss=0.3521 lr=0.000294 speed=274.7s/s elapsed=1057s eta=10513s
[TRAIN] epoch=3 batch=72/81 loss=0.3676 lr=0.000293 speed=276.7s/s elapsed=1064s eta=9986s
[CKPT] epoch_end epoch=3 step=243
[EPOCH] 3/30: train_loss=0.3228 val_loss=0.2090 val_acc=0.9367 macro_f1=0.8917 * BEST
[TRAIN] epoch=4 batch=12/81 loss=0.2837 lr=0.000292 speed=273.8s/s elapsed=1093s eta=9319s
[TRAIN] epoch=4 batch=24/81 loss=0.4302 lr=0.000291 speed=274.8s/s elapsed=1100s eta=8913s
[TRAIN] epoch=4 batch=36/81 loss=0.2800 lr=0.000290 speed=275.6s/s elapsed=1107s eta=8537s
[TRAIN] epoch=4 batch=48/81 loss=0.2663 lr=0.000290 speed=275.4s/s elapsed=1115s eta=8192s
[TRAIN] epoch=4 batch=60/81 loss=0.2815 lr=0.000289 speed=276.5s/s elapsed=1122s eta=7874s
[TRAIN] epoch=4 batch=72/81 loss=0.2584 lr=0.000288 speed=276.8s/s elapsed=1129s eta=7579s
[EPOCH] 4/30: train_loss=0.2773 val_loss=0.2098 val_acc=0.9275 macro_f1=0.8920
[TRAIN] epoch=5 batch=12/81 loss=0.2588 lr=0.000286 speed=273.6s/s elapsed=1152s eta=7180s
[TRAIN] epoch=5 batch=24/81 loss=0.2764 lr=0.000285 speed=275.3s/s elapsed=1159s eta=6936s
[TRAIN] epoch=5 batch=36/81 loss=0.2512 lr=0.000284 speed=274.8s/s elapsed=1166s eta=6707s
[TRAIN] epoch=5 batch=48/81 loss=0.2719 lr=0.000283 speed=268.1s/s elapsed=1174s eta=6494s
[TRAIN] epoch=5 batch=60/81 loss=0.2330 lr=0.000282 speed=276.9s/s elapsed=1181s eta=6293s
[TRAIN] epoch=5 batch=72/81 loss=0.2395 lr=0.000281 speed=276.9s/s elapsed=1188s eta=6102s
[CKPT] epoch_end epoch=5 step=405
[EPOCH] 5/30: train_loss=0.2399 val_loss=0.1670 val_acc=0.9471 macro_f1=0.9262 * BEST
[TRAIN] epoch=6 batch=12/81 loss=0.2220 lr=0.000279 speed=267.7s/s elapsed=1217s eta=5876s
[TRAIN] epoch=6 batch=24/81 loss=0.2063 lr=0.000278 speed=273.0s/s elapsed=1224s eta=5711s
[TRAIN] epoch=6 batch=36/81 loss=0.2243 lr=0.000276 speed=274.9s/s elapsed=1232s eta=5554s
[TRAIN] epoch=6 batch=48/81 loss=0.2046 lr=0.000275 speed=264.8s/s elapsed=1239s eta=5406s
[TRAIN] epoch=6 batch=60/81 loss=0.3256 lr=0.000274 speed=276.9s/s elapsed=1246s eta=5265s
[TRAIN] epoch=6 batch=72/81 loss=0.2297 lr=0.000272 speed=276.7s/s elapsed=1253s eta=5130s
[CKPT] epoch_end epoch=6 step=486
[EPOCH] 6/30: train_loss=0.2277 val_loss=0.1414 val_acc=0.9619 macro_f1=0.9366 * BEST
[TRAIN] epoch=7 batch=12/81 loss=0.1903 lr=0.000270 speed=274.5s/s elapsed=1283s eta=4979s
[TRAIN] epoch=7 batch=24/81 loss=0.1860 lr=0.000269 speed=272.1s/s elapsed=1291s eta=4859s
[TRAIN] epoch=7 batch=36/81 loss=0.2055 lr=0.000267 speed=268.6s/s elapsed=1298s eta=4743s
[TRAIN] epoch=7 batch=48/81 loss=0.1993 lr=0.000266 speed=266.7s/s elapsed=1305s eta=4633s
[TRAIN] epoch=7 batch=60/81 loss=0.1797 lr=0.000264 speed=276.7s/s elapsed=1312s eta=4527s
[TRAIN] epoch=7 batch=72/81 loss=0.1724 lr=0.000263 speed=276.7s/s elapsed=1319s eta=4425s
[EPOCH] 7/30: train_loss=0.2077 val_loss=0.1472 val_acc=0.9557 macro_f1=0.9338
[TRAIN] epoch=8 batch=12/81 loss=0.1715 lr=0.000260 speed=274.4s/s elapsed=1341s eta=4289s
[TRAIN] epoch=8 batch=24/81 loss=0.2076 lr=0.000258 speed=273.2s/s elapsed=1349s eta=4197s
[TRAIN] epoch=8 batch=36/81 loss=0.1796 lr=0.000257 speed=266.4s/s elapsed=1356s eta=4108s
[TRAIN] epoch=8 batch=48/81 loss=0.1960 lr=0.000255 speed=249.2s/s elapsed=1363s eta=4023s
[TRAIN] epoch=8 batch=60/81 loss=0.1826 lr=0.000254 speed=276.8s/s elapsed=1370s eta=3940s
[TRAIN] epoch=8 batch=72/81 loss=0.1655 lr=0.000252 speed=276.7s/s elapsed=1377s eta=3860s
[CKPT] epoch_end epoch=8 step=648
[EPOCH] 8/30: train_loss=0.1947 val_loss=0.1248 val_acc=0.9625 macro_f1=0.9406 * BEST
[TRAIN] epoch=9 batch=12/81 loss=0.1740 lr=0.000249 speed=274.8s/s elapsed=1407s eta=3773s
[TRAIN] epoch=9 batch=24/81 loss=0.1961 lr=0.000247 speed=275.0s/s elapsed=1414s eta=3699s
[TRAIN] epoch=9 batch=36/81 loss=0.1813 lr=0.000245 speed=273.5s/s elapsed=1421s eta=3627s
[TRAIN] epoch=9 batch=48/81 loss=0.1959 lr=0.000243 speed=276.0s/s elapsed=1428s eta=3558s
[TRAIN] epoch=9 batch=60/81 loss=0.1671 lr=0.000242 speed=276.5s/s elapsed=1435s eta=3491s
[TRAIN] epoch=9 batch=72/81 loss=0.1942 lr=0.000240 speed=276.7s/s elapsed=1442s eta=3425s
[CKPT] epoch_end epoch=9 step=729
[EPOCH] 9/30: train_loss=0.1866 val_loss=0.1223 val_acc=0.9594 macro_f1=0.9402 * BEST
[TRAIN] epoch=10 batch=12/81 loss=0.1983 lr=0.000236 speed=274.6s/s elapsed=1472s eta=3355s
[TRAIN] epoch=10 batch=24/81 loss=0.2087 lr=0.000235 speed=274.5s/s elapsed=1479s eta=3294s
[TRAIN] epoch=10 batch=36/81 loss=0.2120 lr=0.000233 speed=276.0s/s elapsed=1486s eta=3235s
[TRAIN] epoch=10 batch=48/81 loss=0.1703 lr=0.000231 speed=276.9s/s elapsed=1493s eta=3177s
[TRAIN] epoch=10 batch=60/81 loss=0.1819 lr=0.000229 speed=276.1s/s elapsed=1501s eta=3121s
[CKPT] batch_800 epoch=10 step=800
[TRAIN] epoch=10 batch=72/81 loss=0.1577 lr=0.000227 speed=269.1s/s elapsed=1514s eta=3079s
[CKPT] epoch_end epoch=10 step=810
[EPOCH] 10/30: train_loss=0.1834 val_loss=0.1157 val_acc=0.9644 macro_f1=0.9460 * BEST
[TRAIN] epoch=11 batch=12/81 loss=0.1590 lr=0.000223 speed=274.7s/s elapsed=1543s eta=3018s
[TRAIN] epoch=11 batch=24/81 loss=0.1580 lr=0.000221 speed=273.9s/s elapsed=1550s eta=2966s
[TRAIN] epoch=11 batch=36/81 loss=0.1564 lr=0.000219 speed=264.2s/s elapsed=1557s eta=2916s
[TRAIN] epoch=11 batch=48/81 loss=0.1712 lr=0.000217 speed=277.0s/s elapsed=1564s eta=2866s
[TRAIN] epoch=11 batch=60/81 loss=0.1671 lr=0.000215 speed=276.0s/s elapsed=1571s eta=2818s
[TRAIN] epoch=11 batch=72/81 loss=0.1953 lr=0.000213 speed=276.7s/s elapsed=1578s eta=2770s
[EPOCH] 11/30: train_loss=0.1770 val_loss=0.1195 val_acc=0.9644 macro_f1=0.9348
[TRAIN] epoch=12 batch=12/81 loss=0.1725 lr=0.000209 speed=274.6s/s elapsed=1600s eta=2706s
[TRAIN] epoch=12 batch=24/81 loss=0.1926 lr=0.000207 speed=271.9s/s elapsed=1608s eta=2662s
[TRAIN] epoch=12 batch=36/81 loss=0.1616 lr=0.000205 speed=273.9s/s elapsed=1615s eta=2618s
[TRAIN] epoch=12 batch=48/81 loss=0.1709 lr=0.000203 speed=277.4s/s elapsed=1622s eta=2575s
[TRAIN] epoch=12 batch=60/81 loss=0.1603 lr=0.000201 speed=277.1s/s elapsed=1629s eta=2533s
[TRAIN] epoch=12 batch=72/81 loss=0.1788 lr=0.000198 speed=277.0s/s elapsed=1636s eta=2492s
[CKPT] epoch_end epoch=12 step=972
[EPOCH] 12/30: train_loss=0.1689 val_loss=0.1104 val_acc=0.9674 macro_f1=0.9609 * BEST
[TRAIN] epoch=13 batch=12/81 loss=0.1519 lr=0.000194 speed=274.2s/s elapsed=1665s eta=2446s
[TRAIN] epoch=13 batch=24/81 loss=0.1605 lr=0.000192 speed=274.9s/s elapsed=1672s eta=2407s
[TRAIN] epoch=13 batch=36/81 loss=0.1715 lr=0.000190 speed=275.2s/s elapsed=1679s eta=2368s
[TRAIN] epoch=13 batch=48/81 loss=0.1546 lr=0.000188 speed=276.8s/s elapsed=1686s eta=2331s
[TRAIN] epoch=13 batch=60/81 loss=0.1516 lr=0.000186 speed=276.7s/s elapsed=1693s eta=2294s
[TRAIN] epoch=13 batch=72/81 loss=0.1531 lr=0.000183 speed=276.6s/s elapsed=1700s eta=2257s
[CKPT] epoch_end epoch=13 step=1053
[EPOCH] 13/30: train_loss=0.1631 val_loss=0.0978 val_acc=0.9730 macro_f1=0.9483 * BEST
[TRAIN] epoch=14 batch=12/81 loss=0.1520 lr=0.000179 speed=274.9s/s elapsed=1729s eta=2216s
[TRAIN] epoch=14 batch=24/81 loss=0.1486 lr=0.000177 speed=269.9s/s elapsed=1736s eta=2181s
[TRAIN] epoch=14 batch=36/81 loss=0.1498 lr=0.000175 speed=268.0s/s elapsed=1743s eta=2147s
[TRAIN] epoch=14 batch=48/81 loss=0.1564 lr=0.000172 speed=277.1s/s elapsed=1750s eta=2113s
[TRAIN] epoch=14 batch=60/81 loss=0.1557 lr=0.000170 speed=276.9s/s elapsed=1758s eta=2080s
[TRAIN] epoch=14 batch=72/81 loss=0.1711 lr=0.000168 speed=276.9s/s elapsed=1765s eta=2047s
[EPOCH] 14/30: train_loss=0.1604 val_loss=0.1080 val_acc=0.9674 macro_f1=0.9485
[TRAIN] epoch=15 batch=12/81 loss=0.1695 lr=0.000164 speed=274.4s/s elapsed=1786s eta=2001s
[TRAIN] epoch=15 batch=24/81 loss=0.1655 lr=0.000162 speed=274.4s/s elapsed=1793s eta=1970s
[TRAIN] epoch=15 batch=36/81 loss=0.1717 lr=0.000159 speed=274.8s/s elapsed=1801s eta=1939s
[TRAIN] epoch=15 batch=48/81 loss=0.1558 lr=0.000157 speed=276.6s/s elapsed=1808s eta=1909s
[TRAIN] epoch=15 batch=60/81 loss=0.1488 lr=0.000155 speed=276.5s/s elapsed=1815s eta=1879s
[TRAIN] epoch=15 batch=72/81 loss=0.1760 lr=0.000152 speed=276.6s/s elapsed=1822s eta=1849s
[CKPT] epoch_end epoch=15 step=1215
[EPOCH] 15/30: train_loss=0.1592 val_loss=0.0952 val_acc=0.9760 macro_f1=0.9591 * BEST
[TRAIN] epoch=16 batch=12/81 loss=0.1476 lr=0.000148 speed=269.0s/s elapsed=1850s eta=1814s
[TRAIN] epoch=16 batch=24/81 loss=0.1519 lr=0.000146 speed=274.8s/s elapsed=1857s eta=1786s
[TRAIN] epoch=16 batch=36/81 loss=0.1547 lr=0.000144 speed=271.0s/s elapsed=1865s eta=1757s
[TRAIN] epoch=16 batch=48/81 loss=0.1515 lr=0.000141 speed=277.0s/s elapsed=1872s eta=1729s
[TRAIN] epoch=16 batch=60/81 loss=0.1504 lr=0.000139 speed=276.1s/s elapsed=1879s eta=1702s
[TRAIN] epoch=16 batch=72/81 loss=0.1769 lr=0.000137 speed=276.6s/s elapsed=1886s eta=1675s
[CKPT] epoch_end epoch=16 step=1296
[EPOCH] 16/30: train_loss=0.1545 val_loss=0.0913 val_acc=0.9785 macro_f1=0.9688 * BEST
[TRAIN] epoch=17 batch=12/81 loss=0.1795 lr=0.000133 speed=270.1s/s elapsed=1914s eta=1642s
[TRAIN] epoch=17 batch=24/81 loss=0.1704 lr=0.000130 speed=273.8s/s elapsed=1922s eta=1616s
[TRAIN] epoch=17 batch=36/81 loss=0.1452 lr=0.000128 speed=270.7s/s elapsed=1929s eta=1590s
[TRAIN] epoch=17 batch=48/81 loss=0.1502 lr=0.000126 speed=276.9s/s elapsed=1936s eta=1564s
[TRAIN] epoch=17 batch=60/81 loss=0.1584 lr=0.000123 speed=276.7s/s elapsed=1943s eta=1539s
[TRAIN] epoch=17 batch=72/81 loss=0.1424 lr=0.000121 speed=276.6s/s elapsed=1950s eta=1514s
[CKPT] epoch_end epoch=17 step=1377
[EPOCH] 17/30: train_loss=0.1534 val_loss=0.0900 val_acc=0.9779 macro_f1=0.9564 * BEST
[TRAIN] epoch=18 batch=12/81 loss=0.1507 lr=0.000117 speed=261.4s/s elapsed=1978s eta=1482s
[TRAIN] epoch=18 batch=24/81 loss=0.1469 lr=0.000115 speed=274.3s/s elapsed=1985s eta=1458s
[TRAIN] epoch=18 batch=36/81 loss=0.1557 lr=0.000113 speed=276.9s/s elapsed=1992s eta=1434s
[TRAIN] epoch=18 batch=48/81 loss=0.1439 lr=0.000110 speed=276.4s/s elapsed=2000s eta=1410s
[TRAIN] epoch=18 batch=60/81 loss=0.1592 lr=0.000108 speed=276.3s/s elapsed=2007s eta=1387s
[TRAIN] epoch=18 batch=72/81 loss=0.1453 lr=0.000106 speed=276.7s/s elapsed=2014s eta=1363s
[EPOCH] 18/30: train_loss=0.1515 val_loss=0.0911 val_acc=0.9773 macro_f1=0.9598
[TRAIN] epoch=19 batch=12/81 loss=0.1471 lr=0.000102 speed=264.9s/s elapsed=2035s eta=1329s
[TRAIN] epoch=19 batch=24/81 loss=0.1467 lr=0.000100 speed=271.6s/s elapsed=2043s eta=1307s
[TRAIN] epoch=19 batch=36/81 loss=0.1480 lr=0.000098 speed=275.8s/s elapsed=2050s eta=1284s
[TRAIN] epoch=19 batch=48/81 loss=0.1562 lr=0.000096 speed=276.6s/s elapsed=2057s eta=1262s
[TRAIN] epoch=19 batch=60/81 loss=0.1473 lr=0.000093 speed=276.2s/s elapsed=2064s eta=1240s
[TRAIN] epoch=19 batch=72/81 loss=0.1488 lr=0.000091 speed=276.6s/s elapsed=2071s eta=1218s
[CKPT] epoch_end epoch=19 step=1539
[EPOCH] 19/30: train_loss=0.1499 val_loss=0.0875 val_acc=0.9779 macro_f1=0.9675 * BEST
[TRAIN] epoch=20 batch=12/81 loss=0.1437 lr=0.000088 speed=256.6s/s elapsed=2100s eta=1190s
[TRAIN] epoch=20 batch=24/81 loss=0.1506 lr=0.000085 speed=274.6s/s elapsed=2107s eta=1169s
[TRAIN] epoch=20 batch=36/81 loss=0.1458 lr=0.000083 speed=276.8s/s elapsed=2114s eta=1148s
[TRAIN] epoch=20 batch=48/81 loss=0.1472 lr=0.000081 speed=276.6s/s elapsed=2121s eta=1127s
[TRAIN] epoch=20 batch=60/81 loss=0.1445 lr=0.000079 speed=275.8s/s elapsed=2128s eta=1106s
[CKPT] batch_800 epoch=20 step=1600
[TRAIN] epoch=20 batch=72/81 loss=0.1514 lr=0.000077 speed=277.0s/s elapsed=2141s eta=1088s
[EPOCH] 20/30: train_loss=0.1494 val_loss=0.0935 val_acc=0.9760 macro_f1=0.9652
[TRAIN] epoch=21 batch=12/81 loss=0.1629 lr=0.000074 speed=253.8s/s elapsed=2164s eta=1058s
[TRAIN] epoch=21 batch=24/81 loss=0.1512 lr=0.000072 speed=272.8s/s elapsed=2171s eta=1038s
[TRAIN] epoch=21 batch=36/81 loss=0.1495 lr=0.000070 speed=276.9s/s elapsed=2178s eta=1018s
[TRAIN] epoch=21 batch=48/81 loss=0.1518 lr=0.000068 speed=276.8s/s elapsed=2185s eta=998s
[TRAIN] epoch=21 batch=60/81 loss=0.1536 lr=0.000066 speed=276.7s/s elapsed=2192s eta=979s
[TRAIN] epoch=21 batch=72/81 loss=0.1447 lr=0.000064 speed=276.7s/s elapsed=2199s eta=959s
[EPOCH] 21/30: train_loss=0.1487 val_loss=0.0926 val_acc=0.9773 macro_f1=0.9596
[TRAIN] epoch=22 batch=12/81 loss=0.1578 lr=0.000061 speed=267.6s/s elapsed=2221s eta=930s
[TRAIN] epoch=22 batch=24/81 loss=0.1606 lr=0.000059 speed=274.1s/s elapsed=2228s eta=911s
[TRAIN] epoch=22 batch=36/81 loss=0.1435 lr=0.000057 speed=276.6s/s elapsed=2235s eta=892s
[TRAIN] epoch=22 batch=48/81 loss=0.1486 lr=0.000055 speed=276.7s/s elapsed=2242s eta=873s
[TRAIN] epoch=22 batch=60/81 loss=0.1419 lr=0.000054 speed=276.5s/s elapsed=2249s eta=854s
[TRAIN] epoch=22 batch=72/81 loss=0.1458 lr=0.000052 speed=276.3s/s elapsed=2256s eta=836s
[EPOCH] 22/30: train_loss=0.1482 val_loss=0.0956 val_acc=0.9754 macro_f1=0.9585
[TRAIN] epoch=23 batch=12/81 loss=0.1454 lr=0.000049 speed=270.5s/s elapsed=2277s eta=807s
[TRAIN] epoch=23 batch=24/81 loss=0.1463 lr=0.000047 speed=273.4s/s elapsed=2284s eta=789s
[TRAIN] epoch=23 batch=36/81 loss=0.1440 lr=0.000045 speed=276.7s/s elapsed=2291s eta=771s
[TRAIN] epoch=23 batch=48/81 loss=0.1488 lr=0.000044 speed=276.9s/s elapsed=2299s eta=754s
[TRAIN] epoch=23 batch=60/81 loss=0.1414 lr=0.000042 speed=276.5s/s elapsed=2306s eta=736s
[TRAIN] epoch=23 batch=72/81 loss=0.1576 lr=0.000041 speed=276.7s/s elapsed=2313s eta=718s
[EPOCH] 23/30: train_loss=0.1467 val_loss=0.0921 val_acc=0.9779 macro_f1=0.9602
[TRAIN] epoch=24 batch=12/81 loss=0.1407 lr=0.000038 speed=262.5s/s elapsed=2334s eta=691s
[TRAIN] epoch=24 batch=24/81 loss=0.1480 lr=0.000036 speed=272.4s/s elapsed=2341s eta=674s
[TRAIN] epoch=24 batch=36/81 loss=0.1459 lr=0.000035 speed=276.7s/s elapsed=2348s eta=657s
[TRAIN] epoch=24 batch=48/81 loss=0.1411 lr=0.000033 speed=276.5s/s elapsed=2355s eta=640s
[TRAIN] epoch=24 batch=60/81 loss=0.1437 lr=0.000032 speed=276.6s/s elapsed=2363s eta=623s
[TRAIN] epoch=24 batch=72/81 loss=0.1458 lr=0.000031 speed=276.4s/s elapsed=2370s eta=606s
[EPOCH] 24/30: train_loss=0.1467 val_loss=0.0923 val_acc=0.9773 macro_f1=0.9659
[TRAIN] Complete. elapsed=2380.3s stopped_early=True
