[CELL_CAPTURE] cell=Cell 6: Training
run_id=20260309_073749
started_at=2026-03-09T07:38:16.753464+00:00
finished_at=2026-03-09T09:28:30.719776+00:00
duration_sec=6613.966

[TRAIN] epochs=25 device=cuda batch_interval=50
[TRAIN] epoch=1 batch=50/110 loss=0.0000 lr=0.000300 speed=276.6s/s elapsed=116s eta=6258s
[TRAIN] epoch=1 batch=100/110 loss=0.0000 lr=0.000300 speed=277.6s/s elapsed=226s eta=5982s
[CKPT] epoch_end epoch=1 step=110
[EPOCH] 1/25: train_loss=1.4544 val_loss=0.4650 val_acc=0.8395 macro_f1=0.7768 * BEST
[TRAIN] epoch=2 batch=50/110 loss=0.0000 lr=0.000300 speed=277.6s/s elapsed=382s eta=6176s
[CKPT] batch_200 epoch=2 step=200
[TRAIN] epoch=2 batch=100/110 loss=0.0000 lr=0.000300 speed=272.7s/s elapsed=497s eta=6005s
[CKPT] epoch_end epoch=2 step=220
[EPOCH] 2/25: train_loss=0.4369 val_loss=0.2724 val_acc=0.9079 macro_f1=0.9103 * BEST
[TRAIN] epoch=3 batch=50/110 loss=0.0000 lr=0.000300 speed=277.4s/s elapsed=657s eta=6032s
[TRAIN] epoch=3 batch=100/110 loss=0.0000 lr=0.000300 speed=277.9s/s elapsed=767s eta=5824s
[CKPT] epoch_end epoch=3 step=330
[EPOCH] 3/25: train_loss=0.3110 val_loss=0.2084 val_acc=0.9334 macro_f1=0.9265 * BEST
[TRAIN] epoch=4 batch=50/110 loss=0.0000 lr=0.000300 speed=277.6s/s elapsed=919s eta=5734s
[CKPT] batch_200 epoch=4 step=400
[TRAIN] epoch=4 batch=100/110 loss=0.0000 lr=0.000300 speed=272.2s/s elapsed=1031s eta=5562s
[CKPT] epoch_end epoch=4 step=440
[EPOCH] 4/25: train_loss=0.2520 val_loss=0.1709 val_acc=0.9422 macro_f1=0.9438 * BEST
[TRAIN] epoch=5 batch=50/110 loss=0.0000 lr=0.000300 speed=270.3s/s elapsed=1189s eta=5484s
[TRAIN] epoch=5 batch=100/110 loss=0.0000 lr=0.000300 speed=270.2s/s elapsed=1299s eta=5316s
[CKPT] epoch_end epoch=5 step=550
[EPOCH] 5/25: train_loss=0.2230 val_loss=0.1304 val_acc=0.9551 macro_f1=0.9571 * BEST
[TRAIN] epoch=6 batch=50/110 loss=0.0000 lr=0.000300 speed=277.7s/s elapsed=1454s eta=5212s
[CKPT] batch_200 epoch=6 step=600
[TRAIN] epoch=6 batch=100/110 loss=0.0000 lr=0.000300 speed=277.9s/s elapsed=1569s eta=5070s
[CKPT] epoch_end epoch=6 step=660
[EPOCH] 6/25: train_loss=0.1891 val_loss=0.1310 val_acc=0.9532 macro_f1=0.9629
[TRAIN] epoch=7 batch=50/110 loss=0.0000 lr=0.000300 speed=277.4s/s elapsed=1713s eta=4923s
[TRAIN] epoch=7 batch=100/110 loss=0.0000 lr=0.000300 speed=277.3s/s elapsed=1823s eta=4774s
[CKPT] epoch_end epoch=7 step=770
[EPOCH] 7/25: train_loss=0.1597 val_loss=0.1097 val_acc=0.9658 macro_f1=0.9709 * BEST
[CKPT] batch_200 epoch=8 step=800
[TRAIN] epoch=8 batch=50/110 loss=0.0000 lr=0.000300 speed=277.4s/s elapsed=1979s eta=4657s
[TRAIN] epoch=8 batch=100/110 loss=0.0000 lr=0.000300 speed=277.7s/s elapsed=2086s eta=4507s
[CKPT] epoch_end epoch=8 step=880
[EPOCH] 8/25: train_loss=0.1554 val_loss=0.1200 val_acc=0.9612 macro_f1=0.9608
[TRAIN] epoch=9 batch=50/110 loss=0.0000 lr=0.000300 speed=277.6s/s elapsed=2234s eta=4371s
[TRAIN] epoch=9 batch=100/110 loss=0.0000 lr=0.000300 speed=277.8s/s elapsed=2343s eta=4232s
[CKPT] epoch_end epoch=9 step=990
[EPOCH] 9/25: train_loss=0.1344 val_loss=0.0912 val_acc=0.9719 macro_f1=0.9775 * BEST
[CKPT] batch_200 epoch=10 step=1000
[TRAIN] epoch=10 batch=50/110 loss=0.0000 lr=0.000300 speed=271.3s/s elapsed=2503s eta=4116s
[TRAIN] epoch=10 batch=100/110 loss=0.0000 lr=0.000300 speed=272.8s/s elapsed=2617s eta=3986s
[CKPT] epoch_end epoch=10 step=1100
[EPOCH] 10/25: train_loss=0.1267 val_loss=0.0885 val_acc=0.9715 macro_f1=0.9727 * BEST
[TRAIN] epoch=11 batch=50/110 loss=0.0000 lr=0.000300 speed=277.8s/s elapsed=2773s eta=3858s
[TRAIN] epoch=11 batch=100/110 loss=0.0000 lr=0.000300 speed=277.7s/s elapsed=2883s eta=3723s
[CKPT] batch_200 epoch=11 step=1200
[CKPT] epoch_end epoch=11 step=1210
[EPOCH] 11/25: train_loss=0.1143 val_loss=0.0697 val_acc=0.9757 macro_f1=0.9805 * BEST
[TRAIN] epoch=12 batch=50/110 loss=0.0000 lr=0.000300 speed=277.4s/s elapsed=3035s eta=3589s
[TRAIN] epoch=12 batch=100/110 loss=0.0000 lr=0.000300 speed=270.8s/s elapsed=3148s eta=3460s
[CKPT] epoch_end epoch=12 step=1320
[EPOCH] 12/25: train_loss=0.1074 val_loss=0.0981 val_acc=0.9700 macro_f1=0.9761
[TRAIN] epoch=13 batch=50/110 loss=0.0000 lr=0.000300 speed=277.6s/s elapsed=3296s eta=3320s
[CKPT] batch_200 epoch=13 step=1400
[TRAIN] epoch=13 batch=100/110 loss=0.0000 lr=0.000300 speed=277.2s/s elapsed=3409s eta=3193s
[CKPT] epoch_end epoch=13 step=1430
[EPOCH] 13/25: train_loss=0.0997 val_loss=0.0581 val_acc=0.9798 macro_f1=0.9763 * BEST
[TRAIN] epoch=14 batch=50/110 loss=0.0000 lr=0.000300 speed=276.1s/s elapsed=3564s eta=3058s
[TRAIN] epoch=14 batch=100/110 loss=0.0000 lr=0.000300 speed=273.7s/s elapsed=3673s eta=2929s
[CKPT] epoch_end epoch=14 step=1540
[EPOCH] 14/25: train_loss=0.0955 val_loss=0.0569 val_acc=0.9821 macro_f1=0.9851 * BEST
[TRAIN] epoch=15 batch=50/110 loss=0.0000 lr=0.000300 speed=274.2s/s elapsed=3828s eta=2792s
[CKPT] batch_200 epoch=15 step=1600
[TRAIN] epoch=15 batch=100/110 loss=0.0000 lr=0.000300 speed=277.1s/s elapsed=3942s eta=2668s
[CKPT] epoch_end epoch=15 step=1650
[EPOCH] 15/25: train_loss=0.0850 val_loss=0.0560 val_acc=0.9825 macro_f1=0.9854 * BEST
[TRAIN] epoch=16 batch=50/110 loss=0.0000 lr=0.000300 speed=277.1s/s elapsed=4097s eta=2531s
[TRAIN] epoch=16 batch=100/110 loss=0.0000 lr=0.000300 speed=277.7s/s elapsed=4204s eta=2402s
[CKPT] epoch_end epoch=16 step=1760
[EPOCH] 16/25: train_loss=0.0815 val_loss=0.0684 val_acc=0.9791 macro_f1=0.9810
[CKPT] batch_200 epoch=17 step=1800
[TRAIN] epoch=17 batch=50/110 loss=0.0000 lr=0.000300 speed=277.5s/s elapsed=4353s eta=2261s
[TRAIN] epoch=17 batch=100/110 loss=0.0000 lr=0.000300 speed=277.5s/s elapsed=4462s eta=2135s
[CKPT] epoch_end epoch=17 step=1870
[EPOCH] 17/25: train_loss=0.0767 val_loss=0.0653 val_acc=0.9810 macro_f1=0.9845
[TRAIN] epoch=18 batch=50/110 loss=0.0000 lr=0.000300 speed=277.4s/s elapsed=4612s eta=1994s
[TRAIN] epoch=18 batch=100/110 loss=0.0000 lr=0.000300 speed=277.5s/s elapsed=4722s eta=1870s
[CKPT] epoch_end epoch=18 step=1980
[EPOCH] 18/25: train_loss=0.0759 val_loss=0.0541 val_acc=0.9836 macro_f1=0.9860 * BEST
[CKPT] batch_200 epoch=19 step=2000
[TRAIN] epoch=19 batch=50/110 loss=0.0000 lr=0.000300 speed=269.2s/s elapsed=4881s eta=1731s
[TRAIN] epoch=19 batch=100/110 loss=0.0000 lr=0.000300 speed=271.7s/s elapsed=4998s eta=1610s
[CKPT] epoch_end epoch=19 step=2090
[EPOCH] 19/25: train_loss=0.0701 val_loss=0.0424 val_acc=0.9874 macro_f1=0.9891 * BEST
[TRAIN] epoch=20 batch=50/110 loss=0.0000 lr=0.000300 speed=271.6s/s elapsed=5157s eta=1470s
[TRAIN] epoch=20 batch=100/110 loss=0.0000 lr=0.000300 speed=270.9s/s elapsed=5270s eta=1348s
[CKPT] batch_200 epoch=20 step=2200
[CKPT] epoch_end epoch=20 step=2200
[EPOCH] 20/25: train_loss=0.0663 val_loss=0.0437 val_acc=0.9863 macro_f1=0.9885
[TRAIN] epoch=21 batch=50/110 loss=0.0000 lr=0.000300 speed=273.1s/s elapsed=5420s eta=1205s
[TRAIN] epoch=21 batch=100/110 loss=0.0000 lr=0.000300 speed=272.3s/s elapsed=5533s eta=1083s
[CKPT] epoch_end epoch=21 step=2310
[EPOCH] 21/25: train_loss=0.0600 val_loss=0.0396 val_acc=0.9874 macro_f1=0.9886 * BEST
[TRAIN] epoch=22 batch=50/110 loss=0.0000 lr=0.000300 speed=277.6s/s elapsed=5689s eta=940s
[CKPT] batch_200 epoch=22 step=2400
[TRAIN] epoch=22 batch=100/110 loss=0.0000 lr=0.000300 speed=276.6s/s elapsed=5798s eta=818s
[CKPT] epoch_end epoch=22 step=2420
[EPOCH] 22/25: train_loss=0.0632 val_loss=0.0468 val_acc=0.9874 macro_f1=0.9893
[TRAIN] epoch=23 batch=50/110 loss=0.0000 lr=0.000300 speed=277.2s/s elapsed=5942s eta=674s
[TRAIN] epoch=23 batch=100/110 loss=0.0000 lr=0.000300 speed=277.7s/s elapsed=6053s eta=552s
[CKPT] epoch_end epoch=23 step=2530
[EPOCH] 23/25: train_loss=0.0615 val_loss=0.0366 val_acc=0.9890 macro_f1=0.9904 * BEST
[TRAIN] epoch=24 batch=50/110 loss=0.0000 lr=0.000300 speed=277.6s/s elapsed=6210s eta=409s
[CKPT] batch_200 epoch=24 step=2600
[TRAIN] epoch=24 batch=100/110 loss=0.0000 lr=0.000300 speed=277.5s/s elapsed=6323s eta=289s
[CKPT] epoch_end epoch=24 step=2640
[EPOCH] 24/25: train_loss=0.0540 val_loss=0.0608 val_acc=0.9810 macro_f1=0.9843
[TRAIN] epoch=25 batch=50/110 loss=0.0000 lr=0.000300 speed=268.9s/s elapsed=6472s eta=144s
[TRAIN] epoch=25 batch=100/110 loss=0.0000 lr=0.000300 speed=277.5s/s elapsed=6580s eta=24s
[CKPT] epoch_end epoch=25 step=2750
[EPOCH] 25/25: train_loss=0.0554 val_loss=0.0384 val_acc=0.9871 macro_f1=0.9830
[TRAIN] Complete. elapsed=6613.9s stopped_early=False
