[CELL_CAPTURE] cell=Cell 6: Training
run_id=tomato_fruit_2026-05-14_12-00-16
started_at=2026-05-14T12:00:44.817306+00:00
finished_at=2026-05-14T12:07:32.978169+00:00
duration_sec=408.161

[TRAIN] epochs=30 device=cuda batch_interval=12
[TRAIN] epoch=1 batch=12/35 loss=0.0000 lr=0.000060 speed=252.0s/s elapsed=8s eta=702s
[TRAIN] epoch=1 batch=24/35 loss=0.0000 lr=0.000060 speed=252.3s/s elapsed=11s eta=482s
[CKPT] epoch_end epoch=1 step=35
[EPOCH] 1/30: train_loss=1.9650 val_loss=1.9087 val_acc=0.2773 macro_f1=0.0709 * BEST
[TRAIN] epoch=2 batch=12/35 loss=0.0000 lr=0.000060 speed=252.8s/s elapsed=27s eta=573s
[TRAIN] epoch=2 batch=24/35 loss=0.0000 lr=0.000060 speed=251.8s/s elapsed=30s eta=504s
[CKPT] epoch_end epoch=2 step=70
[EPOCH] 2/30: train_loss=1.9143 val_loss=1.8458 val_acc=0.3277 macro_f1=0.1635 * BEST
[TRAIN] epoch=3 batch=12/35 loss=0.0000 lr=0.000059 speed=252.7s/s elapsed=44s eta=524s
[TRAIN] epoch=3 batch=24/35 loss=0.0000 lr=0.000059 speed=253.3s/s elapsed=48s eta=483s
[CKPT] epoch_end epoch=3 step=105
[EPOCH] 3/30: train_loss=1.8345 val_loss=1.7142 val_acc=0.4034 macro_f1=0.1856 * BEST
[TRAIN] epoch=4 batch=12/35 loss=0.0000 lr=0.000058 speed=254.0s/s elapsed=61s eta=486s
[TRAIN] epoch=4 batch=24/35 loss=0.0000 lr=0.000058 speed=251.8s/s elapsed=64s eta=458s
[CKPT] epoch_end epoch=4 step=140
[EPOCH] 4/30: train_loss=1.7547 val_loss=1.6116 val_acc=0.4034 macro_f1=0.2454 * BEST
[TRAIN] epoch=5 batch=12/35 loss=0.0000 lr=0.000057 speed=249.6s/s elapsed=77s eta=454s
[TRAIN] epoch=5 batch=24/35 loss=0.0000 lr=0.000057 speed=253.2s/s elapsed=80s eta=433s
[CKPT] epoch_end epoch=5 step=175
[EPOCH] 5/30: train_loss=1.6309 val_loss=1.2648 val_acc=0.5714 macro_f1=0.3617 * BEST
[TRAIN] epoch=6 batch=12/35 loss=0.0000 lr=0.000056 speed=252.0s/s elapsed=93s eta=429s
[TRAIN] epoch=6 batch=24/35 loss=0.0000 lr=0.000055 speed=253.0s/s elapsed=96s eta=411s
[CKPT] epoch_end epoch=6 step=210
[EPOCH] 6/30: train_loss=1.5334 val_loss=1.0069 val_acc=0.6471 macro_f1=0.4400 * BEST
[TRAIN] epoch=7 batch=12/35 loss=0.0000 lr=0.000054 speed=252.5s/s elapsed=110s eta=410s
[TRAIN] epoch=7 batch=24/35 loss=0.0000 lr=0.000053 speed=251.3s/s elapsed=113s eta=394s
[CKPT] epoch_end epoch=7 step=245
[EPOCH] 7/30: train_loss=1.4913 val_loss=0.8029 val_acc=0.7227 macro_f1=0.5888 * BEST
[CKPT] batch_250 epoch=8 step=250
[TRAIN] epoch=8 batch=12/35 loss=0.0000 lr=0.000052 speed=252.7s/s elapsed=128s eta=394s
[TRAIN] epoch=8 batch=24/35 loss=0.0000 lr=0.000051 speed=250.0s/s elapsed=131s eta=380s
[CKPT] epoch_end epoch=8 step=280
[EPOCH] 8/30: train_loss=1.4408 val_loss=0.6915 val_acc=0.7395 macro_f1=0.5923 * BEST
[TRAIN] epoch=9 batch=12/35 loss=0.0000 lr=0.000049 speed=252.3s/s elapsed=144s eta=374s
[TRAIN] epoch=9 batch=24/35 loss=0.0000 lr=0.000049 speed=252.7s/s elapsed=147s eta=361s
[CKPT] epoch_end epoch=9 step=315
[EPOCH] 9/30: train_loss=1.4145 val_loss=0.5852 val_acc=0.8319 macro_f1=0.7210 * BEST
[TRAIN] epoch=10 batch=12/35 loss=0.0000 lr=0.000047 speed=253.1s/s elapsed=161s eta=355s
[TRAIN] epoch=10 batch=24/35 loss=0.0000 lr=0.000046 speed=253.6s/s elapsed=164s eta=344s
[EPOCH] 10/30: train_loss=1.4400 val_loss=0.6228 val_acc=0.7647 macro_f1=0.6617
[TRAIN] epoch=11 batch=12/35 loss=0.0000 lr=0.000044 speed=253.3s/s elapsed=175s eta=332s
[TRAIN] epoch=11 batch=24/35 loss=0.0000 lr=0.000043 speed=253.7s/s elapsed=178s eta=321s
[CKPT] epoch_end epoch=11 step=385
[EPOCH] 11/30: train_loss=1.4040 val_loss=0.5116 val_acc=0.8487 macro_f1=0.7464 * BEST
[TRAIN] epoch=12 batch=12/35 loss=0.0000 lr=0.000042 speed=252.6s/s elapsed=191s eta=314s
[TRAIN] epoch=12 batch=24/35 loss=0.0000 lr=0.000041 speed=253.2s/s elapsed=194s eta=304s
[EPOCH] 12/30: train_loss=1.3789 val_loss=0.5218 val_acc=0.8655 macro_f1=0.7852
[TRAIN] epoch=13 batch=12/35 loss=0.0000 lr=0.000039 speed=252.7s/s elapsed=204s eta=291s
[TRAIN] epoch=13 batch=24/35 loss=0.0000 lr=0.000038 speed=252.6s/s elapsed=207s eta=282s
[CKPT] epoch_end epoch=13 step=455
[EPOCH] 13/30: train_loss=1.3739 val_loss=0.4349 val_acc=0.8571 macro_f1=0.7731 * BEST
[TRAIN] epoch=14 batch=12/35 loss=0.0000 lr=0.000036 speed=253.5s/s elapsed=220s eta=274s
[TRAIN] epoch=14 batch=24/35 loss=0.0000 lr=0.000035 speed=253.0s/s elapsed=223s eta=266s
[EPOCH] 14/30: train_loss=1.3598 val_loss=0.4671 val_acc=0.8655 macro_f1=0.7945
[CKPT] batch_250 epoch=15 step=500
[TRAIN] epoch=15 batch=12/35 loss=0.0000 lr=0.000033 speed=252.6s/s elapsed=234s eta=255s
[TRAIN] epoch=15 batch=24/35 loss=0.0000 lr=0.000031 speed=252.9s/s elapsed=237s eta=247s
[CKPT] epoch_end epoch=15 step=525
[EPOCH] 15/30: train_loss=1.3536 val_loss=0.4251 val_acc=0.8655 macro_f1=0.7862 * BEST
[TRAIN] epoch=16 batch=12/35 loss=0.0000 lr=0.000029 speed=253.2s/s elapsed=250s eta=239s
[TRAIN] epoch=16 batch=24/35 loss=0.0000 lr=0.000028 speed=253.1s/s elapsed=253s eta=231s
[CKPT] epoch_end epoch=16 step=560
[EPOCH] 16/30: train_loss=1.3500 val_loss=0.4014 val_acc=0.8571 macro_f1=0.7450 * BEST
[TRAIN] epoch=17 batch=12/35 loss=0.0000 lr=0.000026 speed=251.4s/s elapsed=266s eta=222s
[TRAIN] epoch=17 batch=24/35 loss=0.0000 lr=0.000025 speed=253.3s/s elapsed=269s eta=215s
[CKPT] epoch_end epoch=17 step=595
[EPOCH] 17/30: train_loss=1.3471 val_loss=0.3972 val_acc=0.8655 macro_f1=0.7961 * BEST
[TRAIN] epoch=18 batch=12/35 loss=0.0000 lr=0.000023 speed=253.2s/s elapsed=282s eta=206s
[TRAIN] epoch=18 batch=24/35 loss=0.0000 lr=0.000022 speed=251.9s/s elapsed=285s eta=198s
[CKPT] epoch_end epoch=18 step=630
[EPOCH] 18/30: train_loss=1.3296 val_loss=0.3779 val_acc=0.8824 macro_f1=0.8255 * BEST
[TRAIN] epoch=19 batch=12/35 loss=0.0000 lr=0.000020 speed=252.8s/s elapsed=298s eta=189s
[TRAIN] epoch=19 batch=24/35 loss=0.0000 lr=0.000019 speed=253.4s/s elapsed=301s eta=182s
[CKPT] epoch_end epoch=19 step=665
[EPOCH] 19/30: train_loss=1.3245 val_loss=0.3736 val_acc=0.8824 macro_f1=0.8255 * BEST
[TRAIN] epoch=20 batch=12/35 loss=0.0000 lr=0.000018 speed=251.8s/s elapsed=317s eta=175s
[TRAIN] epoch=20 batch=24/35 loss=0.0000 lr=0.000017 speed=252.7s/s elapsed=320s eta=168s
[CKPT] epoch_end epoch=20 step=700
[EPOCH] 20/30: train_loss=1.3305 val_loss=0.3460 val_acc=0.8908 macro_f1=0.8413 * BEST
[TRAIN] epoch=21 batch=12/35 loss=0.0000 lr=0.000015 speed=252.5s/s elapsed=332s eta=158s
[TRAIN] epoch=21 batch=24/35 loss=0.0000 lr=0.000014 speed=252.8s/s elapsed=336s eta=151s
[EPOCH] 21/30: train_loss=1.3216 val_loss=0.3676 val_acc=0.8739 macro_f1=0.8071
[TRAIN] epoch=22 batch=12/35 loss=0.0000 lr=0.000012 speed=253.1s/s elapsed=345s eta=140s
[CKPT] batch_250 epoch=22 step=750
[TRAIN] epoch=22 batch=24/35 loss=0.0000 lr=0.000011 speed=252.4s/s elapsed=350s eta=134s
[EPOCH] 22/30: train_loss=1.3255 val_loss=0.3657 val_acc=0.8824 macro_f1=0.8255
[TRAIN] epoch=23 batch=12/35 loss=0.0000 lr=0.000010 speed=252.1s/s elapsed=360s eta=123s
[TRAIN] epoch=23 batch=24/35 loss=0.0000 lr=0.000009 speed=252.2s/s elapsed=363s eta=117s
[EPOCH] 23/30: train_loss=1.3150 val_loss=0.3898 val_acc=0.8739 macro_f1=0.8071
[TRAIN] epoch=24 batch=12/35 loss=0.0000 lr=0.000008 speed=251.6s/s elapsed=372s eta=106s
[TRAIN] epoch=24 batch=24/35 loss=0.0000 lr=0.000007 speed=252.8s/s elapsed=376s eta=100s
[EPOCH] 24/30: train_loss=1.3220 val_loss=0.3629 val_acc=0.8908 macro_f1=0.8416
[TRAIN] epoch=25 batch=12/35 loss=0.0000 lr=0.000006 speed=252.5s/s elapsed=385s eta=90s
[TRAIN] epoch=25 batch=24/35 loss=0.0000 lr=0.000005 speed=253.1s/s elapsed=388s eta=84s
[EPOCH] 25/30: train_loss=1.3160 val_loss=0.3738 val_acc=0.8908 macro_f1=0.8416
[TRAIN] epoch=26 batch=12/35 loss=0.0000 lr=0.000004 speed=252.0s/s elapsed=399s eta=73s
[TRAIN] epoch=26 batch=24/35 loss=0.0000 lr=0.000004 speed=253.4s/s elapsed=402s eta=67s
[EPOCH] 26/30: train_loss=1.3215 val_loss=0.3862 val_acc=0.8992 macro_f1=0.8559
[TRAIN] Complete. elapsed=408.0s stopped_early=True stopped_by_user=False cycles=1
