[CELL_CAPTURE] cell=Cell 6: Training
run_id=tomato_unspecified_2026-05-05_16-25-08
started_at=2026-05-05T16:25:47.247746+00:00
finished_at=2026-05-05T16:29:22.213330+00:00
duration_sec=214.966

[TRAIN] epochs=32 device=cuda batch_interval=12
[TRAIN] epoch=1 batch=12/15 loss=0.0000 lr=0.000100 speed=245.3s/s elapsed=5s eta=210s
[CKPT] epoch_end epoch=1 step=15
[EPOCH] 1/32: train_loss=1.6309 val_loss=1.6910 val_acc=0.0517 macro_f1=0.0197 * BEST
[TRAIN] epoch=2 batch=12/15 loss=0.0000 lr=0.000099 speed=246.7s/s elapsed=15s eta=246s
[CKPT] epoch_end epoch=2 step=30
[EPOCH] 2/32: train_loss=1.6060 val_loss=1.6870 val_acc=0.1437 macro_f1=0.0584 * BEST
[TRAIN] epoch=3 batch=12/15 loss=0.0000 lr=0.000098 speed=246.8s/s elapsed=22s eta=235s
[CKPT] epoch_end epoch=3 step=45
[EPOCH] 3/32: train_loss=1.6025 val_loss=1.4647 val_acc=0.4023 macro_f1=0.2066 * BEST
[TRAIN] epoch=4 batch=12/15 loss=0.0000 lr=0.000097 speed=245.6s/s elapsed=30s eta=219s
[CKPT] epoch_end epoch=4 step=60
[EPOCH] 4/32: train_loss=1.5849 val_loss=1.4168 val_acc=0.5402 macro_f1=0.3573 * BEST
[TRAIN] epoch=5 batch=12/15 loss=0.0000 lr=0.000095 speed=247.4s/s elapsed=39s eta=218s
[CKPT] epoch_end epoch=5 step=75
[EPOCH] 5/32: train_loss=1.4482 val_loss=1.2355 val_acc=0.4425 macro_f1=0.3213 * BEST
[TRAIN] epoch=6 batch=12/15 loss=0.0000 lr=0.000092 speed=246.9s/s elapsed=46s eta=207s
[CKPT] epoch_end epoch=6 step=90
[EPOCH] 6/32: train_loss=1.3393 val_loss=0.9737 val_acc=0.6839 macro_f1=0.6088 * BEST
[TRAIN] epoch=7 batch=12/15 loss=0.0000 lr=0.000089 speed=243.9s/s elapsed=53s eta=197s
[CKPT] epoch_end epoch=7 step=105
[EPOCH] 7/32: train_loss=1.2481 val_loss=0.7686 val_acc=0.7126 macro_f1=0.5940 * BEST
[TRAIN] epoch=8 batch=12/15 loss=0.0000 lr=0.000086 speed=248.3s/s elapsed=61s eta=188s
[CKPT] epoch_end epoch=8 step=120
[EPOCH] 8/32: train_loss=1.1607 val_loss=0.6685 val_acc=0.7874 macro_f1=0.7294 * BEST
[TRAIN] epoch=9 batch=12/15 loss=0.0000 lr=0.000083 speed=246.0s/s elapsed=68s eta=179s
[CKPT] epoch_end epoch=9 step=135
[EPOCH] 9/32: train_loss=1.1168 val_loss=0.6374 val_acc=0.7931 macro_f1=0.7309 * BEST
[TRAIN] epoch=10 batch=12/15 loss=0.0000 lr=0.000079 speed=246.0s/s elapsed=75s eta=170s
[EPOCH] 10/32: train_loss=1.0839 val_loss=0.6666 val_acc=0.7471 macro_f1=0.6851
[TRAIN] epoch=11 batch=12/15 loss=0.0000 lr=0.000075 speed=245.5s/s elapsed=81s eta=158s
[CKPT] epoch_end epoch=11 step=165
[EPOCH] 11/32: train_loss=1.0822 val_loss=0.5673 val_acc=0.8046 macro_f1=0.7565 * BEST
[TRAIN] epoch=12 batch=12/15 loss=0.0000 lr=0.000070 speed=245.5s/s elapsed=88s eta=150s
[CKPT] epoch_end epoch=12 step=180
[EPOCH] 12/32: train_loss=1.0446 val_loss=0.4732 val_acc=0.8506 macro_f1=0.8082 * BEST
[TRAIN] epoch=13 batch=12/15 loss=0.0000 lr=0.000066 speed=243.1s/s elapsed=95s eta=142s
[EPOCH] 13/32: train_loss=1.0179 val_loss=0.5973 val_acc=0.8161 macro_f1=0.7752
[TRAIN] epoch=14 batch=12/15 loss=0.0000 lr=0.000061 speed=246.6s/s elapsed=99s eta=131s
[CKPT] epoch_end epoch=14 step=210
[EPOCH] 14/32: train_loss=1.0015 val_loss=0.4004 val_acc=0.8908 macro_f1=0.8666 * BEST
[TRAIN] epoch=15 batch=12/15 loss=0.0000 lr=0.000056 speed=246.0s/s elapsed=107s eta=124s
[EPOCH] 15/32: train_loss=0.9945 val_loss=0.4177 val_acc=0.8966 macro_f1=0.8821
[TRAIN] epoch=16 batch=12/15 loss=0.0000 lr=0.000051 speed=246.4s/s elapsed=112s eta=115s
[CKPT] epoch_end epoch=16 step=240
[EPOCH] 16/32: train_loss=0.9924 val_loss=0.3765 val_acc=0.8793 macro_f1=0.8428 * BEST
[CKPT] batch_250 epoch=17 step=250
[TRAIN] epoch=17 batch=12/15 loss=0.0000 lr=0.000047 speed=246.8s/s elapsed=121s eta=110s
[CKPT] epoch_end epoch=17 step=255
[EPOCH] 17/32: train_loss=0.9988 val_loss=0.3740 val_acc=0.8678 macro_f1=0.8351 * BEST
[TRAIN] epoch=18 batch=12/15 loss=0.0000 lr=0.000042 speed=246.6s/s elapsed=132s eta=105s
[EPOCH] 18/32: train_loss=0.9786 val_loss=0.4134 val_acc=0.8678 macro_f1=0.8308
[TRAIN] epoch=19 batch=12/15 loss=0.0000 lr=0.000037 speed=244.6s/s elapsed=136s eta=96s
[CKPT] epoch_end epoch=19 step=285
[EPOCH] 19/32: train_loss=0.9627 val_loss=0.3691 val_acc=0.8966 macro_f1=0.8901 * BEST
[TRAIN] epoch=20 batch=12/15 loss=0.0000 lr=0.000032 speed=244.8s/s elapsed=144s eta=88s
[EPOCH] 20/32: train_loss=0.9642 val_loss=0.3830 val_acc=0.8736 macro_f1=0.8348
[TRAIN] epoch=21 batch=12/15 loss=0.0000 lr=0.000028 speed=243.5s/s elapsed=149s eta=80s
[CKPT] epoch_end epoch=21 step=315
[EPOCH] 21/32: train_loss=0.9658 val_loss=0.3423 val_acc=0.9080 macro_f1=0.8899 * BEST
[TRAIN] epoch=22 batch=12/15 loss=0.0000 lr=0.000024 speed=247.1s/s elapsed=156s eta=73s
[CKPT] epoch_end epoch=22 step=330
[EPOCH] 22/32: train_loss=0.9521 val_loss=0.3214 val_acc=0.8966 macro_f1=0.8696 * BEST
[TRAIN] epoch=23 batch=12/15 loss=0.0000 lr=0.000020 speed=246.2s/s elapsed=163s eta=66s
[EPOCH] 23/32: train_loss=0.9522 val_loss=0.3445 val_acc=0.8908 macro_f1=0.8614
[TRAIN] epoch=24 batch=12/15 loss=0.0000 lr=0.000016 speed=246.1s/s elapsed=168s eta=58s
[EPOCH] 24/32: train_loss=0.9387 val_loss=0.3340 val_acc=0.8908 macro_f1=0.8646
[TRAIN] epoch=25 batch=12/15 loss=0.0000 lr=0.000013 speed=245.1s/s elapsed=172s eta=50s
[EPOCH] 25/32: train_loss=0.9466 val_loss=0.3417 val_acc=0.8966 macro_f1=0.8664
[TRAIN] epoch=26 batch=12/15 loss=0.0000 lr=0.000010 speed=246.9s/s elapsed=177s eta=43s
[CKPT] epoch_end epoch=26 step=390
[EPOCH] 26/32: train_loss=0.9355 val_loss=0.3108 val_acc=0.8966 macro_f1=0.8710 * BEST
[TRAIN] epoch=27 batch=12/15 loss=0.0000 lr=0.000007 speed=244.7s/s elapsed=184s eta=36s
[CKPT] epoch_end epoch=27 step=405
[EPOCH] 27/32: train_loss=0.9421 val_loss=0.3031 val_acc=0.8966 macro_f1=0.8710 * BEST
[TRAIN] epoch=28 batch=12/15 loss=0.0000 lr=0.000005 speed=244.5s/s elapsed=192s eta=29s
[EPOCH] 28/32: train_loss=0.9323 val_loss=0.3166 val_acc=0.9023 macro_f1=0.8729
[TRAIN] epoch=29 batch=12/15 loss=0.0000 lr=0.000003 speed=245.0s/s elapsed=196s eta=22s
[EPOCH] 29/32: train_loss=0.9475 val_loss=0.3130 val_acc=0.9023 macro_f1=0.8759
[TRAIN] epoch=30 batch=12/15 loss=0.0000 lr=0.000002 speed=246.0s/s elapsed=201s eta=15s
[EPOCH] 30/32: train_loss=0.9383 val_loss=0.3176 val_acc=0.9023 macro_f1=0.8759
[TRAIN] epoch=31 batch=12/15 loss=0.0000 lr=0.000001 speed=245.2s/s elapsed=206s eta=8s
[EPOCH] 31/32: train_loss=0.9425 val_loss=0.3218 val_acc=0.9023 macro_f1=0.8781
[TRAIN] epoch=32 batch=12/15 loss=0.0000 lr=0.000001 speed=244.3s/s elapsed=211s eta=1s
[CKPT] epoch_end epoch=32 step=480
[EPOCH] 32/32: train_loss=0.9422 val_loss=0.3191 val_acc=0.9023 macro_f1=0.8759
[TRAIN] Complete. elapsed=214.9s stopped_early=False stopped_by_user=False cycles=1
