[CELL_CAPTURE] cell=Cell 6: Training
run_id=tomato_fruit_2026-05-25_17-31-02
started_at=2026-05-25T17:31:21.222945+00:00
finished_at=2026-05-25T17:40:03.602594+00:00
duration_sec=522.380

[TRAIN] epochs=30 device=cuda batch_interval=12
[TRAIN] epoch=1 batch=12/35 loss=0.0000 lr=0.000060 speed=243.3s/s elapsed=11s eta=921s
[TRAIN] epoch=1 batch=24/35 loss=0.0000 lr=0.000060 speed=253.5s/s elapsed=14s eta=591s
[CKPT] epoch_end epoch=1 step=35
[EPOCH] 1/30: train_loss=1.9632 val_loss=1.9133 val_acc=0.2773 macro_f1=0.0720 * BEST
[TRAIN] epoch=2 batch=12/35 loss=0.0000 lr=0.000060 speed=197.8s/s elapsed=33s eta=696s
[TRAIN] epoch=2 batch=24/35 loss=0.0000 lr=0.000060 speed=253.8s/s elapsed=36s eta=602s
[CKPT] epoch_end epoch=2 step=70
[EPOCH] 2/30: train_loss=1.9066 val_loss=1.8335 val_acc=0.3277 macro_f1=0.1470 * BEST
[TRAIN] epoch=3 batch=12/35 loss=0.0000 lr=0.000059 speed=178.6s/s elapsed=53s eta=628s
[TRAIN] epoch=3 batch=24/35 loss=0.0000 lr=0.000059 speed=253.7s/s elapsed=56s eta=573s
[CKPT] epoch_end epoch=3 step=105
[EPOCH] 3/30: train_loss=1.8234 val_loss=1.7422 val_acc=0.4202 macro_f1=0.2320 * BEST
[TRAIN] epoch=4 batch=12/35 loss=0.0000 lr=0.000058 speed=242.9s/s elapsed=72s eta=576s
[TRAIN] epoch=4 batch=24/35 loss=0.0000 lr=0.000058 speed=253.7s/s elapsed=75s eta=538s
[CKPT] epoch_end epoch=4 step=140
[EPOCH] 4/30: train_loss=1.7511 val_loss=1.5812 val_acc=0.4286 macro_f1=0.2441 * BEST
[TRAIN] epoch=5 batch=12/35 loss=0.0000 lr=0.000057 speed=211.7s/s elapsed=91s eta=538s
[TRAIN] epoch=5 batch=24/35 loss=0.0000 lr=0.000057 speed=251.3s/s elapsed=94s eta=509s
[CKPT] epoch_end epoch=5 step=175
[EPOCH] 5/30: train_loss=1.6370 val_loss=1.1862 val_acc=0.5882 macro_f1=0.3336 * BEST
[TRAIN] epoch=6 batch=12/35 loss=0.0000 lr=0.000056 speed=198.8s/s elapsed=109s eta=504s
[TRAIN] epoch=6 batch=24/35 loss=0.0000 lr=0.000055 speed=251.7s/s elapsed=113s eta=482s
[CKPT] epoch_end epoch=6 step=210
[EPOCH] 6/30: train_loss=1.5354 val_loss=0.8742 val_acc=0.6807 macro_f1=0.4886 * BEST
[TRAIN] epoch=7 batch=12/35 loss=0.0000 lr=0.000054 speed=222.9s/s elapsed=128s eta=476s
[TRAIN] epoch=7 batch=24/35 loss=0.0000 lr=0.000053 speed=254.0s/s elapsed=131s eta=457s
[CKPT] epoch_end epoch=7 step=245
[EPOCH] 7/30: train_loss=1.4699 val_loss=0.7836 val_acc=0.7311 macro_f1=0.6190 * BEST
[CKPT] batch_250 epoch=8 step=250
[TRAIN] epoch=8 batch=12/35 loss=0.0000 lr=0.000052 speed=252.4s/s elapsed=149s eta=459s
[TRAIN] epoch=8 batch=24/35 loss=0.0000 lr=0.000051 speed=253.4s/s elapsed=152s eta=441s
[CKPT] epoch_end epoch=8 step=280
[EPOCH] 8/30: train_loss=1.4269 val_loss=0.5447 val_acc=0.8235 macro_f1=0.7568 * BEST
[TRAIN] epoch=9 batch=12/35 loss=0.0000 lr=0.000049 speed=220.6s/s elapsed=168s eta=435s
[TRAIN] epoch=9 batch=24/35 loss=0.0000 lr=0.000049 speed=253.7s/s elapsed=171s eta=419s
[CKPT] epoch_end epoch=9 step=315
[EPOCH] 9/30: train_loss=1.3994 val_loss=0.5261 val_acc=0.8571 macro_f1=0.7829 * BEST
[TRAIN] epoch=10 batch=12/35 loss=0.0000 lr=0.000047 speed=216.3s/s elapsed=185s eta=409s
[TRAIN] epoch=10 batch=24/35 loss=0.0000 lr=0.000046 speed=253.7s/s elapsed=188s eta=395s
[CKPT] epoch_end epoch=10 step=350
[EPOCH] 10/30: train_loss=1.3848 val_loss=0.4029 val_acc=0.8824 macro_f1=0.8260 * BEST
[TRAIN] epoch=11 batch=12/35 loss=0.0000 lr=0.000044 speed=247.7s/s elapsed=204s eta=388s
[TRAIN] epoch=11 batch=24/35 loss=0.0000 lr=0.000043 speed=253.2s/s elapsed=207s eta=375s
[EPOCH] 11/30: train_loss=1.4024 val_loss=0.5495 val_acc=0.8487 macro_f1=0.8169
[TRAIN] epoch=12 batch=12/35 loss=0.0000 lr=0.000042 speed=239.9s/s elapsed=220s eta=361s
[TRAIN] epoch=12 batch=24/35 loss=0.0000 lr=0.000041 speed=254.1s/s elapsed=223s eta=349s
[EPOCH] 12/30: train_loss=1.3687 val_loss=0.4759 val_acc=0.8655 macro_f1=0.8067
[TRAIN] epoch=13 batch=12/35 loss=0.0000 lr=0.000039 speed=253.3s/s elapsed=235s eta=336s
[TRAIN] epoch=13 batch=24/35 loss=0.0000 lr=0.000038 speed=254.3s/s elapsed=238s eta=325s
[EPOCH] 13/30: train_loss=1.3621 val_loss=0.4726 val_acc=0.8571 macro_f1=0.7717
[TRAIN] epoch=14 batch=12/35 loss=0.0000 lr=0.000036 speed=253.3s/s elapsed=251s eta=313s
[TRAIN] epoch=14 batch=24/35 loss=0.0000 lr=0.000035 speed=253.6s/s elapsed=254s eta=302s
[EPOCH] 14/30: train_loss=1.3554 val_loss=0.4367 val_acc=0.8739 macro_f1=0.8205
[CKPT] batch_250 epoch=15 step=500
[TRAIN] epoch=15 batch=12/35 loss=0.0000 lr=0.000033 speed=253.6s/s elapsed=268s eta=292s
[TRAIN] epoch=15 batch=24/35 loss=0.0000 lr=0.000031 speed=254.1s/s elapsed=271s eta=282s
[CKPT] epoch_end epoch=15 step=525
[EPOCH] 15/30: train_loss=1.3409 val_loss=0.3852 val_acc=0.8908 macro_f1=0.8189 * BEST
[TRAIN] epoch=16 batch=12/35 loss=0.0000 lr=0.000029 speed=225.5s/s elapsed=286s eta=274s
[TRAIN] epoch=16 batch=24/35 loss=0.0000 lr=0.000028 speed=253.8s/s elapsed=290s eta=264s
[CKPT] epoch_end epoch=16 step=560
[EPOCH] 16/30: train_loss=1.3367 val_loss=0.3809 val_acc=0.8824 macro_f1=0.7979 * BEST
[TRAIN] epoch=17 batch=12/35 loss=0.0000 lr=0.000026 speed=208.7s/s elapsed=305s eta=255s
[TRAIN] epoch=17 batch=24/35 loss=0.0000 lr=0.000025 speed=250.9s/s elapsed=308s eta=246s
[CKPT] epoch_end epoch=17 step=595
[EPOCH] 17/30: train_loss=1.3347 val_loss=0.3696 val_acc=0.8824 macro_f1=0.8178 * BEST
[TRAIN] epoch=18 batch=12/35 loss=0.0000 lr=0.000023 speed=254.1s/s elapsed=325s eta=237s
[TRAIN] epoch=18 batch=24/35 loss=0.0000 lr=0.000022 speed=253.9s/s elapsed=328s eta=228s
[CKPT] epoch_end epoch=18 step=630
[EPOCH] 18/30: train_loss=1.3217 val_loss=0.3648 val_acc=0.8992 macro_f1=0.8514 * BEST
[TRAIN] epoch=19 batch=12/35 loss=0.0000 lr=0.000020 speed=235.7s/s elapsed=342s eta=217s
[TRAIN] epoch=19 batch=24/35 loss=0.0000 lr=0.000019 speed=255.1s/s elapsed=345s eta=209s
[CKPT] epoch_end epoch=19 step=665
[EPOCH] 19/30: train_loss=1.3189 val_loss=0.3631 val_acc=0.8992 macro_f1=0.8472 * BEST
[TRAIN] epoch=20 batch=12/35 loss=0.0000 lr=0.000018 speed=254.9s/s elapsed=359s eta=198s
[TRAIN] epoch=20 batch=24/35 loss=0.0000 lr=0.000017 speed=256.0s/s elapsed=362s eta=190s
[CKPT] epoch_end epoch=20 step=700
[EPOCH] 20/30: train_loss=1.3224 val_loss=0.3518 val_acc=0.9076 macro_f1=0.8656 * BEST
[TRAIN] epoch=21 batch=12/35 loss=0.0000 lr=0.000015 speed=254.3s/s elapsed=376s eta=179s
[TRAIN] epoch=21 batch=24/35 loss=0.0000 lr=0.000014 speed=255.9s/s elapsed=379s eta=171s
[EPOCH] 21/30: train_loss=1.3170 val_loss=0.3543 val_acc=0.8908 macro_f1=0.8357
[TRAIN] epoch=22 batch=12/35 loss=0.0000 lr=0.000012 speed=255.9s/s elapsed=390s eta=158s
[CKPT] batch_250 epoch=22 step=750
[TRAIN] epoch=22 batch=24/35 loss=0.0000 lr=0.000011 speed=252.9s/s elapsed=395s eta=152s
[EPOCH] 22/30: train_loss=1.3142 val_loss=0.3518 val_acc=0.8908 macro_f1=0.8457
[TRAIN] epoch=23 batch=12/35 loss=0.0000 lr=0.000010 speed=219.3s/s elapsed=406s eta=139s
[TRAIN] epoch=23 batch=24/35 loss=0.0000 lr=0.000009 speed=254.7s/s elapsed=409s eta=132s
[EPOCH] 23/30: train_loss=1.3099 val_loss=0.3834 val_acc=0.8824 macro_f1=0.8269
[TRAIN] epoch=24 batch=12/35 loss=0.0000 lr=0.000008 speed=181.1s/s elapsed=420s eta=120s
[TRAIN] epoch=24 batch=24/35 loss=0.0000 lr=0.000007 speed=256.3s/s elapsed=423s eta=113s
[EPOCH] 24/30: train_loss=1.3145 val_loss=0.3546 val_acc=0.8824 macro_f1=0.8296
[TRAIN] epoch=25 batch=12/35 loss=0.0000 lr=0.000006 speed=253.8s/s elapsed=434s eta=101s
[TRAIN] epoch=25 batch=24/35 loss=0.0000 lr=0.000005 speed=255.5s/s elapsed=437s eta=94s
[CKPT] epoch_end epoch=25 step=875
[EPOCH] 25/30: train_loss=1.3059 val_loss=0.3358 val_acc=0.8992 macro_f1=0.8514 * BEST
[TRAIN] epoch=26 batch=12/35 loss=0.0000 lr=0.000004 speed=248.8s/s elapsed=451s eta=83s
[TRAIN] epoch=26 batch=24/35 loss=0.0000 lr=0.000004 speed=254.5s/s elapsed=455s eta=76s
[EPOCH] 26/30: train_loss=1.3129 val_loss=0.3606 val_acc=0.9160 macro_f1=0.8785
[TRAIN] epoch=27 batch=12/35 loss=0.0000 lr=0.000003 speed=241.6s/s elapsed=466s eta=65s
[TRAIN] epoch=27 batch=24/35 loss=0.0000 lr=0.000003 speed=255.9s/s elapsed=469s eta=58s
[EPOCH] 27/30: train_loss=1.3068 val_loss=0.3522 val_acc=0.9076 macro_f1=0.8657
[TRAIN] epoch=28 batch=12/35 loss=0.0000 lr=0.000002 speed=255.1s/s elapsed=480s eta=47s
[TRAIN] epoch=28 batch=24/35 loss=0.0000 lr=0.000002 speed=255.8s/s elapsed=483s eta=40s
[EPOCH] 28/30: train_loss=1.3085 val_loss=0.3579 val_acc=0.9076 macro_f1=0.8657
[TRAIN] epoch=29 batch=12/35 loss=0.0000 lr=0.000001 speed=255.0s/s elapsed=494s eta=29s
[CKPT] batch_250 epoch=29 step=1000
[TRAIN] epoch=29 batch=24/35 loss=0.0000 lr=0.000001 speed=253.7s/s elapsed=499s eta=23s
[EPOCH] 29/30: train_loss=1.3088 val_loss=0.3584 val_acc=0.8992 macro_f1=0.8519
[TRAIN] epoch=30 batch=12/35 loss=0.0000 lr=0.000001 speed=253.3s/s elapsed=510s eta=11s
[TRAIN] epoch=30 batch=24/35 loss=0.0000 lr=0.000001 speed=255.9s/s elapsed=513s eta=5s
[CKPT] epoch_end epoch=30 step=1050
[EPOCH] 30/30: train_loss=1.3029 val_loss=0.3520 val_acc=0.8992 macro_f1=0.8519
[TRAIN] Complete. elapsed=522.0s stopped_early=False stopped_by_user=False cycles=1
