[CELL_CAPTURE] cell=Cell 6: Training
run_id=tomato_leaf_2026-05-24_14-53-08
started_at=2026-05-24T14:53:42.756855+00:00
finished_at=2026-05-24T15:04:43.232011+00:00
duration_sec=660.475

[TRAIN] epochs=24 device=cuda batch_interval=12
[TRAIN] epoch=1 batch=12/58 loss=0.0000 lr=0.000110 speed=130.5s/s elapsed=11s eta=1243s
[TRAIN] epoch=1 batch=24/58 loss=0.0000 lr=0.000110 speed=261.7s/s elapsed=15s eta=863s
[TRAIN] epoch=1 batch=36/58 loss=0.0000 lr=0.000110 speed=262.2s/s elapsed=19s eta=726s
[TRAIN] epoch=1 batch=48/58 loss=0.0000 lr=0.000110 speed=261.9s/s elapsed=23s eta=656s
[CKPT] epoch_end epoch=1 step=58
[EPOCH] 1/24: train_loss=2.2988 val_loss=2.2724 val_acc=0.1686 macro_f1=0.0865 * BEST
[TRAIN] epoch=2 batch=12/58 loss=0.0000 lr=0.000109 speed=196.0s/s elapsed=46s eta=863s
[TRAIN] epoch=2 batch=24/58 loss=0.0000 lr=0.000109 speed=261.6s/s elapsed=50s eta=800s
[TRAIN] epoch=2 batch=36/58 loss=0.0000 lr=0.000109 speed=261.2s/s elapsed=54s eta=749s
[TRAIN] epoch=2 batch=48/58 loss=0.0000 lr=0.000108 speed=261.9s/s elapsed=58s eta=708s
[CKPT] epoch_end epoch=2 step=116
[EPOCH] 2/24: train_loss=2.0604 val_loss=1.6284 val_acc=0.4885 macro_f1=0.4841 * BEST
[TRAIN] epoch=3 batch=12/58 loss=0.0000 lr=0.000108 speed=243.9s/s elapsed=78s eta=774s
[TRAIN] epoch=3 batch=24/58 loss=0.0000 lr=0.000107 speed=261.4s/s elapsed=83s eta=739s
[TRAIN] epoch=3 batch=36/58 loss=0.0000 lr=0.000107 speed=261.8s/s elapsed=87s eta=708s
[TRAIN] epoch=3 batch=48/58 loss=0.0000 lr=0.000106 speed=262.0s/s elapsed=91s eta=681s
[CKPT] epoch_end epoch=3 step=174
[EPOCH] 3/24: train_loss=1.8307 val_loss=1.0023 val_acc=0.6931 macro_f1=0.6988 * BEST
[TRAIN] epoch=4 batch=12/58 loss=0.0000 lr=0.000105 speed=223.6s/s elapsed=110s eta=713s
[TRAIN] epoch=4 batch=24/58 loss=0.0000 lr=0.000105 speed=262.0s/s elapsed=114s eta=689s
[TRAIN] epoch=4 batch=36/58 loss=0.0000 lr=0.000104 speed=261.6s/s elapsed=118s eta=666s
[TRAIN] epoch=4 batch=48/58 loss=0.0000 lr=0.000103 speed=260.6s/s elapsed=122s eta=645s
[CKPT] epoch_end epoch=4 step=232
[EPOCH] 4/24: train_loss=1.7464 val_loss=0.8715 val_acc=0.7414 macro_f1=0.7386 * BEST
[TRAIN] epoch=5 batch=12/58 loss=0.0000 lr=0.000102 speed=258.1s/s elapsed=142s eta=667s
[CKPT] batch_250 epoch=5 step=250
[TRAIN] epoch=5 batch=24/58 loss=0.0000 lr=0.000101 speed=260.8s/s elapsed=148s eta=655s
[TRAIN] epoch=5 batch=36/58 loss=0.0000 lr=0.000100 speed=261.7s/s elapsed=152s eta=636s
[TRAIN] epoch=5 batch=48/58 loss=0.0000 lr=0.000099 speed=261.6s/s elapsed=156s eta=619s
[CKPT] epoch_end epoch=5 step=290
[EPOCH] 5/24: train_loss=1.6973 val_loss=0.7264 val_acc=0.8036 macro_f1=0.7978 * BEST
[TRAIN] epoch=6 batch=12/58 loss=0.0000 lr=0.000098 speed=237.3s/s elapsed=176s eta=636s
[TRAIN] epoch=6 batch=24/58 loss=0.0000 lr=0.000097 speed=262.0s/s elapsed=180s eta=620s
[TRAIN] epoch=6 batch=36/58 loss=0.0000 lr=0.000096 speed=262.1s/s elapsed=185s eta=604s
[TRAIN] epoch=6 batch=48/58 loss=0.0000 lr=0.000095 speed=261.6s/s elapsed=189s eta=589s
[CKPT] epoch_end epoch=6 step=348
[EPOCH] 6/24: train_loss=1.6953 val_loss=0.6459 val_acc=0.8175 macro_f1=0.8179 * BEST
[TRAIN] epoch=7 batch=12/58 loss=0.0000 lr=0.000093 speed=235.5s/s elapsed=207s eta=594s
[TRAIN] epoch=7 batch=24/58 loss=0.0000 lr=0.000092 speed=261.3s/s elapsed=212s eta=580s
[TRAIN] epoch=7 batch=36/58 loss=0.0000 lr=0.000091 speed=261.7s/s elapsed=216s eta=566s
[TRAIN] epoch=7 batch=48/58 loss=0.0000 lr=0.000090 speed=260.2s/s elapsed=220s eta=553s
[CKPT] epoch_end epoch=7 step=406
[EPOCH] 7/24: train_loss=1.6650 val_loss=0.5877 val_acc=0.8396 macro_f1=0.8363 * BEST
[TRAIN] epoch=8 batch=12/58 loss=0.0000 lr=0.000087 speed=258.8s/s elapsed=239s eta=557s
[TRAIN] epoch=8 batch=24/58 loss=0.0000 lr=0.000086 speed=261.9s/s elapsed=243s eta=544s
[TRAIN] epoch=8 batch=36/58 loss=0.0000 lr=0.000085 speed=261.2s/s elapsed=247s eta=532s
[TRAIN] epoch=8 batch=48/58 loss=0.0000 lr=0.000084 speed=261.1s/s elapsed=252s eta=520s
[CKPT] epoch_end epoch=8 step=464
[EPOCH] 8/24: train_loss=1.6487 val_loss=0.5069 val_acc=0.8617 macro_f1=0.8617 * BEST
[TRAIN] epoch=9 batch=12/58 loss=0.0000 lr=0.000081 speed=258.8s/s elapsed=271s eta=522s
[TRAIN] epoch=9 batch=24/58 loss=0.0000 lr=0.000080 speed=261.1s/s elapsed=275s eta=510s
[TRAIN] epoch=9 batch=36/58 loss=0.0000 lr=0.000079 speed=261.3s/s elapsed=280s eta=499s
[CKPT] batch_250 epoch=9 step=500
[TRAIN] epoch=9 batch=48/58 loss=0.0000 lr=0.000077 speed=260.6s/s elapsed=286s eta=491s
[CKPT] epoch_end epoch=9 step=522
[EPOCH] 9/24: train_loss=1.6319 val_loss=0.5052 val_acc=0.8666 macro_f1=0.8692 * BEST
[TRAIN] epoch=10 batch=12/58 loss=0.0000 lr=0.000075 speed=238.8s/s elapsed=304s eta=488s
[TRAIN] epoch=10 batch=24/58 loss=0.0000 lr=0.000074 speed=261.2s/s elapsed=308s eta=478s
[TRAIN] epoch=10 batch=36/58 loss=0.0000 lr=0.000072 speed=261.1s/s elapsed=312s eta=467s
[TRAIN] epoch=10 batch=48/58 loss=0.0000 lr=0.000071 speed=261.1s/s elapsed=317s eta=457s
[CKPT] epoch_end epoch=10 step=580
[EPOCH] 10/24: train_loss=1.6202 val_loss=0.4885 val_acc=0.8822 macro_f1=0.8821 * BEST
[TRAIN] epoch=11 batch=12/58 loss=0.0000 lr=0.000068 speed=259.2s/s elapsed=336s eta=454s
[TRAIN] epoch=11 batch=24/58 loss=0.0000 lr=0.000067 speed=261.4s/s elapsed=340s eta=443s
[TRAIN] epoch=11 batch=36/58 loss=0.0000 lr=0.000065 speed=261.0s/s elapsed=344s eta=433s
[TRAIN] epoch=11 batch=48/58 loss=0.0000 lr=0.000064 speed=261.4s/s elapsed=348s eta=423s
[CKPT] epoch_end epoch=11 step=638
[EPOCH] 11/24: train_loss=1.6157 val_loss=0.4301 val_acc=0.8838 macro_f1=0.8831 * BEST
[TRAIN] epoch=12 batch=12/58 loss=0.0000 lr=0.000061 speed=256.9s/s elapsed=367s eta=419s
[TRAIN] epoch=12 batch=24/58 loss=0.0000 lr=0.000060 speed=261.5s/s elapsed=372s eta=410s
[TRAIN] epoch=12 batch=36/58 loss=0.0000 lr=0.000058 speed=261.3s/s elapsed=376s eta=400s
[TRAIN] epoch=12 batch=48/58 loss=0.0000 lr=0.000057 speed=261.2s/s elapsed=380s eta=391s
[EPOCH] 12/24: train_loss=1.6127 val_loss=0.4610 val_acc=0.8912 macro_f1=0.8912
[TRAIN] epoch=13 batch=12/58 loss=0.0000 lr=0.000054 speed=261.2s/s elapsed=396s eta=383s
[TRAIN] epoch=13 batch=24/58 loss=0.0000 lr=0.000053 speed=261.0s/s elapsed=400s eta=373s
[TRAIN] epoch=13 batch=36/58 loss=0.0000 lr=0.000051 speed=261.5s/s elapsed=404s eta=365s
[TRAIN] epoch=13 batch=48/58 loss=0.0000 lr=0.000050 speed=261.2s/s elapsed=408s eta=356s
[CKPT] batch_250 epoch=13 step=750
[CKPT] epoch_end epoch=13 step=754
[EPOCH] 13/24: train_loss=1.6066 val_loss=0.4287 val_acc=0.8887 macro_f1=0.8888 * BEST
[TRAIN] epoch=14 batch=12/58 loss=0.0000 lr=0.000047 speed=261.2s/s elapsed=429s eta=351s
[TRAIN] epoch=14 batch=24/58 loss=0.0000 lr=0.000045 speed=261.1s/s elapsed=433s eta=342s
[TRAIN] epoch=14 batch=36/58 loss=0.0000 lr=0.000044 speed=261.8s/s elapsed=438s eta=333s
[TRAIN] epoch=14 batch=48/58 loss=0.0000 lr=0.000043 speed=261.5s/s elapsed=442s eta=325s
[CKPT] epoch_end epoch=14 step=812
[EPOCH] 14/24: train_loss=1.6021 val_loss=0.4258 val_acc=0.8961 macro_f1=0.8970 * BEST
[TRAIN] epoch=15 batch=12/58 loss=0.0000 lr=0.000040 speed=261.6s/s elapsed=463s eta=319s
[TRAIN] epoch=15 batch=24/58 loss=0.0000 lr=0.000039 speed=261.3s/s elapsed=467s eta=311s
[TRAIN] epoch=15 batch=36/58 loss=0.0000 lr=0.000037 speed=262.1s/s elapsed=472s eta=303s
[TRAIN] epoch=15 batch=48/58 loss=0.0000 lr=0.000036 speed=261.9s/s elapsed=476s eta=294s
[CKPT] epoch_end epoch=15 step=870
[EPOCH] 15/24: train_loss=1.5947 val_loss=0.4001 val_acc=0.8936 macro_f1=0.8922 * BEST
[TRAIN] epoch=16 batch=12/58 loss=0.0000 lr=0.000033 speed=261.7s/s elapsed=495s eta=286s
[TRAIN] epoch=16 batch=24/58 loss=0.0000 lr=0.000032 speed=261.9s/s elapsed=499s eta=278s
[TRAIN] epoch=16 batch=36/58 loss=0.0000 lr=0.000031 speed=261.5s/s elapsed=503s eta=270s
[TRAIN] epoch=16 batch=48/58 loss=0.0000 lr=0.000029 speed=261.2s/s elapsed=507s eta=262s
[EPOCH] 16/24: train_loss=1.5943 val_loss=0.4195 val_acc=0.9018 macro_f1=0.9020
[TRAIN] epoch=17 batch=12/58 loss=0.0000 lr=0.000027 speed=261.5s/s elapsed=523s eta=252s
[TRAIN] epoch=17 batch=24/58 loss=0.0000 lr=0.000026 speed=261.8s/s elapsed=528s eta=244s
[TRAIN] epoch=17 batch=36/58 loss=0.0000 lr=0.000025 speed=261.2s/s elapsed=532s eta=236s
[TRAIN] epoch=17 batch=48/58 loss=0.0000 lr=0.000023 speed=261.7s/s elapsed=536s eta=228s
[EPOCH] 17/24: train_loss=1.5907 val_loss=0.4153 val_acc=0.9002 macro_f1=0.9017
[TRAIN] epoch=18 batch=12/58 loss=0.0000 lr=0.000021 speed=261.7s/s elapsed=552s eta=218s
[CKPT] batch_250 epoch=18 step=1000
[TRAIN] epoch=18 batch=24/58 loss=0.0000 lr=0.000020 speed=261.7s/s elapsed=558s eta=211s
[TRAIN] epoch=18 batch=36/58 loss=0.0000 lr=0.000019 speed=261.7s/s elapsed=563s eta=204s
[TRAIN] epoch=18 batch=48/58 loss=0.0000 lr=0.000018 speed=260.9s/s elapsed=567s eta=196s
[EPOCH] 18/24: train_loss=1.5899 val_loss=0.4054 val_acc=0.9018 macro_f1=0.9025
[TRAIN] epoch=19 batch=12/58 loss=0.0000 lr=0.000016 speed=261.0s/s elapsed=582s eta=185s
[TRAIN] epoch=19 batch=24/58 loss=0.0000 lr=0.000015 speed=261.8s/s elapsed=586s eta=178s
[TRAIN] epoch=19 batch=36/58 loss=0.0000 lr=0.000014 speed=261.9s/s elapsed=590s eta=171s
[TRAIN] epoch=19 batch=48/58 loss=0.0000 lr=0.000013 speed=260.3s/s elapsed=594s eta=163s
[EPOCH] 19/24: train_loss=1.5909 val_loss=0.4004 val_acc=0.9051 macro_f1=0.9058
[TRAIN] epoch=20 batch=12/58 loss=0.0000 lr=0.000011 speed=260.8s/s elapsed=611s eta=152s
[TRAIN] epoch=20 batch=24/58 loss=0.0000 lr=0.000011 speed=261.2s/s elapsed=615s eta=145s
[TRAIN] epoch=20 batch=36/58 loss=0.0000 lr=0.000010 speed=260.6s/s elapsed=619s eta=138s
[TRAIN] epoch=20 batch=48/58 loss=0.0000 lr=0.000009 speed=260.6s/s elapsed=623s eta=131s
[EPOCH] 20/24: train_loss=1.5871 val_loss=0.4107 val_acc=0.9034 macro_f1=0.9040
[TRAIN] epoch=21 batch=12/58 loss=0.0000 lr=0.000008 speed=259.2s/s elapsed=640s eta=120s
[TRAIN] epoch=21 batch=24/58 loss=0.0000 lr=0.000007 speed=260.3s/s elapsed=644s eta=113s
[TRAIN] epoch=21 batch=36/58 loss=0.0000 lr=0.000006 speed=260.6s/s elapsed=648s eta=106s
[TRAIN] epoch=21 batch=48/58 loss=0.0000 lr=0.000006 speed=260.7s/s elapsed=652s eta=99s
[EPOCH] 21/24: train_loss=1.5889 val_loss=0.4003 val_acc=0.9083 macro_f1=0.9093
[TRAIN] Complete. elapsed=660.2s stopped_early=True stopped_by_user=False cycles=1
