[CELL_CAPTURE] cell=Cell 6: Training
run_id=apricot_leaf_2026-05-24_14-15-18
started_at=2026-05-24T14:15:53.830462+00:00
finished_at=2026-05-24T14:21:06.156895+00:00
duration_sec=312.326

[TRAIN] epochs=38 device=cuda batch_interval=12
[CKPT] epoch_end epoch=1 step=9
[EPOCH] 1/38: train_loss=1.1099 val_loss=1.0684 val_acc=0.3933 macro_f1=0.1882 * BEST
[CKPT] epoch_end epoch=2 step=18
[EPOCH] 2/38: train_loss=1.0908 val_loss=1.0441 val_acc=0.3533 macro_f1=0.2167 * BEST
[CKPT] epoch_end epoch=3 step=27
[EPOCH] 3/38: train_loss=1.0783 val_loss=1.0414 val_acc=0.4533 macro_f1=0.3700 * BEST
[CKPT] epoch_end epoch=4 step=36
[EPOCH] 4/38: train_loss=1.0593 val_loss=0.9875 val_acc=0.4933 macro_f1=0.4262 * BEST
[CKPT] epoch_end epoch=5 step=45
[EPOCH] 5/38: train_loss=0.9566 val_loss=0.9416 val_acc=0.5133 macro_f1=0.4823 * BEST
[CKPT] epoch_end epoch=6 step=54
[EPOCH] 6/38: train_loss=0.8721 val_loss=0.8070 val_acc=0.5667 macro_f1=0.5301 * BEST
[EPOCH] 7/38: train_loss=0.8473 val_loss=0.8908 val_acc=0.5800 macro_f1=0.5603
[EPOCH] 8/38: train_loss=0.7873 val_loss=0.8310 val_acc=0.6667 macro_f1=0.6641
[CKPT] epoch_end epoch=9 step=81
[EPOCH] 9/38: train_loss=0.7462 val_loss=0.7589 val_acc=0.7133 macro_f1=0.7130 * BEST
[EPOCH] 10/38: train_loss=0.7057 val_loss=0.7790 val_acc=0.7200 macro_f1=0.7195
[CKPT] epoch_end epoch=11 step=99
[EPOCH] 11/38: train_loss=0.6833 val_loss=0.7425 val_acc=0.7400 macro_f1=0.7392 * BEST
[CKPT] epoch_end epoch=12 step=108
[EPOCH] 12/38: train_loss=0.6812 val_loss=0.6849 val_acc=0.7867 macro_f1=0.7798 * BEST
[CKPT] epoch_end epoch=13 step=117
[EPOCH] 13/38: train_loss=0.6763 val_loss=0.6338 val_acc=0.8000 macro_f1=0.7973 * BEST
[EPOCH] 14/38: train_loss=0.6438 val_loss=0.6840 val_acc=0.7733 macro_f1=0.7736
[CKPT] epoch_end epoch=15 step=135
[EPOCH] 15/38: train_loss=0.6272 val_loss=0.6313 val_acc=0.8333 macro_f1=0.8289 * BEST
[CKPT] epoch_end epoch=16 step=144
[EPOCH] 16/38: train_loss=0.6460 val_loss=0.6136 val_acc=0.8400 macro_f1=0.8359 * BEST
[CKPT] epoch_end epoch=17 step=153
[EPOCH] 17/38: train_loss=0.6411 val_loss=0.5859 val_acc=0.8400 macro_f1=0.8357 * BEST
[CKPT] epoch_end epoch=18 step=162
[EPOCH] 18/38: train_loss=0.6253 val_loss=0.5675 val_acc=0.8467 macro_f1=0.8420 * BEST
[CKPT] epoch_end epoch=19 step=171
[EPOCH] 19/38: train_loss=0.6064 val_loss=0.5432 val_acc=0.8333 macro_f1=0.8302 * BEST
[EPOCH] 20/38: train_loss=0.6223 val_loss=0.5512 val_acc=0.8467 macro_f1=0.8423
[CKPT] epoch_end epoch=21 step=189
[EPOCH] 21/38: train_loss=0.6102 val_loss=0.5066 val_acc=0.8467 macro_f1=0.8423 * BEST
[CKPT] epoch_end epoch=22 step=198
[EPOCH] 22/38: train_loss=0.6036 val_loss=0.4921 val_acc=0.8467 macro_f1=0.8423 * BEST
[EPOCH] 23/38: train_loss=0.6077 val_loss=0.5064 val_acc=0.8467 macro_f1=0.8423
[EPOCH] 24/38: train_loss=0.5941 val_loss=0.4959 val_acc=0.8467 macro_f1=0.8427
[CKPT] epoch_end epoch=25 step=225
[EPOCH] 25/38: train_loss=0.6050 val_loss=0.4912 val_acc=0.8533 macro_f1=0.8502 * BEST
[EPOCH] 26/38: train_loss=0.6059 val_loss=0.4915 val_acc=0.8467 macro_f1=0.8432
[CKPT] epoch_end epoch=27 step=243
[EPOCH] 27/38: train_loss=0.5978 val_loss=0.4843 val_acc=0.8467 macro_f1=0.8432 * BEST
[CKPT] batch_250 epoch=28 step=250
[CKPT] epoch_end epoch=28 step=252
[EPOCH] 28/38: train_loss=0.5991 val_loss=0.4806 val_acc=0.8533 macro_f1=0.8502 * BEST
[CKPT] epoch_end epoch=29 step=261
[EPOCH] 29/38: train_loss=0.6049 val_loss=0.4783 val_acc=0.8533 macro_f1=0.8502 * BEST
[CKPT] epoch_end epoch=30 step=270
[EPOCH] 30/38: train_loss=0.5975 val_loss=0.4771 val_acc=0.8533 macro_f1=0.8502 * BEST
[EPOCH] 31/38: train_loss=0.6016 val_loss=0.4783 val_acc=0.8533 macro_f1=0.8510
[CKPT] epoch_end epoch=32 step=288
[EPOCH] 32/38: train_loss=0.5998 val_loss=0.4753 val_acc=0.8533 macro_f1=0.8510 * BEST
[CKPT] epoch_end epoch=33 step=297
[EPOCH] 33/38: train_loss=0.6185 val_loss=0.4720 val_acc=0.8600 macro_f1=0.8573 * BEST
[CKPT] epoch_end epoch=34 step=306
[EPOCH] 34/38: train_loss=0.5799 val_loss=0.4659 val_acc=0.8533 macro_f1=0.8510 * BEST
[CKPT] epoch_end epoch=35 step=315
[EPOCH] 35/38: train_loss=0.5870 val_loss=0.4631 val_acc=0.8533 macro_f1=0.8510 * BEST
[CKPT] epoch_end epoch=36 step=324
[EPOCH] 36/38: train_loss=0.6178 val_loss=0.4615 val_acc=0.8533 macro_f1=0.8510 * BEST
[EPOCH] 37/38: train_loss=0.5981 val_loss=0.4617 val_acc=0.8533 macro_f1=0.8510
[CKPT] epoch_end epoch=38 step=342
[EPOCH] 38/38: train_loss=0.6182 val_loss=0.4620 val_acc=0.8533 macro_f1=0.8510
[TRAIN] Complete. elapsed=312.2s stopped_early=False stopped_by_user=False cycles=1

[STDERR]
/usr/local/lib/python3.12/dist-packages/torch/_inductor/lowering.py:7627: UserWarning: 
Online softmax is disabled on the fly since Inductor decides to
split the reduction. Cut an issue to PyTorch if this is an
important use case and you want to speed it up with online
softmax.

  warnings.warn(
/usr/local/lib/python3.12/dist-packages/torch/_inductor/lowering.py:7627: UserWarning: 
Online softmax is disabled on the fly since Inductor decides to
split the reduction. Cut an issue to PyTorch if this is an
important use case and you want to speed it up with online
softmax.

  warnings.warn(
