[CELL_CAPTURE] cell=Cell 6: Training
run_id=grape_leaf_2026-05-24_14-41-21
started_at=2026-05-24T14:41:38.250647+00:00
finished_at=2026-05-24T14:46:43.630373+00:00
duration_sec=305.380

[TRAIN] epochs=30 device=cuda batch_interval=12
[TRAIN] epoch=1 batch=12/21 loss=0.0000 lr=0.000100 speed=245.8s/s elapsed=6s eta=297s
[CKPT] epoch_end epoch=1 step=21
[EPOCH] 1/30: train_loss=1.9850 val_loss=1.8853 val_acc=0.1821 macro_f1=0.0691 * BEST
[TRAIN] epoch=2 batch=12/21 loss=0.0000 lr=0.000099 speed=246.3s/s elapsed=20s eta=356s
[EPOCH] 2/30: train_loss=1.9375 val_loss=1.9300 val_acc=0.1080 macro_f1=0.0681
[TRAIN] epoch=3 batch=12/21 loss=0.0000 lr=0.000098 speed=245.5s/s elapsed=28s eta=294s
[CKPT] epoch_end epoch=3 step=63
[EPOCH] 3/30: train_loss=1.9154 val_loss=1.8761 val_acc=0.2623 macro_f1=0.2164 * BEST
[TRAIN] epoch=4 batch=12/21 loss=0.0000 lr=0.000097 speed=246.6s/s elapsed=39s eta=290s
[CKPT] epoch_end epoch=4 step=84
[EPOCH] 4/30: train_loss=1.7760 val_loss=1.4527 val_acc=0.4321 macro_f1=0.3818 * BEST
[TRAIN] epoch=5 batch=12/21 loss=0.0000 lr=0.000094 speed=243.1s/s elapsed=51s eta=285s
[CKPT] epoch_end epoch=5 step=105
[EPOCH] 5/30: train_loss=1.6613 val_loss=1.2365 val_acc=0.4969 macro_f1=0.4537 * BEST
[TRAIN] epoch=6 batch=12/21 loss=0.0000 lr=0.000092 speed=246.3s/s elapsed=62s eta=271s
[CKPT] epoch_end epoch=6 step=126
[EPOCH] 6/30: train_loss=1.5731 val_loss=1.0592 val_acc=0.6173 macro_f1=0.5922 * BEST
[TRAIN] epoch=7 batch=12/21 loss=0.0000 lr=0.000089 speed=246.0s/s elapsed=73s eta=261s
[CKPT] epoch_end epoch=7 step=147
[EPOCH] 7/30: train_loss=1.5335 val_loss=0.9577 val_acc=0.6481 macro_f1=0.6247 * BEST
[TRAIN] epoch=8 batch=12/21 loss=0.0000 lr=0.000085 speed=245.7s/s elapsed=84s eta=250s
[CKPT] epoch_end epoch=8 step=168
[EPOCH] 8/30: train_loss=1.4741 val_loss=0.9046 val_acc=0.7191 macro_f1=0.6877 * BEST
[TRAIN] epoch=9 batch=12/21 loss=0.0000 lr=0.000081 speed=244.4s/s elapsed=96s eta=240s
[CKPT] epoch_end epoch=9 step=189
[EPOCH] 9/30: train_loss=1.4683 val_loss=0.8087 val_acc=0.7562 macro_f1=0.7215 * BEST
[TRAIN] epoch=10 batch=12/21 loss=0.0000 lr=0.000077 speed=245.0s/s elapsed=107s eta=228s
[CKPT] epoch_end epoch=10 step=210
[EPOCH] 10/30: train_loss=1.4413 val_loss=0.7659 val_acc=0.7654 macro_f1=0.7370 * BEST
[TRAIN] epoch=11 batch=12/21 loss=0.0000 lr=0.000073 speed=245.7s/s elapsed=117s eta=216s
[CKPT] epoch_end epoch=11 step=231
[EPOCH] 11/30: train_loss=1.4162 val_loss=0.6955 val_acc=0.7840 macro_f1=0.7546 * BEST
[TRAIN] epoch=12 batch=12/21 loss=0.0000 lr=0.000068 speed=244.0s/s elapsed=128s eta=204s
[CKPT] batch_250 epoch=12 step=250
[EPOCH] 12/30: train_loss=1.3957 val_loss=0.7431 val_acc=0.7747 macro_f1=0.7483
[TRAIN] epoch=13 batch=12/21 loss=0.0000 lr=0.000063 speed=244.4s/s elapsed=138s eta=191s
[EPOCH] 13/30: train_loss=1.3972 val_loss=0.7401 val_acc=0.7623 macro_f1=0.7397
[TRAIN] epoch=14 batch=12/21 loss=0.0000 lr=0.000058 speed=245.8s/s elapsed=146s eta=176s
[CKPT] epoch_end epoch=14 step=294
[EPOCH] 14/30: train_loss=1.3836 val_loss=0.6286 val_acc=0.8179 macro_f1=0.7905 * BEST
[TRAIN] epoch=15 batch=12/21 loss=0.0000 lr=0.000053 speed=246.7s/s elapsed=156s eta=166s
[CKPT] epoch_end epoch=15 step=315
[EPOCH] 15/30: train_loss=1.3864 val_loss=0.5968 val_acc=0.8056 macro_f1=0.7738 * BEST
[TRAIN] epoch=16 batch=12/21 loss=0.0000 lr=0.000048 speed=245.1s/s elapsed=167s eta=155s
[EPOCH] 16/30: train_loss=1.3771 val_loss=0.6104 val_acc=0.8148 macro_f1=0.7857
[TRAIN] epoch=17 batch=12/21 loss=0.0000 lr=0.000042 speed=246.1s/s elapsed=175s eta=142s
[CKPT] epoch_end epoch=17 step=357
[EPOCH] 17/30: train_loss=1.3674 val_loss=0.5565 val_acc=0.8148 macro_f1=0.7846 * BEST
[TRAIN] epoch=18 batch=12/21 loss=0.0000 lr=0.000037 speed=246.7s/s elapsed=186s eta=131s
[CKPT] epoch_end epoch=18 step=378
[EPOCH] 18/30: train_loss=1.3589 val_loss=0.5394 val_acc=0.8549 macro_f1=0.8284 * BEST
[TRAIN] epoch=19 batch=12/21 loss=0.0000 lr=0.000032 speed=245.5s/s elapsed=196s eta=121s
[EPOCH] 19/30: train_loss=1.3543 val_loss=0.5439 val_acc=0.8364 macro_f1=0.8094
[TRAIN] epoch=20 batch=12/21 loss=0.0000 lr=0.000028 speed=246.4s/s elapsed=204s eta=109s
[EPOCH] 20/30: train_loss=1.3448 val_loss=0.5746 val_acc=0.8210 macro_f1=0.7947
[TRAIN] epoch=21 batch=12/21 loss=0.0000 lr=0.000023 speed=245.8s/s elapsed=213s eta=98s
[EPOCH] 21/30: train_loss=1.3456 val_loss=0.5585 val_acc=0.8241 macro_f1=0.7940
[TRAIN] epoch=22 batch=12/21 loss=0.0000 lr=0.000019 speed=246.6s/s elapsed=221s eta=86s
[CKPT] epoch_end epoch=22 step=462
[EPOCH] 22/30: train_loss=1.3509 val_loss=0.5282 val_acc=0.8457 macro_f1=0.8179 * BEST
[TRAIN] epoch=23 batch=12/21 loss=0.0000 lr=0.000015 speed=245.0s/s elapsed=231s eta=76s
[EPOCH] 23/30: train_loss=1.3445 val_loss=0.5605 val_acc=0.8241 macro_f1=0.7959
[TRAIN] epoch=24 batch=12/21 loss=0.0000 lr=0.000012 speed=245.2s/s elapsed=239s eta=65s
[CKPT] batch_250 epoch=24 step=500
[CKPT] epoch_end epoch=24 step=504
[EPOCH] 24/30: train_loss=1.3471 val_loss=0.5229 val_acc=0.8395 macro_f1=0.8105 * BEST
[TRAIN] epoch=25 batch=12/21 loss=0.0000 lr=0.000009 speed=243.1s/s elapsed=251s eta=56s
[CKPT] epoch_end epoch=25 step=525
[EPOCH] 25/30: train_loss=1.3351 val_loss=0.5226 val_acc=0.8272 macro_f1=0.7969 * BEST
[TRAIN] epoch=26 batch=12/21 loss=0.0000 lr=0.000006 speed=244.3s/s elapsed=262s eta=45s
[EPOCH] 26/30: train_loss=1.3444 val_loss=0.5293 val_acc=0.8272 macro_f1=0.7987
[TRAIN] epoch=27 batch=12/21 loss=0.0000 lr=0.000004 speed=246.4s/s elapsed=270s eta=35s
[EPOCH] 27/30: train_loss=1.3353 val_loss=0.5250 val_acc=0.8364 macro_f1=0.8084
[TRAIN] epoch=28 batch=12/21 loss=0.0000 lr=0.000003 speed=245.8s/s elapsed=277s eta=24s
[CKPT] epoch_end epoch=28 step=588
[EPOCH] 28/30: train_loss=1.3384 val_loss=0.5207 val_acc=0.8364 macro_f1=0.8064 * BEST
[TRAIN] epoch=29 batch=12/21 loss=0.0000 lr=0.000002 speed=245.5s/s elapsed=288s eta=14s
[CKPT] epoch_end epoch=29 step=609
[EPOCH] 29/30: train_loss=1.3398 val_loss=0.5206 val_acc=0.8364 macro_f1=0.8064 * BEST
[TRAIN] epoch=30 batch=12/21 loss=0.0000 lr=0.000001 speed=245.1s/s elapsed=298s eta=4s
[CKPT] epoch_end epoch=30 step=630
[EPOCH] 30/30: train_loss=1.3294 val_loss=0.5226 val_acc=0.8302 macro_f1=0.7999
[TRAIN] Complete. elapsed=305.1s stopped_early=False stopped_by_user=False cycles=1
