[CELL_CAPTURE] cell=Cell 6: Training
run_id=tomato_fruit_2026-05-14_09-42-13
started_at=2026-05-14T09:42:38.086364+00:00
finished_at=2026-05-14T09:47:23.572949+00:00
duration_sec=285.487

[TRAIN] epochs=30 device=cuda batch_interval=12
[TRAIN] epoch=1 batch=12/35 loss=0.0000 lr=0.000080 speed=257.0s/s elapsed=8s eta=675s
[TRAIN] epoch=1 batch=24/35 loss=0.0000 lr=0.000080 speed=256.9s/s elapsed=11s eta=465s
[CKPT] epoch_end epoch=1 step=35
[EPOCH] 1/30: train_loss=1.9622 val_loss=1.9197 val_acc=0.2773 macro_f1=0.0709 * BEST
[TRAIN] epoch=2 batch=12/35 loss=0.0000 lr=0.000080 speed=253.7s/s elapsed=26s eta=560s
[TRAIN] epoch=2 batch=24/35 loss=0.0000 lr=0.000079 speed=256.0s/s elapsed=29s eta=493s
[CKPT] epoch_end epoch=2 step=70
[EPOCH] 2/30: train_loss=1.8927 val_loss=1.8130 val_acc=0.3445 macro_f1=0.2142 * BEST
[TRAIN] epoch=3 batch=12/35 loss=0.0000 lr=0.000079 speed=255.5s/s elapsed=43s eta=508s
[TRAIN] epoch=3 batch=24/35 loss=0.0000 lr=0.000078 speed=256.3s/s elapsed=46s eta=469s
[CKPT] epoch_end epoch=3 step=105
[EPOCH] 3/30: train_loss=1.7911 val_loss=1.6272 val_acc=0.4370 macro_f1=0.2522 * BEST
[TRAIN] epoch=4 batch=12/35 loss=0.0000 lr=0.000078 speed=255.4s/s elapsed=59s eta=470s
[TRAIN] epoch=4 batch=24/35 loss=0.0000 lr=0.000077 speed=256.6s/s elapsed=62s eta=443s
[CKPT] epoch_end epoch=4 step=140
[EPOCH] 4/30: train_loss=1.6997 val_loss=1.4005 val_acc=0.4622 macro_f1=0.3127 * BEST
[TRAIN] epoch=5 batch=12/35 loss=0.0000 lr=0.000076 speed=255.8s/s elapsed=75s eta=442s
[TRAIN] epoch=5 batch=24/35 loss=0.0000 lr=0.000075 speed=256.7s/s elapsed=78s eta=421s
[CKPT] epoch_end epoch=5 step=175
[EPOCH] 5/30: train_loss=1.5410 val_loss=0.9785 val_acc=0.6555 macro_f1=0.4788 * BEST
[TRAIN] epoch=6 batch=12/35 loss=0.0000 lr=0.000074 speed=256.3s/s elapsed=91s eta=421s
[TRAIN] epoch=6 batch=24/35 loss=0.0000 lr=0.000073 speed=255.3s/s elapsed=94s eta=404s
[CKPT] epoch_end epoch=6 step=210
[EPOCH] 6/30: train_loss=1.4670 val_loss=0.7982 val_acc=0.7059 macro_f1=0.5595 * BEST
[TRAIN] epoch=7 batch=12/35 loss=0.0000 lr=0.000072 speed=254.1s/s elapsed=107s eta=400s
[TRAIN] epoch=7 batch=24/35 loss=0.0000 lr=0.000071 speed=256.7s/s elapsed=110s eta=384s
[CKPT] epoch_end epoch=7 step=245
[EPOCH] 7/30: train_loss=1.4357 val_loss=0.7644 val_acc=0.7227 macro_f1=0.5736 * BEST
[CKPT] batch_250 epoch=8 step=250
[TRAIN] epoch=8 batch=12/35 loss=0.0000 lr=0.000069 speed=255.6s/s elapsed=125s eta=385s
[TRAIN] epoch=8 batch=24/35 loss=0.0000 lr=0.000068 speed=256.5s/s elapsed=128s eta=371s
[CKPT] epoch_end epoch=8 step=280
[EPOCH] 8/30: train_loss=1.3896 val_loss=0.5440 val_acc=0.8067 macro_f1=0.6448 * BEST
[TRAIN] epoch=9 batch=12/35 loss=0.0000 lr=0.000066 speed=255.2s/s elapsed=140s eta=364s
[TRAIN] epoch=9 batch=24/35 loss=0.0000 lr=0.000065 speed=256.5s/s elapsed=143s eta=352s
[CKPT] epoch_end epoch=9 step=315
[EPOCH] 9/30: train_loss=1.3657 val_loss=0.5106 val_acc=0.8739 macro_f1=0.7804 * BEST
[TRAIN] epoch=10 batch=12/35 loss=0.0000 lr=0.000063 speed=255.2s/s elapsed=156s eta=345s
[TRAIN] epoch=10 batch=24/35 loss=0.0000 lr=0.000061 speed=256.3s/s elapsed=159s eta=333s
[CKPT] epoch_end epoch=10 step=350
[EPOCH] 10/30: train_loss=1.3541 val_loss=0.3719 val_acc=0.8908 macro_f1=0.8092 * BEST
[TRAIN] epoch=11 batch=12/35 loss=0.0000 lr=0.000059 speed=254.4s/s elapsed=171s eta=325s
[TRAIN] epoch=11 batch=24/35 loss=0.0000 lr=0.000058 speed=256.7s/s elapsed=174s eta=315s
[EPOCH] 11/30: train_loss=1.3344 val_loss=0.4002 val_acc=0.8992 macro_f1=0.8556
[TRAIN] epoch=12 batch=12/35 loss=0.0000 lr=0.000055 speed=255.0s/s elapsed=183s eta=302s
[TRAIN] epoch=12 batch=24/35 loss=0.0000 lr=0.000054 speed=256.6s/s elapsed=186s eta=292s
[EPOCH] 12/30: train_loss=1.3164 val_loss=0.4038 val_acc=0.8824 macro_f1=0.8294
[TRAIN] epoch=13 batch=12/35 loss=0.0000 lr=0.000051 speed=253.9s/s elapsed=196s eta=280s
[TRAIN] epoch=13 batch=24/35 loss=0.0000 lr=0.000050 speed=256.4s/s elapsed=199s eta=271s
[CKPT] epoch_end epoch=13 step=455
[EPOCH] 13/30: train_loss=1.3095 val_loss=0.3403 val_acc=0.8824 macro_f1=0.8173 * BEST
[TRAIN] epoch=14 batch=12/35 loss=0.0000 lr=0.000047 speed=256.7s/s elapsed=211s eta=264s
[TRAIN] epoch=14 batch=24/35 loss=0.0000 lr=0.000046 speed=256.5s/s elapsed=214s eta=256s
[EPOCH] 14/30: train_loss=1.2994 val_loss=0.4042 val_acc=0.8824 macro_f1=0.8329
[CKPT] batch_250 epoch=15 step=500
[TRAIN] epoch=15 batch=12/35 loss=0.0000 lr=0.000043 speed=255.2s/s elapsed=226s eta=246s
[TRAIN] epoch=15 batch=24/35 loss=0.0000 lr=0.000042 speed=256.6s/s elapsed=229s eta=239s
[EPOCH] 15/30: train_loss=1.2975 val_loss=0.3989 val_acc=0.8992 macro_f1=0.8518
[TRAIN] epoch=16 batch=12/35 loss=0.0000 lr=0.000039 speed=256.7s/s elapsed=239s eta=228s
[TRAIN] epoch=16 batch=24/35 loss=0.0000 lr=0.000038 speed=256.6s/s elapsed=242s eta=221s
[EPOCH] 16/30: train_loss=1.2966 val_loss=0.4199 val_acc=0.8739 macro_f1=0.8002
[TRAIN] epoch=17 batch=12/35 loss=0.0000 lr=0.000035 speed=256.7s/s elapsed=252s eta=210s
[TRAIN] epoch=17 batch=24/35 loss=0.0000 lr=0.000034 speed=256.7s/s elapsed=255s eta=203s
[EPOCH] 17/30: train_loss=1.2902 val_loss=0.3958 val_acc=0.8992 macro_f1=0.8429
[TRAIN] epoch=18 batch=12/35 loss=0.0000 lr=0.000031 speed=256.7s/s elapsed=264s eta=193s
[TRAIN] epoch=18 batch=24/35 loss=0.0000 lr=0.000030 speed=256.6s/s elapsed=267s eta=186s
[EPOCH] 18/30: train_loss=1.2796 val_loss=0.3751 val_acc=0.8908 macro_f1=0.8491
[TRAIN] epoch=19 batch=12/35 loss=0.0000 lr=0.000027 speed=255.7s/s elapsed=276s eta=176s
[TRAIN] epoch=19 batch=24/35 loss=0.0000 lr=0.000026 speed=256.5s/s elapsed=279s eta=169s
[EPOCH] 19/30: train_loss=1.2722 val_loss=0.3733 val_acc=0.9076 macro_f1=0.8590
[TRAIN] Complete. elapsed=285.3s stopped_early=True stopped_by_user=False cycles=1
