[CELL_CAPTURE] cell=Cell 6: Training
run_id=apricot_fruit_2026-05-12_17-53-16
started_at=2026-05-12T17:53:41.567067+00:00
finished_at=2026-05-12T17:58:22.343301+00:00
duration_sec=280.776

[TRAIN] epochs=34 device=cuda batch_interval=12
[TRAIN] epoch=1 batch=12/27 loss=0.0000 lr=0.000080 speed=230.1s/s elapsed=5s eta=391s
[TRAIN] epoch=1 batch=24/27 loss=0.0000 lr=0.000080 speed=229.6s/s elapsed=7s eta=259s
[CKPT] epoch_end epoch=1 step=27
[EPOCH] 1/34: train_loss=1.6254 val_loss=1.5638 val_acc=0.1571 macro_f1=0.0543 * BEST
[TRAIN] epoch=2 batch=12/27 loss=0.0000 lr=0.000080 speed=230.0s/s elapsed=15s eta=332s
[TRAIN] epoch=2 batch=24/27 loss=0.0000 lr=0.000079 speed=231.2s/s elapsed=17s eta=281s
[EPOCH] 2/34: train_loss=1.6078 val_loss=1.6513 val_acc=0.1679 macro_f1=0.0846
[TRAIN] epoch=3 batch=12/27 loss=0.0000 lr=0.000079 speed=231.8s/s elapsed=21s eta=266s
[TRAIN] epoch=3 batch=24/27 loss=0.0000 lr=0.000079 speed=231.6s/s elapsed=22s eta=240s
[CKPT] epoch_end epoch=3 step=81
[EPOCH] 3/34: train_loss=1.5961 val_loss=1.5164 val_acc=0.1250 macro_f1=0.1039 * BEST
[TRAIN] epoch=4 batch=12/27 loss=0.0000 lr=0.000078 speed=225.1s/s elapsed=31s eta=273s
[TRAIN] epoch=4 batch=24/27 loss=0.0000 lr=0.000077 speed=217.7s/s elapsed=32s eta=252s
[CKPT] epoch_end epoch=4 step=108
[EPOCH] 4/34: train_loss=1.4925 val_loss=0.9276 val_acc=0.7464 macro_f1=0.5121 * BEST
[TRAIN] epoch=5 batch=12/27 loss=0.0000 lr=0.000077 speed=231.7s/s elapsed=40s eta=269s
[TRAIN] epoch=5 batch=24/27 loss=0.0000 lr=0.000076 speed=231.0s/s elapsed=42s eta=251s
[CKPT] epoch_end epoch=5 step=135
[EPOCH] 5/34: train_loss=1.2868 val_loss=0.7452 val_acc=0.7679 macro_f1=0.5492 * BEST
[TRAIN] epoch=6 batch=12/27 loss=0.0000 lr=0.000075 speed=232.0s/s elapsed=49s eta=256s
[TRAIN] epoch=6 batch=24/27 loss=0.0000 lr=0.000074 speed=230.8s/s elapsed=51s eta=242s
[CKPT] epoch_end epoch=6 step=162
[EPOCH] 6/34: train_loss=1.1597 val_loss=0.5136 val_acc=0.8321 macro_f1=0.6067 * BEST
[TRAIN] epoch=7 batch=12/27 loss=0.0000 lr=0.000073 speed=221.8s/s elapsed=58s eta=247s
[TRAIN] epoch=7 batch=24/27 loss=0.0000 lr=0.000072 speed=223.9s/s elapsed=59s eta=234s
[CKPT] epoch_end epoch=7 step=189
[EPOCH] 7/34: train_loss=1.0756 val_loss=0.4441 val_acc=0.8464 macro_f1=0.6529 * BEST
[TRAIN] epoch=8 batch=12/27 loss=0.0000 lr=0.000071 speed=229.5s/s elapsed=66s eta=237s
[TRAIN] epoch=8 batch=24/27 loss=0.0000 lr=0.000070 speed=231.6s/s elapsed=68s eta=225s
[CKPT] epoch_end epoch=8 step=216
[EPOCH] 8/34: train_loss=1.0577 val_loss=0.3620 val_acc=0.8714 macro_f1=0.7202 * BEST
[TRAIN] epoch=9 batch=12/27 loss=0.0000 lr=0.000069 speed=219.8s/s elapsed=75s eta=227s
[TRAIN] epoch=9 batch=24/27 loss=0.0000 lr=0.000067 speed=230.6s/s elapsed=77s eta=217s
[CKPT] epoch_end epoch=9 step=243
[EPOCH] 9/34: train_loss=1.0419 val_loss=0.3409 val_acc=0.8786 macro_f1=0.7584 * BEST
[CKPT] batch_250 epoch=10 step=250
[TRAIN] epoch=10 batch=12/27 loss=0.0000 lr=0.000066 speed=231.8s/s elapsed=86s eta=224s
[TRAIN] epoch=10 batch=24/27 loss=0.0000 lr=0.000065 speed=230.0s/s elapsed=88s eta=214s
[CKPT] epoch_end epoch=10 step=270
[EPOCH] 10/34: train_loss=1.0113 val_loss=0.2986 val_acc=0.9036 macro_f1=0.8148 * BEST
[TRAIN] epoch=11 batch=12/27 loss=0.0000 lr=0.000063 speed=218.7s/s elapsed=95s eta=214s
[TRAIN] epoch=11 batch=24/27 loss=0.0000 lr=0.000062 speed=223.7s/s elapsed=97s eta=205s
[CKPT] epoch_end epoch=11 step=297
[EPOCH] 11/34: train_loss=1.0067 val_loss=0.2406 val_acc=0.9143 macro_f1=0.8491 * BEST
[TRAIN] epoch=12 batch=12/27 loss=0.0000 lr=0.000060 speed=231.3s/s elapsed=104s eta=204s
[TRAIN] epoch=12 batch=24/27 loss=0.0000 lr=0.000058 speed=229.9s/s elapsed=105s eta=196s
[EPOCH] 12/34: train_loss=0.9917 val_loss=0.2650 val_acc=0.9107 macro_f1=0.8280
[TRAIN] epoch=13 batch=12/27 loss=0.0000 lr=0.000057 speed=231.9s/s elapsed=109s eta=189s
[TRAIN] epoch=13 batch=24/27 loss=0.0000 lr=0.000055 speed=230.6s/s elapsed=111s eta=182s
[EPOCH] 13/34: train_loss=0.9672 val_loss=0.2586 val_acc=0.9214 macro_f1=0.8548
[TRAIN] epoch=14 batch=12/27 loss=0.0000 lr=0.000053 speed=232.4s/s elapsed=115s eta=176s
[TRAIN] epoch=14 batch=24/27 loss=0.0000 lr=0.000052 speed=230.2s/s elapsed=117s eta=169s
[EPOCH] 14/34: train_loss=0.9493 val_loss=0.2455 val_acc=0.9250 macro_f1=0.8469
[TRAIN] epoch=15 batch=12/27 loss=0.0000 lr=0.000050 speed=232.5s/s elapsed=121s eta=164s
[TRAIN] epoch=15 batch=24/27 loss=0.0000 lr=0.000048 speed=226.6s/s elapsed=123s eta=157s
[CKPT] epoch_end epoch=15 step=405
[EPOCH] 15/34: train_loss=0.9441 val_loss=0.2290 val_acc=0.9357 macro_f1=0.8815 * BEST
[TRAIN] epoch=16 batch=12/27 loss=0.0000 lr=0.000046 speed=229.1s/s elapsed=129s eta=155s
[TRAIN] epoch=16 batch=24/27 loss=0.0000 lr=0.000045 speed=225.8s/s elapsed=131s eta=150s
[EPOCH] 16/34: train_loss=0.9298 val_loss=0.2398 val_acc=0.9393 macro_f1=0.8920
[TRAIN] epoch=17 batch=12/27 loss=0.0000 lr=0.000043 speed=216.4s/s elapsed=135s eta=144s
[TRAIN] epoch=17 batch=24/27 loss=0.0000 lr=0.000041 speed=232.1s/s elapsed=137s eta=139s
[CKPT] epoch_end epoch=17 step=459
[EPOCH] 17/34: train_loss=0.9292 val_loss=0.2122 val_acc=0.9429 macro_f1=0.8973 * BEST
[TRAIN] epoch=18 batch=12/27 loss=0.0000 lr=0.000039 speed=227.2s/s elapsed=144s eta=137s
[TRAIN] epoch=18 batch=24/27 loss=0.0000 lr=0.000037 speed=224.1s/s elapsed=146s eta=131s
[EPOCH] 18/34: train_loss=0.9272 val_loss=0.2173 val_acc=0.9321 macro_f1=0.8779
[TRAIN] epoch=19 batch=12/27 loss=0.0000 lr=0.000035 speed=231.7s/s elapsed=150s eta=126s
[CKPT] batch_250 epoch=19 step=500
[TRAIN] epoch=19 batch=24/27 loss=0.0000 lr=0.000034 speed=230.2s/s elapsed=153s eta=122s
[EPOCH] 19/34: train_loss=0.9269 val_loss=0.2241 val_acc=0.9286 macro_f1=0.8746
[TRAIN] epoch=20 batch=12/27 loss=0.0000 lr=0.000032 speed=232.1s/s elapsed=157s eta=118s
[TRAIN] epoch=20 batch=24/27 loss=0.0000 lr=0.000030 speed=221.0s/s elapsed=159s eta=113s
[EPOCH] 20/34: train_loss=0.9062 val_loss=0.2168 val_acc=0.9321 macro_f1=0.8865
[TRAIN] epoch=21 batch=12/27 loss=0.0000 lr=0.000028 speed=231.7s/s elapsed=164s eta=109s
[TRAIN] epoch=21 batch=24/27 loss=0.0000 lr=0.000027 speed=229.6s/s elapsed=165s eta=104s
[CKPT] epoch_end epoch=21 step=567
[EPOCH] 21/34: train_loss=0.8981 val_loss=0.1911 val_acc=0.9464 macro_f1=0.9136 * BEST
[TRAIN] epoch=22 batch=12/27 loss=0.0000 lr=0.000025 speed=231.7s/s elapsed=172s eta=101s
[TRAIN] epoch=22 batch=24/27 loss=0.0000 lr=0.000023 speed=225.0s/s elapsed=174s eta=96s
[CKPT] epoch_end epoch=22 step=594
[EPOCH] 22/34: train_loss=0.9055 val_loss=0.1830 val_acc=0.9429 macro_f1=0.9081 * BEST
[TRAIN] epoch=23 batch=12/27 loss=0.0000 lr=0.000021 speed=231.3s/s elapsed=181s eta=93s
[TRAIN] epoch=23 batch=24/27 loss=0.0000 lr=0.000020 speed=231.2s/s elapsed=183s eta=89s
[CKPT] epoch_end epoch=23 step=621
[EPOCH] 23/34: train_loss=0.9035 val_loss=0.1817 val_acc=0.9500 macro_f1=0.9151 * BEST
[TRAIN] epoch=24 batch=12/27 loss=0.0000 lr=0.000018 speed=230.5s/s elapsed=189s eta=85s
[TRAIN] epoch=24 batch=24/27 loss=0.0000 lr=0.000017 speed=229.6s/s elapsed=191s eta=81s
[CKPT] epoch_end epoch=24 step=648
[EPOCH] 24/34: train_loss=0.8996 val_loss=0.1811 val_acc=0.9536 macro_f1=0.9191 * BEST
[TRAIN] epoch=25 batch=12/27 loss=0.0000 lr=0.000015 speed=223.8s/s elapsed=198s eta=77s
[TRAIN] epoch=25 batch=24/27 loss=0.0000 lr=0.000014 speed=228.3s/s elapsed=200s eta=73s
[CKPT] epoch_end epoch=25 step=675
[EPOCH] 25/34: train_loss=0.8981 val_loss=0.1788 val_acc=0.9571 macro_f1=0.9261 * BEST
[TRAIN] epoch=26 batch=12/27 loss=0.0000 lr=0.000013 speed=230.4s/s elapsed=207s eta=69s
[TRAIN] epoch=26 batch=24/27 loss=0.0000 lr=0.000012 speed=229.9s/s elapsed=208s eta=65s
[CKPT] epoch_end epoch=26 step=702
[EPOCH] 26/34: train_loss=0.8941 val_loss=0.1781 val_acc=0.9500 macro_f1=0.9153 * BEST
[TRAIN] epoch=27 batch=12/27 loss=0.0000 lr=0.000010 speed=232.1s/s elapsed=215s eta=61s
[TRAIN] epoch=27 batch=24/27 loss=0.0000 lr=0.000009 speed=230.0s/s elapsed=217s eta=57s
[EPOCH] 27/34: train_loss=0.8920 val_loss=0.1799 val_acc=0.9500 macro_f1=0.9189
[TRAIN] epoch=28 batch=12/27 loss=0.0000 lr=0.000008 speed=231.5s/s elapsed=224s eta=53s
[CKPT] batch_250 epoch=28 step=750
[TRAIN] epoch=28 batch=24/27 loss=0.0000 lr=0.000007 speed=220.4s/s elapsed=227s eta=50s
[CKPT] epoch_end epoch=28 step=756
[EPOCH] 28/34: train_loss=0.8841 val_loss=0.1747 val_acc=0.9536 macro_f1=0.9216 * BEST
[TRAIN] epoch=29 batch=12/27 loss=0.0000 lr=0.000006 speed=230.8s/s elapsed=234s eta=46s
[TRAIN] epoch=29 batch=24/27 loss=0.0000 lr=0.000005 speed=215.2s/s elapsed=236s eta=42s
[CKPT] epoch_end epoch=29 step=783
[EPOCH] 29/34: train_loss=0.8938 val_loss=0.1728 val_acc=0.9607 macro_f1=0.9317 * BEST
[TRAIN] epoch=30 batch=12/27 loss=0.0000 lr=0.000004 speed=224.7s/s elapsed=243s eta=38s
[TRAIN] epoch=30 batch=24/27 loss=0.0000 lr=0.000004 speed=230.7s/s elapsed=245s eta=34s
[CKPT] epoch_end epoch=30 step=810
[EPOCH] 30/34: train_loss=0.8923 val_loss=0.1721 val_acc=0.9536 macro_f1=0.9216 * BEST
[TRAIN] epoch=31 batch=12/27 loss=0.0000 lr=0.000003 speed=231.6s/s elapsed=252s eta=29s
[TRAIN] epoch=31 batch=24/27 loss=0.0000 lr=0.000003 speed=211.7s/s elapsed=254s eta=26s
[CKPT] epoch_end epoch=31 step=837
[EPOCH] 31/34: train_loss=0.8930 val_loss=0.1714 val_acc=0.9536 macro_f1=0.9216 * BEST
[TRAIN] epoch=32 batch=12/27 loss=0.0000 lr=0.000002 speed=231.7s/s elapsed=260s eta=21s
[TRAIN] epoch=32 batch=24/27 loss=0.0000 lr=0.000002 speed=232.3s/s elapsed=262s eta=17s
[CKPT] epoch_end epoch=32 step=864
[EPOCH] 32/34: train_loss=0.8919 val_loss=0.1707 val_acc=0.9536 macro_f1=0.9216 * BEST
[TRAIN] epoch=33 batch=12/27 loss=0.0000 lr=0.000001 speed=233.0s/s elapsed=269s eta=13s
[TRAIN] epoch=33 batch=24/27 loss=0.0000 lr=0.000001 speed=222.2s/s elapsed=271s eta=9s
[EPOCH] 33/34: train_loss=0.8854 val_loss=0.1709 val_acc=0.9536 macro_f1=0.9216
[TRAIN] epoch=34 batch=12/27 loss=0.0000 lr=0.000001 speed=231.5s/s elapsed=275s eta=5s
[TRAIN] epoch=34 batch=24/27 loss=0.0000 lr=0.000001 speed=231.5s/s elapsed=277s eta=1s
[CKPT] epoch_end epoch=34 step=918
[EPOCH] 34/34: train_loss=0.8869 val_loss=0.1710 val_acc=0.9571 macro_f1=0.9261
[TRAIN] Complete. elapsed=280.7s stopped_early=False stopped_by_user=False cycles=1
