[CELL_CAPTURE] cell=Cell 6: Training
run_id=tomato_leaf_2026-05-14_09-25-09
started_at=2026-05-14T09:26:08.924492+00:00
finished_at=2026-05-14T09:36:52.908848+00:00
duration_sec=643.984

[TRAIN] epochs=24 device=cuda batch_interval=12
[TRAIN] epoch=1 batch=12/58 loss=0.0000 lr=0.000110 speed=232.1s/s elapsed=11s eta=1294s
[TRAIN] epoch=1 batch=24/58 loss=0.0000 lr=0.000110 speed=262.4s/s elapsed=15s eta=876s
[TRAIN] epoch=1 batch=36/58 loss=0.0000 lr=0.000110 speed=262.8s/s elapsed=20s eta=735s
[TRAIN] epoch=1 batch=48/58 loss=0.0000 lr=0.000110 speed=262.9s/s elapsed=24s eta=661s
[CKPT] epoch_end epoch=1 step=58
[EPOCH] 1/24: train_loss=2.2930 val_loss=2.2390 val_acc=0.1800 macro_f1=0.1040 * BEST
[TRAIN] epoch=2 batch=12/58 loss=0.0000 lr=0.000109 speed=167.7s/s elapsed=45s eta=858s
[TRAIN] epoch=2 batch=24/58 loss=0.0000 lr=0.000109 speed=263.0s/s elapsed=50s eta=798s
[TRAIN] epoch=2 batch=36/58 loss=0.0000 lr=0.000109 speed=262.8s/s elapsed=54s eta=746s
[TRAIN] epoch=2 batch=48/58 loss=0.0000 lr=0.000108 speed=262.7s/s elapsed=58s eta=706s
[CKPT] epoch_end epoch=2 step=116
[EPOCH] 2/24: train_loss=2.0139 val_loss=1.4295 val_acc=0.5728 macro_f1=0.5654 * BEST
[TRAIN] epoch=3 batch=12/58 loss=0.0000 lr=0.000108 speed=200.8s/s elapsed=78s eta=769s
[TRAIN] epoch=3 batch=24/58 loss=0.0000 lr=0.000107 speed=262.7s/s elapsed=82s eta=734s
[TRAIN] epoch=3 batch=36/58 loss=0.0000 lr=0.000107 speed=262.8s/s elapsed=86s eta=703s
[TRAIN] epoch=3 batch=48/58 loss=0.0000 lr=0.000106 speed=262.6s/s elapsed=90s eta=676s
[CKPT] epoch_end epoch=3 step=174
[EPOCH] 3/24: train_loss=1.7967 val_loss=0.9716 val_acc=0.7054 macro_f1=0.6995 * BEST
[TRAIN] epoch=4 batch=12/58 loss=0.0000 lr=0.000105 speed=249.8s/s elapsed=109s eta=708s
[TRAIN] epoch=4 batch=24/58 loss=0.0000 lr=0.000105 speed=262.8s/s elapsed=113s eta=683s
[TRAIN] epoch=4 batch=36/58 loss=0.0000 lr=0.000104 speed=262.7s/s elapsed=117s eta=661s
[TRAIN] epoch=4 batch=48/58 loss=0.0000 lr=0.000103 speed=262.8s/s elapsed=122s eta=641s
[CKPT] epoch_end epoch=4 step=232
[EPOCH] 4/24: train_loss=1.7338 val_loss=0.8723 val_acc=0.7406 macro_f1=0.7378 * BEST
[TRAIN] epoch=5 batch=12/58 loss=0.0000 lr=0.000102 speed=246.3s/s elapsed=140s eta=661s
[CKPT] batch_250 epoch=5 step=250
[TRAIN] epoch=5 batch=24/58 loss=0.0000 lr=0.000101 speed=261.8s/s elapsed=146s eta=650s
[TRAIN] epoch=5 batch=36/58 loss=0.0000 lr=0.000100 speed=262.6s/s elapsed=151s eta=631s
[TRAIN] epoch=5 batch=48/58 loss=0.0000 lr=0.000099 speed=261.4s/s elapsed=155s eta=614s
[CKPT] epoch_end epoch=5 step=290
[EPOCH] 5/24: train_loss=1.6852 val_loss=0.6824 val_acc=0.7946 macro_f1=0.7922 * BEST
[TRAIN] epoch=6 batch=12/58 loss=0.0000 lr=0.000098 speed=236.0s/s elapsed=174s eta=628s
[TRAIN] epoch=6 batch=24/58 loss=0.0000 lr=0.000097 speed=262.7s/s elapsed=178s eta=612s
[TRAIN] epoch=6 batch=36/58 loss=0.0000 lr=0.000096 speed=262.1s/s elapsed=182s eta=596s
[TRAIN] epoch=6 batch=48/58 loss=0.0000 lr=0.000095 speed=262.8s/s elapsed=186s eta=581s
[CKPT] epoch_end epoch=6 step=348
[EPOCH] 6/24: train_loss=1.6578 val_loss=0.6042 val_acc=0.8372 macro_f1=0.8342 * BEST
[TRAIN] epoch=7 batch=12/58 loss=0.0000 lr=0.000093 speed=238.8s/s elapsed=205s eta=588s
[TRAIN] epoch=7 batch=24/58 loss=0.0000 lr=0.000092 speed=262.3s/s elapsed=209s eta=573s
[TRAIN] epoch=7 batch=36/58 loss=0.0000 lr=0.000091 speed=262.3s/s elapsed=213s eta=560s
[TRAIN] epoch=7 batch=48/58 loss=0.0000 lr=0.000090 speed=261.5s/s elapsed=217s eta=547s
[CKPT] epoch_end epoch=7 step=406
[EPOCH] 7/24: train_loss=1.6342 val_loss=0.5504 val_acc=0.8470 macro_f1=0.8452 * BEST
[TRAIN] epoch=8 batch=12/58 loss=0.0000 lr=0.000087 speed=247.5s/s elapsed=236s eta=551s
[TRAIN] epoch=8 batch=24/58 loss=0.0000 lr=0.000086 speed=262.5s/s elapsed=240s eta=538s
[TRAIN] epoch=8 batch=36/58 loss=0.0000 lr=0.000085 speed=261.0s/s elapsed=245s eta=526s
[TRAIN] epoch=8 batch=48/58 loss=0.0000 lr=0.000084 speed=262.4s/s elapsed=249s eta=514s
[CKPT] epoch_end epoch=8 step=464
[EPOCH] 8/24: train_loss=1.6221 val_loss=0.4787 val_acc=0.8691 macro_f1=0.8691 * BEST
[TRAIN] epoch=9 batch=12/58 loss=0.0000 lr=0.000081 speed=214.8s/s elapsed=267s eta=514s
[TRAIN] epoch=9 batch=24/58 loss=0.0000 lr=0.000080 speed=262.7s/s elapsed=271s eta=503s
[TRAIN] epoch=9 batch=36/58 loss=0.0000 lr=0.000079 speed=262.7s/s elapsed=276s eta=492s
[CKPT] batch_250 epoch=9 step=500
[TRAIN] epoch=9 batch=48/58 loss=0.0000 lr=0.000077 speed=261.9s/s elapsed=282s eta=484s
[CKPT] epoch_end epoch=9 step=522
[EPOCH] 9/24: train_loss=1.6076 val_loss=0.4572 val_acc=0.8732 macro_f1=0.8762 * BEST
[TRAIN] epoch=10 batch=12/58 loss=0.0000 lr=0.000075 speed=241.4s/s elapsed=301s eta=483s
[TRAIN] epoch=10 batch=24/58 loss=0.0000 lr=0.000074 speed=262.8s/s elapsed=305s eta=472s
[TRAIN] epoch=10 batch=36/58 loss=0.0000 lr=0.000072 speed=262.5s/s elapsed=309s eta=462s
[TRAIN] epoch=10 batch=48/58 loss=0.0000 lr=0.000071 speed=262.6s/s elapsed=313s eta=451s
[CKPT] epoch_end epoch=10 step=580
[EPOCH] 10/24: train_loss=1.5928 val_loss=0.4468 val_acc=0.8822 macro_f1=0.8850 * BEST
[TRAIN] epoch=11 batch=12/58 loss=0.0000 lr=0.000068 speed=255.4s/s elapsed=331s eta=447s
[TRAIN] epoch=11 batch=24/58 loss=0.0000 lr=0.000067 speed=262.8s/s elapsed=335s eta=437s
[TRAIN] epoch=11 batch=36/58 loss=0.0000 lr=0.000065 speed=262.8s/s elapsed=339s eta=427s
[TRAIN] epoch=11 batch=48/58 loss=0.0000 lr=0.000064 speed=262.0s/s elapsed=343s eta=418s
[CKPT] epoch_end epoch=11 step=638
[EPOCH] 11/24: train_loss=1.5897 val_loss=0.3933 val_acc=0.8903 macro_f1=0.8925 * BEST
[TRAIN] epoch=12 batch=12/58 loss=0.0000 lr=0.000061 speed=241.4s/s elapsed=363s eta=414s
[TRAIN] epoch=12 batch=24/58 loss=0.0000 lr=0.000060 speed=262.7s/s elapsed=367s eta=405s
[TRAIN] epoch=12 batch=36/58 loss=0.0000 lr=0.000058 speed=261.7s/s elapsed=371s eta=395s
[TRAIN] epoch=12 batch=48/58 loss=0.0000 lr=0.000057 speed=262.4s/s elapsed=375s eta=386s
[EPOCH] 12/24: train_loss=1.5874 val_loss=0.4451 val_acc=0.8920 macro_f1=0.8909
[TRAIN] epoch=13 batch=12/58 loss=0.0000 lr=0.000054 speed=232.2s/s elapsed=391s eta=378s
[TRAIN] epoch=13 batch=24/58 loss=0.0000 lr=0.000053 speed=262.1s/s elapsed=395s eta=369s
[TRAIN] epoch=13 batch=36/58 loss=0.0000 lr=0.000051 speed=261.5s/s elapsed=399s eta=360s
[TRAIN] epoch=13 batch=48/58 loss=0.0000 lr=0.000050 speed=262.6s/s elapsed=403s eta=351s
[CKPT] batch_250 epoch=13 step=750
[EPOCH] 13/24: train_loss=1.5809 val_loss=0.4133 val_acc=0.8944 macro_f1=0.8959
[TRAIN] epoch=14 batch=12/58 loss=0.0000 lr=0.000047 speed=260.2s/s elapsed=421s eta=344s
[TRAIN] epoch=14 batch=24/58 loss=0.0000 lr=0.000045 speed=262.7s/s elapsed=425s eta=335s
[TRAIN] epoch=14 batch=36/58 loss=0.0000 lr=0.000044 speed=262.7s/s elapsed=429s eta=327s
[TRAIN] epoch=14 batch=48/58 loss=0.0000 lr=0.000043 speed=261.8s/s elapsed=433s eta=319s
[EPOCH] 14/24: train_loss=1.5754 val_loss=0.4011 val_acc=0.9002 macro_f1=0.9015
[TRAIN] epoch=15 batch=12/58 loss=0.0000 lr=0.000040 speed=261.9s/s elapsed=449s eta=310s
[TRAIN] epoch=15 batch=24/58 loss=0.0000 lr=0.000039 speed=262.5s/s elapsed=453s eta=301s
[TRAIN] epoch=15 batch=36/58 loss=0.0000 lr=0.000037 speed=261.3s/s elapsed=457s eta=293s
[TRAIN] epoch=15 batch=48/58 loss=0.0000 lr=0.000036 speed=262.6s/s elapsed=461s eta=285s
[CKPT] epoch_end epoch=15 step=870
[EPOCH] 15/24: train_loss=1.5688 val_loss=0.3706 val_acc=0.8993 macro_f1=0.9003 * BEST
[TRAIN] epoch=16 batch=12/58 loss=0.0000 lr=0.000033 speed=261.9s/s elapsed=480s eta=278s
[TRAIN] epoch=16 batch=24/58 loss=0.0000 lr=0.000032 speed=262.5s/s elapsed=484s eta=270s
[TRAIN] epoch=16 batch=36/58 loss=0.0000 lr=0.000031 speed=262.7s/s elapsed=488s eta=262s
[TRAIN] epoch=16 batch=48/58 loss=0.0000 lr=0.000029 speed=262.7s/s elapsed=492s eta=254s
[EPOCH] 16/24: train_loss=1.5677 val_loss=0.4051 val_acc=0.9002 macro_f1=0.9010
[TRAIN] epoch=17 batch=12/58 loss=0.0000 lr=0.000027 speed=260.9s/s elapsed=508s eta=244s
[TRAIN] epoch=17 batch=24/58 loss=0.0000 lr=0.000026 speed=261.2s/s elapsed=512s eta=237s
[TRAIN] epoch=17 batch=36/58 loss=0.0000 lr=0.000025 speed=262.6s/s elapsed=516s eta=229s
[TRAIN] epoch=17 batch=48/58 loss=0.0000 lr=0.000023 speed=261.6s/s elapsed=520s eta=222s
[EPOCH] 17/24: train_loss=1.5640 val_loss=0.4026 val_acc=0.8993 macro_f1=0.9015
[TRAIN] epoch=18 batch=12/58 loss=0.0000 lr=0.000021 speed=262.2s/s elapsed=536s eta=212s
[CKPT] batch_250 epoch=18 step=1000
[TRAIN] epoch=18 batch=24/58 loss=0.0000 lr=0.000020 speed=262.3s/s elapsed=542s eta=205s
[TRAIN] epoch=18 batch=36/58 loss=0.0000 lr=0.000019 speed=261.5s/s elapsed=546s eta=198s
[TRAIN] epoch=18 batch=48/58 loss=0.0000 lr=0.000018 speed=262.5s/s elapsed=550s eta=191s
[EPOCH] 18/24: train_loss=1.5630 val_loss=0.3851 val_acc=0.9002 macro_f1=0.9027
[TRAIN] epoch=19 batch=12/58 loss=0.0000 lr=0.000016 speed=260.4s/s elapsed=566s eta=180s
[TRAIN] epoch=19 batch=24/58 loss=0.0000 lr=0.000015 speed=261.6s/s elapsed=570s eta=173s
[TRAIN] epoch=19 batch=36/58 loss=0.0000 lr=0.000014 speed=262.6s/s elapsed=574s eta=166s
[TRAIN] epoch=19 batch=48/58 loss=0.0000 lr=0.000013 speed=262.5s/s elapsed=578s eta=159s
[EPOCH] 19/24: train_loss=1.5644 val_loss=0.3854 val_acc=0.9051 macro_f1=0.9066
[TRAIN] epoch=20 batch=12/58 loss=0.0000 lr=0.000011 speed=262.5s/s elapsed=593s eta=148s
[TRAIN] epoch=20 batch=24/58 loss=0.0000 lr=0.000011 speed=262.4s/s elapsed=597s eta=141s
[TRAIN] epoch=20 batch=36/58 loss=0.0000 lr=0.000010 speed=262.6s/s elapsed=601s eta=134s
[TRAIN] epoch=20 batch=48/58 loss=0.0000 lr=0.000009 speed=262.5s/s elapsed=606s eta=127s
[EPOCH] 20/24: train_loss=1.5609 val_loss=0.3934 val_acc=0.9034 macro_f1=0.9052
[TRAIN] epoch=21 batch=12/58 loss=0.0000 lr=0.000008 speed=261.9s/s elapsed=623s eta=117s
[TRAIN] epoch=21 batch=24/58 loss=0.0000 lr=0.000007 speed=262.6s/s elapsed=627s eta=110s
[TRAIN] epoch=21 batch=36/58 loss=0.0000 lr=0.000006 speed=262.4s/s elapsed=632s eta=103s
[TRAIN] epoch=21 batch=48/58 loss=0.0000 lr=0.000006 speed=262.5s/s elapsed=636s eta=97s
[EPOCH] 21/24: train_loss=1.5622 val_loss=0.3845 val_acc=0.9018 macro_f1=0.9036
[TRAIN] Complete. elapsed=643.8s stopped_early=True stopped_by_user=False cycles=1
