[CELL_CAPTURE] cell=Cell 6: Training
run_id=apricot_fruit_2026-05-24_14-32-10
started_at=2026-05-24T14:32:18.565964+00:00
finished_at=2026-05-24T14:35:49.136922+00:00
duration_sec=210.571

[TRAIN] epochs=36 device=cuda batch_interval=12
[TRAIN] epoch=1 batch=12/21 loss=0.0000 lr=0.000100 speed=226.3s/s elapsed=4s eta=261s
[CKPT] epoch_end epoch=1 step=21
[EPOCH] 1/36: train_loss=1.6255 val_loss=1.5153 val_acc=0.1571 macro_f1=0.0543 * BEST
[TRAIN] epoch=2 batch=12/21 loss=0.0000 lr=0.000100 speed=226.8s/s elapsed=16s eta=346s
[EPOCH] 2/36: train_loss=1.6084 val_loss=1.6746 val_acc=0.1643 macro_f1=0.0711
[TRAIN] epoch=3 batch=12/21 loss=0.0000 lr=0.000099 speed=226.8s/s elapsed=22s eta=284s
[CKPT] epoch_end epoch=3 step=63
[EPOCH] 3/36: train_loss=1.5950 val_loss=1.4851 val_acc=0.2214 macro_f1=0.2141 * BEST
[TRAIN] epoch=4 batch=12/21 loss=0.0000 lr=0.000098 speed=225.7s/s elapsed=32s eta=289s
[CKPT] epoch_end epoch=4 step=84
[EPOCH] 4/36: train_loss=1.4937 val_loss=0.9847 val_acc=0.6857 macro_f1=0.4911 * BEST
[TRAIN] epoch=5 batch=12/21 loss=0.0000 lr=0.000096 speed=227.8s/s elapsed=41s eta=280s
[CKPT] epoch_end epoch=5 step=105
[EPOCH] 5/36: train_loss=1.2902 val_loss=0.6029 val_acc=0.8214 macro_f1=0.6288 * BEST
[TRAIN] epoch=6 batch=12/21 loss=0.0000 lr=0.000094 speed=227.9s/s elapsed=50s eta=271s
[CKPT] epoch_end epoch=6 step=126
[EPOCH] 6/36: train_loss=1.1944 val_loss=0.4176 val_acc=0.8607 macro_f1=0.6658 * BEST
[TRAIN] epoch=7 batch=12/21 loss=0.0000 lr=0.000092 speed=224.0s/s elapsed=59s eta=264s
[EPOCH] 7/36: train_loss=1.1387 val_loss=0.4278 val_acc=0.8714 macro_f1=0.6991
[TRAIN] epoch=8 batch=12/21 loss=0.0000 lr=0.000090 speed=227.8s/s elapsed=65s eta=244s
[CKPT] epoch_end epoch=8 step=168
[EPOCH] 8/36: train_loss=1.1243 val_loss=0.2899 val_acc=0.8893 macro_f1=0.7665 * BEST
[TRAIN] epoch=9 batch=12/21 loss=0.0000 lr=0.000087 speed=226.9s/s elapsed=74s eta=237s
[EPOCH] 9/36: train_loss=1.1097 val_loss=0.3052 val_acc=0.8714 macro_f1=0.7463
[TRAIN] epoch=10 batch=12/21 loss=0.0000 lr=0.000084 speed=225.6s/s elapsed=80s eta=221s
[CKPT] epoch_end epoch=10 step=210
[EPOCH] 10/36: train_loss=1.0894 val_loss=0.2615 val_acc=0.8893 macro_f1=0.7851 * BEST
[TRAIN] epoch=11 batch=12/21 loss=0.0000 lr=0.000080 speed=227.6s/s elapsed=89s eta=214s
[EPOCH] 11/36: train_loss=1.0931 val_loss=0.2668 val_acc=0.8893 macro_f1=0.7759
[TRAIN] epoch=12 batch=12/21 loss=0.0000 lr=0.000077 speed=227.6s/s elapsed=95s eta=200s
[CKPT] batch_250 epoch=12 step=250
[EPOCH] 12/36: train_loss=1.0694 val_loss=0.2757 val_acc=0.8857 macro_f1=0.7818
[TRAIN] epoch=13 batch=12/21 loss=0.0000 lr=0.000073 speed=226.7s/s elapsed=103s eta=191s
[EPOCH] 13/36: train_loss=1.0550 val_loss=0.3292 val_acc=0.8929 macro_f1=0.7838
[TRAIN] epoch=14 batch=12/21 loss=0.0000 lr=0.000069 speed=227.0s/s elapsed=109s eta=180s
[CKPT] epoch_end epoch=14 step=294
[EPOCH] 14/36: train_loss=1.0403 val_loss=0.2610 val_acc=0.9107 macro_f1=0.8454 * BEST
[TRAIN] epoch=15 batch=12/21 loss=0.0000 lr=0.000065 speed=228.7s/s elapsed=118s eta=173s
[CKPT] epoch_end epoch=15 step=315
[EPOCH] 15/36: train_loss=1.0325 val_loss=0.2528 val_acc=0.9179 macro_f1=0.8487 * BEST
[TRAIN] epoch=16 batch=12/21 loss=0.0000 lr=0.000061 speed=226.7s/s elapsed=127s eta=167s
[EPOCH] 16/36: train_loss=1.0170 val_loss=0.2732 val_acc=0.9179 macro_f1=0.8439
[TRAIN] epoch=17 batch=12/21 loss=0.0000 lr=0.000057 speed=227.6s/s elapsed=133s eta=156s
[EPOCH] 17/36: train_loss=1.0196 val_loss=0.2687 val_acc=0.9179 macro_f1=0.8527
[TRAIN] epoch=18 batch=12/21 loss=0.0000 lr=0.000052 speed=225.5s/s elapsed=139s eta=146s
[CKPT] epoch_end epoch=18 step=378
[EPOCH] 18/36: train_loss=1.0185 val_loss=0.2252 val_acc=0.9250 macro_f1=0.8700 * BEST
[TRAIN] epoch=19 batch=12/21 loss=0.0000 lr=0.000048 speed=222.0s/s elapsed=148s eta=138s
[EPOCH] 19/36: train_loss=1.0092 val_loss=0.2940 val_acc=0.9250 macro_f1=0.8677
[TRAIN] epoch=20 batch=12/21 loss=0.0000 lr=0.000044 speed=226.7s/s elapsed=153s eta=129s
[EPOCH] 20/36: train_loss=0.9944 val_loss=0.2280 val_acc=0.9500 macro_f1=0.9262
[TRAIN] epoch=21 batch=12/21 loss=0.0000 lr=0.000039 speed=226.9s/s elapsed=160s eta=120s
[EPOCH] 21/36: train_loss=0.9863 val_loss=0.2278 val_acc=0.9429 macro_f1=0.9090
[TRAIN] epoch=22 batch=12/21 loss=0.0000 lr=0.000035 speed=227.4s/s elapsed=166s eta=111s
[CKPT] epoch_end epoch=22 step=462
[EPOCH] 22/36: train_loss=1.0021 val_loss=0.2174 val_acc=0.9536 macro_f1=0.9224 * BEST
[TRAIN] epoch=23 batch=12/21 loss=0.0000 lr=0.000031 speed=228.1s/s elapsed=175s eta=104s
[EPOCH] 23/36: train_loss=0.9991 val_loss=0.2299 val_acc=0.9393 macro_f1=0.9044
[TRAIN] epoch=24 batch=12/21 loss=0.0000 lr=0.000027 speed=227.7s/s elapsed=181s eta=95s
[CKPT] batch_250 epoch=24 step=500
[EPOCH] 24/36: train_loss=0.9899 val_loss=0.2270 val_acc=0.9429 macro_f1=0.9070
[TRAIN] epoch=25 batch=12/21 loss=0.0000 lr=0.000024 speed=225.2s/s elapsed=189s eta=88s
[EPOCH] 25/36: train_loss=0.9882 val_loss=0.2406 val_acc=0.9393 macro_f1=0.9009
[TRAIN] epoch=26 batch=12/21 loss=0.0000 lr=0.000020 speed=227.0s/s elapsed=195s eta=80s
[EPOCH] 26/36: train_loss=0.9873 val_loss=0.2322 val_acc=0.9393 macro_f1=0.9009
[TRAIN] epoch=27 batch=12/21 loss=0.0000 lr=0.000017 speed=225.2s/s elapsed=201s eta=71s
[EPOCH] 27/36: train_loss=0.9814 val_loss=0.2375 val_acc=0.9429 macro_f1=0.9076
[TRAIN] epoch=28 batch=12/21 loss=0.0000 lr=0.000014 speed=224.9s/s elapsed=207s eta=63s
[EPOCH] 28/36: train_loss=0.9778 val_loss=0.2309 val_acc=0.9464 macro_f1=0.9138
[TRAIN] Complete. elapsed=210.4s stopped_early=True stopped_by_user=False cycles=1
