[CELL_CAPTURE] cell=Cell 6: Training
run_id=tomato_fruit_2026-05-13_18-21-28
started_at=2026-05-13T18:21:44.297699+00:00
finished_at=2026-05-13T18:26:36.440805+00:00
duration_sec=292.143

[TRAIN] epochs=32 device=cuda batch_interval=12
[TRAIN] epoch=1 batch=12/35 loss=0.0000 lr=0.000090 speed=252.7s/s elapsed=7s eta=672s
[TRAIN] epoch=1 batch=24/35 loss=0.0000 lr=0.000090 speed=253.4s/s elapsed=10s eta=476s
[CKPT] epoch_end epoch=1 step=35
[EPOCH] 1/32: train_loss=1.9611 val_loss=1.9264 val_acc=0.2773 macro_f1=0.0709 * BEST
[TRAIN] epoch=2 batch=12/35 loss=0.0000 lr=0.000090 speed=253.7s/s elapsed=27s eta=605s
[TRAIN] epoch=2 batch=24/35 loss=0.0000 lr=0.000089 speed=253.8s/s elapsed=30s eta=533s
[CKPT] epoch_end epoch=2 step=70
[EPOCH] 2/32: train_loss=1.8806 val_loss=1.7948 val_acc=0.3277 macro_f1=0.1565 * BEST
[TRAIN] epoch=3 batch=12/35 loss=0.0000 lr=0.000089 speed=253.7s/s elapsed=44s eta=556s
[TRAIN] epoch=3 batch=24/35 loss=0.0000 lr=0.000088 speed=253.9s/s elapsed=47s eta=514s
[CKPT] epoch_end epoch=3 step=105
[EPOCH] 3/32: train_loss=1.7744 val_loss=1.5917 val_acc=0.5126 macro_f1=0.2717 * BEST
[TRAIN] epoch=4 batch=12/35 loss=0.0000 lr=0.000088 speed=253.5s/s elapsed=61s eta=520s
[TRAIN] epoch=4 batch=24/35 loss=0.0000 lr=0.000087 speed=252.8s/s elapsed=64s eta=490s
[CKPT] epoch_end epoch=4 step=140
[EPOCH] 4/32: train_loss=1.6672 val_loss=1.2179 val_acc=0.5798 macro_f1=0.3775 * BEST
[TRAIN] epoch=5 batch=12/35 loss=0.0000 lr=0.000086 speed=252.9s/s elapsed=77s eta=490s
[TRAIN] epoch=5 batch=24/35 loss=0.0000 lr=0.000085 speed=253.2s/s elapsed=80s eta=467s
[CKPT] epoch_end epoch=5 step=175
[EPOCH] 5/32: train_loss=1.5152 val_loss=0.8894 val_acc=0.6807 macro_f1=0.4928 * BEST
[TRAIN] epoch=6 batch=12/35 loss=0.0000 lr=0.000084 speed=253.6s/s elapsed=93s eta=464s
[TRAIN] epoch=6 batch=24/35 loss=0.0000 lr=0.000083 speed=253.8s/s elapsed=96s eta=445s
[CKPT] epoch_end epoch=6 step=210
[EPOCH] 6/32: train_loss=1.4720 val_loss=0.7295 val_acc=0.7563 macro_f1=0.6404 * BEST
[TRAIN] epoch=7 batch=12/35 loss=0.0000 lr=0.000082 speed=253.2s/s elapsed=109s eta=440s
[TRAIN] epoch=7 batch=24/35 loss=0.0000 lr=0.000081 speed=253.0s/s elapsed=112s eta=424s
[CKPT] epoch_end epoch=7 step=245
[EPOCH] 7/32: train_loss=1.4543 val_loss=0.6925 val_acc=0.7647 macro_f1=0.6112 * BEST
[CKPT] batch_250 epoch=8 step=250
[TRAIN] epoch=8 batch=12/35 loss=0.0000 lr=0.000079 speed=253.2s/s elapsed=127s eta=427s
[TRAIN] epoch=8 batch=24/35 loss=0.0000 lr=0.000078 speed=253.6s/s elapsed=130s eta=413s
[CKPT] epoch_end epoch=8 step=280
[EPOCH] 8/32: train_loss=1.4119 val_loss=0.5725 val_acc=0.7899 macro_f1=0.6491 * BEST
[TRAIN] epoch=9 batch=12/35 loss=0.0000 lr=0.000076 speed=252.9s/s elapsed=144s eta=408s
[TRAIN] epoch=9 batch=24/35 loss=0.0000 lr=0.000075 speed=252.3s/s elapsed=147s eta=395s
[CKPT] epoch_end epoch=9 step=315
[EPOCH] 9/32: train_loss=1.3795 val_loss=0.5622 val_acc=0.8319 macro_f1=0.7435 * BEST
[TRAIN] epoch=10 batch=12/35 loss=0.0000 lr=0.000073 speed=251.6s/s elapsed=159s eta=387s
[TRAIN] epoch=10 batch=24/35 loss=0.0000 lr=0.000071 speed=253.2s/s elapsed=163s eta=375s
[CKPT] epoch_end epoch=10 step=350
[EPOCH] 10/32: train_loss=1.3686 val_loss=0.3656 val_acc=0.8908 macro_f1=0.8179 * BEST
[TRAIN] epoch=11 batch=12/35 loss=0.0000 lr=0.000069 speed=253.4s/s elapsed=175s eta=367s
[TRAIN] epoch=11 batch=24/35 loss=0.0000 lr=0.000068 speed=253.7s/s elapsed=179s eta=356s
[EPOCH] 11/32: train_loss=1.3505 val_loss=0.3957 val_acc=0.8908 macro_f1=0.8068
[TRAIN] epoch=12 batch=12/35 loss=0.0000 lr=0.000065 speed=253.2s/s elapsed=189s eta=343s
[TRAIN] epoch=12 batch=24/35 loss=0.0000 lr=0.000064 speed=253.4s/s elapsed=192s eta=333s
[EPOCH] 12/32: train_loss=1.3254 val_loss=0.3791 val_acc=0.8824 macro_f1=0.8324
[TRAIN] epoch=13 batch=12/35 loss=0.0000 lr=0.000061 speed=253.6s/s elapsed=202s eta=321s
[TRAIN] epoch=13 batch=24/35 loss=0.0000 lr=0.000060 speed=252.9s/s elapsed=205s eta=312s
[CKPT] epoch_end epoch=13 step=455
[EPOCH] 13/32: train_loss=1.3177 val_loss=0.3159 val_acc=0.8908 macro_f1=0.8223 * BEST
[TRAIN] epoch=14 batch=12/35 loss=0.0000 lr=0.000057 speed=253.6s/s elapsed=217s eta=304s
[TRAIN] epoch=14 batch=24/35 loss=0.0000 lr=0.000056 speed=253.1s/s elapsed=220s eta=295s
[EPOCH] 14/32: train_loss=1.3043 val_loss=0.4318 val_acc=0.8739 macro_f1=0.8267
[CKPT] batch_250 epoch=15 step=500
[TRAIN] epoch=15 batch=12/35 loss=0.0000 lr=0.000053 speed=253.7s/s elapsed=231s eta=285s
[TRAIN] epoch=15 batch=24/35 loss=0.0000 lr=0.000051 speed=253.2s/s elapsed=234s eta=276s
[EPOCH] 15/32: train_loss=1.2974 val_loss=0.4416 val_acc=0.8908 macro_f1=0.8413
[TRAIN] epoch=16 batch=12/35 loss=0.0000 lr=0.000048 speed=253.5s/s elapsed=245s eta=266s
[TRAIN] epoch=16 batch=24/35 loss=0.0000 lr=0.000047 speed=253.9s/s elapsed=248s eta=258s
[EPOCH] 16/32: train_loss=1.2956 val_loss=0.4322 val_acc=0.8824 macro_f1=0.8308
[TRAIN] epoch=17 batch=12/35 loss=0.0000 lr=0.000044 speed=253.5s/s elapsed=258s eta=247s
[TRAIN] epoch=17 batch=24/35 loss=0.0000 lr=0.000043 speed=253.6s/s elapsed=261s eta=240s
[EPOCH] 17/32: train_loss=1.2908 val_loss=0.4222 val_acc=0.8908 macro_f1=0.8298
[TRAIN] epoch=18 batch=12/35 loss=0.0000 lr=0.000040 speed=253.4s/s elapsed=270s eta=228s
[TRAIN] epoch=18 batch=24/35 loss=0.0000 lr=0.000038 speed=253.4s/s elapsed=273s eta=221s
[EPOCH] 18/32: train_loss=1.2789 val_loss=0.3860 val_acc=0.8908 macro_f1=0.8491
[TRAIN] epoch=19 batch=12/35 loss=0.0000 lr=0.000035 speed=253.8s/s elapsed=283s eta=210s
[TRAIN] epoch=19 batch=24/35 loss=0.0000 lr=0.000034 speed=253.9s/s elapsed=286s eta=204s
[EPOCH] 19/32: train_loss=1.2708 val_loss=0.3872 val_acc=0.8992 macro_f1=0.8481
[TRAIN] Complete. elapsed=291.9s stopped_early=True stopped_by_user=False cycles=1
