[CELL_CAPTURE] cell=Cell 6: Training
run_id=tomato_unspecified_2026-05-05_16-16-31
started_at=2026-05-05T16:17:22.212876+00:00
finished_at=2026-05-05T16:21:53.860428+00:00
duration_sec=271.648

[TRAIN] epochs=30 device=cuda batch_interval=12
[TRAIN] epoch=1 batch=12/35 loss=0.0000 lr=0.000080 speed=256.7s/s elapsed=9s eta=799s
[TRAIN] epoch=1 batch=24/35 loss=0.0000 lr=0.000080 speed=257.2s/s elapsed=12s eta=527s
[CKPT] epoch_end epoch=1 step=35
[EPOCH] 1/30: train_loss=1.9626 val_loss=1.9081 val_acc=0.2773 macro_f1=0.0698 * BEST
[TRAIN] epoch=2 batch=12/35 loss=0.0000 lr=0.000080 speed=256.5s/s elapsed=26s eta=559s
[TRAIN] epoch=2 batch=24/35 loss=0.0000 lr=0.000079 speed=256.6s/s elapsed=29s eta=491s
[CKPT] epoch_end epoch=2 step=70
[EPOCH] 2/30: train_loss=1.8883 val_loss=1.8108 val_acc=0.3445 macro_f1=0.2174 * BEST
[TRAIN] epoch=3 batch=12/35 loss=0.0000 lr=0.000079 speed=257.0s/s elapsed=41s eta=487s
[TRAIN] epoch=3 batch=24/35 loss=0.0000 lr=0.000078 speed=257.0s/s elapsed=44s eta=451s
[CKPT] epoch_end epoch=3 step=105
[EPOCH] 3/30: train_loss=1.7680 val_loss=1.6505 val_acc=0.4874 macro_f1=0.2541 * BEST
[TRAIN] epoch=4 batch=12/35 loss=0.0000 lr=0.000078 speed=256.8s/s elapsed=56s eta=449s
[TRAIN] epoch=4 batch=24/35 loss=0.0000 lr=0.000077 speed=255.5s/s elapsed=59s eta=424s
[CKPT] epoch_end epoch=4 step=140
[EPOCH] 4/30: train_loss=1.6636 val_loss=1.2977 val_acc=0.5798 macro_f1=0.3688 * BEST
[TRAIN] epoch=5 batch=12/35 loss=0.0000 lr=0.000076 speed=256.9s/s elapsed=71s eta=420s
[TRAIN] epoch=5 batch=24/35 loss=0.0000 lr=0.000075 speed=256.1s/s elapsed=74s eta=401s
[CKPT] epoch_end epoch=5 step=175
[EPOCH] 5/30: train_loss=1.4968 val_loss=0.9325 val_acc=0.6723 macro_f1=0.4658 * BEST
[TRAIN] epoch=6 batch=12/35 loss=0.0000 lr=0.000074 speed=256.6s/s elapsed=86s eta=397s
[TRAIN] epoch=6 batch=24/35 loss=0.0000 lr=0.000073 speed=257.4s/s elapsed=89s eta=381s
[CKPT] epoch_end epoch=6 step=210
[EPOCH] 6/30: train_loss=1.4111 val_loss=0.7522 val_acc=0.7311 macro_f1=0.5414 * BEST
[TRAIN] epoch=7 batch=12/35 loss=0.0000 lr=0.000072 speed=256.7s/s elapsed=101s eta=377s
[TRAIN] epoch=7 batch=24/35 loss=0.0000 lr=0.000071 speed=257.1s/s elapsed=104s eta=363s
[CKPT] epoch_end epoch=7 step=245
[EPOCH] 7/30: train_loss=1.3831 val_loss=0.7466 val_acc=0.7563 macro_f1=0.6393 * BEST
[CKPT] batch_250 epoch=8 step=250
[TRAIN] epoch=8 batch=12/35 loss=0.0000 lr=0.000069 speed=257.4s/s elapsed=118s eta=363s
[TRAIN] epoch=8 batch=24/35 loss=0.0000 lr=0.000068 speed=256.5s/s elapsed=121s eta=351s
[CKPT] epoch_end epoch=8 step=280
[EPOCH] 8/30: train_loss=1.3391 val_loss=0.5633 val_acc=0.7899 macro_f1=0.7184 * BEST
[TRAIN] epoch=9 batch=12/35 loss=0.0000 lr=0.000066 speed=256.2s/s elapsed=133s eta=345s
[TRAIN] epoch=9 batch=24/35 loss=0.0000 lr=0.000065 speed=257.5s/s elapsed=136s eta=333s
[CKPT] epoch_end epoch=9 step=315
[EPOCH] 9/30: train_loss=1.3190 val_loss=0.4730 val_acc=0.8739 macro_f1=0.8093 * BEST
[TRAIN] epoch=10 batch=12/35 loss=0.0000 lr=0.000063 speed=257.2s/s elapsed=147s eta=326s
[TRAIN] epoch=10 batch=24/35 loss=0.0000 lr=0.000061 speed=256.9s/s elapsed=151s eta=316s
[CKPT] epoch_end epoch=10 step=350
[EPOCH] 10/30: train_loss=1.2987 val_loss=0.3802 val_acc=0.9076 macro_f1=0.8648 * BEST
[TRAIN] epoch=11 batch=12/35 loss=0.0000 lr=0.000059 speed=257.4s/s elapsed=162s eta=308s
[TRAIN] epoch=11 batch=24/35 loss=0.0000 lr=0.000058 speed=257.1s/s elapsed=165s eta=299s
[CKPT] epoch_end epoch=11 step=385
[EPOCH] 11/30: train_loss=1.2744 val_loss=0.3762 val_acc=0.8992 macro_f1=0.8490 * BEST
[TRAIN] epoch=12 batch=12/35 loss=0.0000 lr=0.000055 speed=255.9s/s elapsed=177s eta=292s
[TRAIN] epoch=12 batch=24/35 loss=0.0000 lr=0.000054 speed=256.9s/s elapsed=180s eta=283s
[EPOCH] 12/30: train_loss=1.2606 val_loss=0.3821 val_acc=0.9076 macro_f1=0.8533
[TRAIN] epoch=13 batch=12/35 loss=0.0000 lr=0.000051 speed=255.5s/s elapsed=189s eta=271s
[TRAIN] epoch=13 batch=24/35 loss=0.0000 lr=0.000050 speed=257.4s/s elapsed=192s eta=263s
[CKPT] epoch_end epoch=13 step=455
[EPOCH] 13/30: train_loss=1.2408 val_loss=0.3380 val_acc=0.9244 macro_f1=0.8866 * BEST
[TRAIN] epoch=14 batch=12/35 loss=0.0000 lr=0.000047 speed=255.8s/s elapsed=204s eta=254s
[TRAIN] epoch=14 batch=24/35 loss=0.0000 lr=0.000046 speed=257.1s/s elapsed=207s eta=247s
[EPOCH] 14/30: train_loss=1.2350 val_loss=0.3798 val_acc=0.8908 macro_f1=0.8420
[CKPT] batch_250 epoch=15 step=500
[TRAIN] epoch=15 batch=12/35 loss=0.0000 lr=0.000043 speed=257.2s/s elapsed=217s eta=237s
[TRAIN] epoch=15 batch=24/35 loss=0.0000 lr=0.000042 speed=256.7s/s elapsed=220s eta=229s
[EPOCH] 15/30: train_loss=1.2262 val_loss=0.3908 val_acc=0.9076 macro_f1=0.8661
[TRAIN] epoch=16 batch=12/35 loss=0.0000 lr=0.000039 speed=257.0s/s elapsed=230s eta=219s
[TRAIN] epoch=16 batch=24/35 loss=0.0000 lr=0.000038 speed=257.1s/s elapsed=233s eta=212s
[EPOCH] 16/30: train_loss=1.2214 val_loss=0.3891 val_acc=0.9076 macro_f1=0.8661
[TRAIN] epoch=17 batch=12/35 loss=0.0000 lr=0.000035 speed=257.0s/s elapsed=242s eta=202s
[TRAIN] epoch=17 batch=24/35 loss=0.0000 lr=0.000034 speed=256.9s/s elapsed=245s eta=195s
[EPOCH] 17/30: train_loss=1.2222 val_loss=0.3774 val_acc=0.9160 macro_f1=0.8733
[TRAIN] epoch=18 batch=12/35 loss=0.0000 lr=0.000031 speed=256.8s/s elapsed=253s eta=185s
[TRAIN] epoch=18 batch=24/35 loss=0.0000 lr=0.000030 speed=256.5s/s elapsed=256s eta=179s
[EPOCH] 18/30: train_loss=1.2106 val_loss=0.3733 val_acc=0.9076 macro_f1=0.8615
[TRAIN] epoch=19 batch=12/35 loss=0.0000 lr=0.000027 speed=256.1s/s elapsed=265s eta=168s
[TRAIN] epoch=19 batch=24/35 loss=0.0000 lr=0.000026 speed=255.8s/s elapsed=268s eta=162s
[EPOCH] 19/30: train_loss=1.2094 val_loss=0.3653 val_acc=0.9160 macro_f1=0.8723
[TRAIN] Complete. elapsed=271.6s stopped_early=True stopped_by_user=False cycles=1
