[CELL_CAPTURE] cell=Cell 6: Training
run_id=strawberry_leaf_2026-05-14_08-53-00
started_at=2026-05-14T08:53:23.935311+00:00
finished_at=2026-05-14T08:56:39.157978+00:00
duration_sec=195.223

[TRAIN] epochs=20 device=cuda batch_interval=12
[TRAIN] epoch=1 batch=12/18 loss=0.0000 lr=0.000120 speed=263.4s/s elapsed=7s eta=201s
[CKPT] epoch_end epoch=1 step=18
[EPOCH] 1/20: train_loss=1.3857 val_loss=1.2508 val_acc=0.7271 macro_f1=0.5912 * BEST
[TRAIN] epoch=2 batch=12/18 loss=0.0000 lr=0.000118 speed=262.1s/s elapsed=22s eta=238s
[CKPT] epoch_end epoch=2 step=36
[EPOCH] 2/20: train_loss=1.2668 val_loss=0.9893 val_acc=0.7251 macro_f1=0.6264 * BEST
[TRAIN] epoch=3 batch=12/18 loss=0.0000 lr=0.000115 speed=263.1s/s elapsed=34s eta=223s
[CKPT] epoch_end epoch=3 step=54
[EPOCH] 3/20: train_loss=1.0548 val_loss=0.5684 val_acc=0.9654 macro_f1=0.9622 * BEST
[TRAIN] epoch=4 batch=12/18 loss=0.0000 lr=0.000110 speed=262.1s/s elapsed=47s eta=208s
[CKPT] epoch_end epoch=4 step=72
[EPOCH] 4/20: train_loss=0.9106 val_loss=0.2266 val_acc=0.9552 macro_f1=0.9511 * BEST
[TRAIN] epoch=5 batch=12/18 loss=0.0000 lr=0.000105 speed=262.7s/s elapsed=58s eta=192s
[CKPT] epoch_end epoch=5 step=90
[EPOCH] 5/20: train_loss=0.8043 val_loss=0.0550 val_acc=0.9939 macro_f1=0.9924 * BEST
[TRAIN] epoch=6 batch=12/18 loss=0.0000 lr=0.000098 speed=263.0s/s elapsed=70s eta=178s
[CKPT] epoch_end epoch=6 step=108
[EPOCH] 6/20: train_loss=0.7735 val_loss=0.0339 val_acc=0.9959 macro_f1=0.9951 * BEST
[TRAIN] epoch=7 batch=12/18 loss=0.0000 lr=0.000090 speed=262.7s/s elapsed=82s eta=164s
[CKPT] epoch_end epoch=7 step=126
[EPOCH] 7/20: train_loss=0.7681 val_loss=0.0217 val_acc=0.9939 macro_f1=0.9924 * BEST
[TRAIN] epoch=8 batch=12/18 loss=0.0000 lr=0.000082 speed=262.8s/s elapsed=94s eta=151s
[CKPT] epoch_end epoch=8 step=144
[EPOCH] 8/20: train_loss=0.7616 val_loss=0.0185 val_acc=0.9939 macro_f1=0.9924 * BEST
[TRAIN] epoch=9 batch=12/18 loss=0.0000 lr=0.000073 speed=261.7s/s elapsed=106s eta=139s
[CKPT] epoch_end epoch=9 step=162
[EPOCH] 9/20: train_loss=0.7608 val_loss=0.0144 val_acc=0.9959 macro_f1=0.9951 * BEST
[TRAIN] epoch=10 batch=12/18 loss=0.0000 lr=0.000064 speed=262.8s/s elapsed=118s eta=126s
[EPOCH] 10/20: train_loss=0.7582 val_loss=0.0208 val_acc=0.9959 macro_f1=0.9951
[TRAIN] epoch=11 batch=12/18 loss=0.0000 lr=0.000054 speed=262.7s/s elapsed=128s eta=112s
[CKPT] epoch_end epoch=11 step=198
[EPOCH] 11/20: train_loss=0.7572 val_loss=0.0107 val_acc=0.9959 macro_f1=0.9951 * BEST
[TRAIN] epoch=12 batch=12/18 loss=0.0000 lr=0.000045 speed=262.7s/s elapsed=140s eta=100s
[CKPT] epoch_end epoch=12 step=216
[EPOCH] 12/20: train_loss=0.7565 val_loss=0.0073 val_acc=0.9959 macro_f1=0.9951 * BEST
[TRAIN] epoch=13 batch=12/18 loss=0.0000 lr=0.000036 speed=262.6s/s elapsed=152s eta=88s
[EPOCH] 13/20: train_loss=0.7569 val_loss=0.0144 val_acc=0.9959 macro_f1=0.9951
[TRAIN] epoch=14 batch=12/18 loss=0.0000 lr=0.000028 speed=261.4s/s elapsed=161s eta=75s
[CKPT] batch_250 epoch=14 step=250
[EPOCH] 14/20: train_loss=0.7560 val_loss=0.0103 val_acc=0.9959 macro_f1=0.9951
[TRAIN] epoch=15 batch=12/18 loss=0.0000 lr=0.000021 speed=261.2s/s elapsed=172s eta=62s
[EPOCH] 15/20: train_loss=0.7572 val_loss=0.0109 val_acc=0.9959 macro_f1=0.9951
[TRAIN] epoch=16 batch=12/18 loss=0.0000 lr=0.000014 speed=262.5s/s elapsed=182s eta=50s
[EPOCH] 16/20: train_loss=0.7566 val_loss=0.0171 val_acc=0.9939 macro_f1=0.9924
[TRAIN] epoch=17 batch=12/18 loss=0.0000 lr=0.000009 speed=262.6s/s elapsed=191s eta=38s
[EPOCH] 17/20: train_loss=0.7562 val_loss=0.0198 val_acc=0.9959 macro_f1=0.9951
[TRAIN] Complete. elapsed=195.0s stopped_early=True stopped_by_user=False cycles=1
