[CELL_CAPTURE] cell=Cell 6: Training
run_id=tomato_leaf_2026-05-14_11-42-54
started_at=2026-05-14T11:43:52.036347+00:00
finished_at=2026-05-14T11:54:57.000697+00:00
duration_sec=664.964

[TRAIN] epochs=26 device=cuda batch_interval=12
[TRAIN] epoch=1 batch=12/58 loss=0.0000 lr=0.000110 speed=150.9s/s elapsed=11s eta=1337s
[TRAIN] epoch=1 batch=24/58 loss=0.0000 lr=0.000110 speed=260.7s/s elapsed=15s eta=942s
[TRAIN] epoch=1 batch=36/58 loss=0.0000 lr=0.000110 speed=259.9s/s elapsed=19s eta=793s
[TRAIN] epoch=1 batch=48/58 loss=0.0000 lr=0.000110 speed=259.2s/s elapsed=24s eta=717s
[CKPT] epoch_end epoch=1 step=58
[EPOCH] 1/26: train_loss=2.2988 val_loss=2.2722 val_acc=0.1686 macro_f1=0.0867 * BEST
[TRAIN] epoch=2 batch=12/58 loss=0.0000 lr=0.000109 speed=149.8s/s elapsed=48s eta=976s
[TRAIN] epoch=2 batch=24/58 loss=0.0000 lr=0.000109 speed=259.3s/s elapsed=52s eta=900s
[TRAIN] epoch=2 batch=36/58 loss=0.0000 lr=0.000109 speed=260.5s/s elapsed=56s eta=841s
[TRAIN] epoch=2 batch=48/58 loss=0.0000 lr=0.000109 speed=260.0s/s elapsed=60s eta=795s
[CKPT] epoch_end epoch=2 step=116
[EPOCH] 2/26: train_loss=2.0603 val_loss=1.6281 val_acc=0.4885 macro_f1=0.4844 * BEST
[TRAIN] epoch=3 batch=12/58 loss=0.0000 lr=0.000108 speed=247.1s/s elapsed=81s eta=875s
[TRAIN] epoch=3 batch=24/58 loss=0.0000 lr=0.000108 speed=260.5s/s elapsed=85s eta=834s
[TRAIN] epoch=3 batch=36/58 loss=0.0000 lr=0.000107 speed=260.6s/s elapsed=89s eta=798s
[TRAIN] epoch=3 batch=48/58 loss=0.0000 lr=0.000107 speed=260.7s/s elapsed=94s eta=767s
[CKPT] epoch_end epoch=3 step=174
[EPOCH] 3/26: train_loss=1.8464 val_loss=1.1373 val_acc=0.6514 macro_f1=0.6502 * BEST
[TRAIN] epoch=4 batch=12/58 loss=0.0000 lr=0.000106 speed=191.0s/s elapsed=113s eta=804s
[TRAIN] epoch=4 batch=24/58 loss=0.0000 lr=0.000105 speed=260.5s/s elapsed=117s eta=776s
[TRAIN] epoch=4 batch=36/58 loss=0.0000 lr=0.000105 speed=260.9s/s elapsed=121s eta=751s
[TRAIN] epoch=4 batch=48/58 loss=0.0000 lr=0.000104 speed=260.4s/s elapsed=126s eta=728s
[CKPT] epoch_end epoch=4 step=232
[EPOCH] 4/26: train_loss=1.7682 val_loss=0.9696 val_acc=0.7095 macro_f1=0.7085 * BEST
[TRAIN] epoch=5 batch=12/58 loss=0.0000 lr=0.000103 speed=251.4s/s elapsed=145s eta=752s
[CKPT] batch_250 epoch=5 step=250
[TRAIN] epoch=5 batch=24/58 loss=0.0000 lr=0.000102 speed=260.9s/s elapsed=151s eta=740s
[TRAIN] epoch=5 batch=36/58 loss=0.0000 lr=0.000102 speed=260.6s/s elapsed=155s eta=719s
[TRAIN] epoch=5 batch=48/58 loss=0.0000 lr=0.000101 speed=260.8s/s elapsed=160s eta=700s
[CKPT] epoch_end epoch=5 step=290
[EPOCH] 5/26: train_loss=1.7210 val_loss=0.7582 val_acc=0.7807 macro_f1=0.7782 * BEST
[TRAIN] epoch=6 batch=12/58 loss=0.0000 lr=0.000100 speed=260.0s/s elapsed=180s eta=719s
[TRAIN] epoch=6 batch=24/58 loss=0.0000 lr=0.000099 speed=260.9s/s elapsed=184s eta=701s
[TRAIN] epoch=6 batch=36/58 loss=0.0000 lr=0.000098 speed=260.5s/s elapsed=188s eta=683s
[TRAIN] epoch=6 batch=48/58 loss=0.0000 lr=0.000097 speed=260.4s/s elapsed=193s eta=667s
[CKPT] epoch_end epoch=6 step=348
[EPOCH] 6/26: train_loss=1.6933 val_loss=0.6184 val_acc=0.8167 macro_f1=0.8174 * BEST
[TRAIN] epoch=7 batch=12/58 loss=0.0000 lr=0.000095 speed=246.8s/s elapsed=212s eta=675s
[TRAIN] epoch=7 batch=24/58 loss=0.0000 lr=0.000094 speed=260.5s/s elapsed=216s eta=659s
[TRAIN] epoch=7 batch=36/58 loss=0.0000 lr=0.000093 speed=260.7s/s elapsed=220s eta=644s
[TRAIN] epoch=7 batch=48/58 loss=0.0000 lr=0.000092 speed=260.6s/s elapsed=224s eta=630s
[CKPT] epoch_end epoch=7 step=406
[EPOCH] 7/26: train_loss=1.6659 val_loss=0.5823 val_acc=0.8331 macro_f1=0.8314 * BEST
[TRAIN] epoch=8 batch=12/58 loss=0.0000 lr=0.000091 speed=198.4s/s elapsed=243s eta=633s
[TRAIN] epoch=8 batch=24/58 loss=0.0000 lr=0.000090 speed=260.6s/s elapsed=247s eta=620s
[TRAIN] epoch=8 batch=36/58 loss=0.0000 lr=0.000088 speed=260.7s/s elapsed=251s eta=606s
[TRAIN] epoch=8 batch=48/58 loss=0.0000 lr=0.000087 speed=260.6s/s elapsed=256s eta=593s
[CKPT] epoch_end epoch=8 step=464
[EPOCH] 8/26: train_loss=1.6512 val_loss=0.4972 val_acc=0.8584 macro_f1=0.8586 * BEST
[TRAIN] epoch=9 batch=12/58 loss=0.0000 lr=0.000085 speed=249.9s/s elapsed=275s eta=596s
[TRAIN] epoch=9 batch=24/58 loss=0.0000 lr=0.000084 speed=260.5s/s elapsed=279s eta=583s
[TRAIN] epoch=9 batch=36/58 loss=0.0000 lr=0.000083 speed=260.2s/s elapsed=283s eta=571s
[CKPT] batch_250 epoch=9 step=500
[TRAIN] epoch=9 batch=48/58 loss=0.0000 lr=0.000082 speed=260.2s/s elapsed=289s eta=563s
[CKPT] epoch_end epoch=9 step=522
[EPOCH] 9/26: train_loss=1.6350 val_loss=0.4743 val_acc=0.8674 macro_f1=0.8678 * BEST
[TRAIN] epoch=10 batch=12/58 loss=0.0000 lr=0.000080 speed=255.9s/s elapsed=310s eta=565s
[TRAIN] epoch=10 batch=24/58 loss=0.0000 lr=0.000078 speed=260.1s/s elapsed=314s eta=553s
[TRAIN] epoch=10 batch=36/58 loss=0.0000 lr=0.000077 speed=259.2s/s elapsed=318s eta=542s
[TRAIN] epoch=10 batch=48/58 loss=0.0000 lr=0.000076 speed=259.8s/s elapsed=322s eta=530s
[CKPT] epoch_end epoch=10 step=580
[EPOCH] 10/26: train_loss=1.6215 val_loss=0.4691 val_acc=0.8838 macro_f1=0.8856 * BEST
[TRAIN] epoch=11 batch=12/58 loss=0.0000 lr=0.000074 speed=258.9s/s elapsed=344s eta=532s
[TRAIN] epoch=11 batch=24/58 loss=0.0000 lr=0.000072 speed=259.8s/s elapsed=348s eta=521s
[TRAIN] epoch=11 batch=36/58 loss=0.0000 lr=0.000071 speed=260.7s/s elapsed=352s eta=510s
[TRAIN] epoch=11 batch=48/58 loss=0.0000 lr=0.000070 speed=260.4s/s elapsed=357s eta=500s
[CKPT] epoch_end epoch=11 step=638
[EPOCH] 11/26: train_loss=1.6168 val_loss=0.4309 val_acc=0.8805 macro_f1=0.8795 * BEST
[TRAIN] epoch=12 batch=12/58 loss=0.0000 lr=0.000067 speed=258.5s/s elapsed=376s eta=496s
[TRAIN] epoch=12 batch=24/58 loss=0.0000 lr=0.000066 speed=260.5s/s elapsed=380s eta=485s
[TRAIN] epoch=12 batch=36/58 loss=0.0000 lr=0.000065 speed=260.5s/s elapsed=384s eta=475s
[TRAIN] epoch=12 batch=48/58 loss=0.0000 lr=0.000063 speed=260.3s/s elapsed=388s eta=465s
[EPOCH] 12/26: train_loss=1.6142 val_loss=0.4575 val_acc=0.8895 macro_f1=0.8897
[TRAIN] epoch=13 batch=12/58 loss=0.0000 lr=0.000061 speed=259.8s/s elapsed=404s eta=457s
[TRAIN] epoch=13 batch=24/58 loss=0.0000 lr=0.000059 speed=260.4s/s elapsed=408s eta=447s
[TRAIN] epoch=13 batch=36/58 loss=0.0000 lr=0.000058 speed=260.6s/s elapsed=413s eta=437s
[TRAIN] epoch=13 batch=48/58 loss=0.0000 lr=0.000057 speed=260.7s/s elapsed=417s eta=428s
[CKPT] batch_250 epoch=13 step=750
[CKPT] epoch_end epoch=13 step=754
[EPOCH] 13/26: train_loss=1.6083 val_loss=0.4177 val_acc=0.8805 macro_f1=0.8815 * BEST
[TRAIN] epoch=14 batch=12/58 loss=0.0000 lr=0.000054 speed=260.7s/s elapsed=438s eta=424s
[TRAIN] epoch=14 batch=24/58 loss=0.0000 lr=0.000053 speed=259.6s/s elapsed=442s eta=415s
[TRAIN] epoch=14 batch=36/58 loss=0.0000 lr=0.000051 speed=260.4s/s elapsed=446s eta=405s
[TRAIN] epoch=14 batch=48/58 loss=0.0000 lr=0.000050 speed=260.4s/s elapsed=450s eta=396s
[EPOCH] 14/26: train_loss=1.6030 val_loss=0.4269 val_acc=0.8854 macro_f1=0.8871
[TRAIN] epoch=15 batch=12/58 loss=0.0000 lr=0.000048 speed=260.7s/s elapsed=467s eta=387s
[TRAIN] epoch=15 batch=24/58 loss=0.0000 lr=0.000046 speed=260.7s/s elapsed=471s eta=379s
[TRAIN] epoch=15 batch=36/58 loss=0.0000 lr=0.000045 speed=260.4s/s elapsed=475s eta=370s
[TRAIN] epoch=15 batch=48/58 loss=0.0000 lr=0.000044 speed=260.2s/s elapsed=479s eta=361s
[CKPT] epoch_end epoch=15 step=870
[EPOCH] 15/26: train_loss=1.5954 val_loss=0.3970 val_acc=0.8895 macro_f1=0.8906 * BEST
[TRAIN] epoch=16 batch=12/58 loss=0.0000 lr=0.000041 speed=255.7s/s elapsed=499s eta=354s
[TRAIN] epoch=16 batch=24/58 loss=0.0000 lr=0.000040 speed=260.4s/s elapsed=503s eta=346s
[TRAIN] epoch=16 batch=36/58 loss=0.0000 lr=0.000039 speed=259.7s/s elapsed=508s eta=337s
[TRAIN] epoch=16 batch=48/58 loss=0.0000 lr=0.000037 speed=259.7s/s elapsed=512s eta=329s
[EPOCH] 16/26: train_loss=1.5933 val_loss=0.4208 val_acc=0.8953 macro_f1=0.8970
[TRAIN] epoch=17 batch=12/58 loss=0.0000 lr=0.000035 speed=257.7s/s elapsed=528s eta=319s
[TRAIN] epoch=17 batch=24/58 loss=0.0000 lr=0.000034 speed=260.6s/s elapsed=532s eta=311s
[TRAIN] epoch=17 batch=36/58 loss=0.0000 lr=0.000032 speed=260.8s/s elapsed=536s eta=303s
[TRAIN] epoch=17 batch=48/58 loss=0.0000 lr=0.000031 speed=260.5s/s elapsed=540s eta=294s
[EPOCH] 17/26: train_loss=1.5898 val_loss=0.4178 val_acc=0.8969 macro_f1=0.8994
[TRAIN] epoch=18 batch=12/58 loss=0.0000 lr=0.000029 speed=259.9s/s elapsed=557s eta=284s
[CKPT] batch_250 epoch=18 step=1000
[TRAIN] epoch=18 batch=24/58 loss=0.0000 lr=0.000028 speed=260.0s/s elapsed=563s eta=277s
[TRAIN] epoch=18 batch=36/58 loss=0.0000 lr=0.000027 speed=260.7s/s elapsed=567s eta=270s
[TRAIN] epoch=18 batch=48/58 loss=0.0000 lr=0.000025 speed=260.6s/s elapsed=571s eta=262s
[EPOCH] 18/26: train_loss=1.5888 val_loss=0.4043 val_acc=0.8961 macro_f1=0.8973
[TRAIN] epoch=19 batch=12/58 loss=0.0000 lr=0.000023 speed=252.8s/s elapsed=587s eta=251s
[TRAIN] epoch=19 batch=24/58 loss=0.0000 lr=0.000022 speed=260.7s/s elapsed=591s eta=243s
[TRAIN] epoch=19 batch=36/58 loss=0.0000 lr=0.000021 speed=259.6s/s elapsed=595s eta=236s
[TRAIN] epoch=19 batch=48/58 loss=0.0000 lr=0.000020 speed=260.5s/s elapsed=599s eta=228s
[EPOCH] 19/26: train_loss=1.5891 val_loss=0.4013 val_acc=0.8961 macro_f1=0.8979
[TRAIN] epoch=20 batch=12/58 loss=0.0000 lr=0.000018 speed=259.7s/s elapsed=615s eta=217s
[TRAIN] epoch=20 batch=24/58 loss=0.0000 lr=0.000017 speed=260.4s/s elapsed=619s eta=210s
[TRAIN] epoch=20 batch=36/58 loss=0.0000 lr=0.000016 speed=259.4s/s elapsed=623s eta=203s
[TRAIN] epoch=20 batch=48/58 loss=0.0000 lr=0.000015 speed=259.5s/s elapsed=627s eta=195s
[EPOCH] 20/26: train_loss=1.5854 val_loss=0.4084 val_acc=0.8928 macro_f1=0.8952
[TRAIN] epoch=21 batch=12/58 loss=0.0000 lr=0.000014 speed=260.1s/s elapsed=644s eta=185s
[TRAIN] epoch=21 batch=24/58 loss=0.0000 lr=0.000013 speed=260.2s/s elapsed=648s eta=177s
[TRAIN] epoch=21 batch=36/58 loss=0.0000 lr=0.000012 speed=260.0s/s elapsed=652s eta=170s
[TRAIN] epoch=21 batch=48/58 loss=0.0000 lr=0.000011 speed=260.1s/s elapsed=657s eta=163s
[EPOCH] 21/26: train_loss=1.5863 val_loss=0.3980 val_acc=0.8969 macro_f1=0.8987
[TRAIN] Complete. elapsed=664.8s stopped_early=True stopped_by_user=False cycles=1
