[CELL_CAPTURE] cell=Cell 6: Training
run_id=strawberry_leaf_2026-05-13_09-11-54
started_at=2026-05-13T09:12:15.571216+00:00
finished_at=2026-05-13T09:15:47.609948+00:00
duration_sec=212.039

[TRAIN] epochs=24 device=cuda batch_interval=12
[TRAIN] epoch=1 batch=12/18 loss=0.0000 lr=0.000120 speed=263.0s/s elapsed=7s eta=249s
[CKPT] epoch_end epoch=1 step=18
[EPOCH] 1/24: train_loss=1.3857 val_loss=1.2507 val_acc=0.7312 macro_f1=0.5958 * BEST
[TRAIN] epoch=2 batch=12/18 loss=0.0000 lr=0.000119 speed=261.3s/s elapsed=22s eta=295s
[CKPT] epoch_end epoch=2 step=36
[EPOCH] 2/24: train_loss=1.2667 val_loss=0.9874 val_acc=0.7251 macro_f1=0.6261 * BEST
[TRAIN] epoch=3 batch=12/18 loss=0.0000 lr=0.000116 speed=262.8s/s elapsed=35s eta=283s
[CKPT] epoch_end epoch=3 step=54
[EPOCH] 3/24: train_loss=1.0538 val_loss=0.5618 val_acc=0.9633 macro_f1=0.9602 * BEST
[TRAIN] epoch=4 batch=12/18 loss=0.0000 lr=0.000113 speed=262.9s/s elapsed=48s eta=267s
[CKPT] epoch_end epoch=4 step=72
[EPOCH] 4/24: train_loss=0.9087 val_loss=0.2189 val_acc=0.9552 macro_f1=0.9511 * BEST
[TRAIN] epoch=5 batch=12/18 loss=0.0000 lr=0.000109 speed=262.6s/s elapsed=60s eta=248s
[CKPT] epoch_end epoch=5 step=90
[EPOCH] 5/24: train_loss=0.8028 val_loss=0.0497 val_acc=0.9959 macro_f1=0.9951 * BEST
[TRAIN] epoch=6 batch=12/18 loss=0.0000 lr=0.000104 speed=262.5s/s elapsed=72s eta=233s
[CKPT] epoch_end epoch=6 step=108
[EPOCH] 6/24: train_loss=0.7731 val_loss=0.0318 val_acc=0.9939 macro_f1=0.9924 * BEST
[TRAIN] epoch=7 batch=12/18 loss=0.0000 lr=0.000099 speed=262.4s/s elapsed=86s eta=225s
[CKPT] epoch_end epoch=7 step=126
[EPOCH] 7/24: train_loss=0.7674 val_loss=0.0209 val_acc=0.9939 macro_f1=0.9924 * BEST
[TRAIN] epoch=8 batch=12/18 loss=0.0000 lr=0.000092 speed=262.7s/s elapsed=99s eta=210s
[CKPT] epoch_end epoch=8 step=144
[EPOCH] 8/24: train_loss=0.7612 val_loss=0.0177 val_acc=0.9939 macro_f1=0.9924 * BEST
[TRAIN] epoch=9 batch=12/18 loss=0.0000 lr=0.000086 speed=263.3s/s elapsed=111s eta=196s
[CKPT] epoch_end epoch=9 step=162
[EPOCH] 9/24: train_loss=0.7604 val_loss=0.0123 val_acc=0.9959 macro_f1=0.9951 * BEST
[TRAIN] epoch=10 batch=12/18 loss=0.0000 lr=0.000078 speed=262.7s/s elapsed=123s eta=182s
[EPOCH] 10/24: train_loss=0.7579 val_loss=0.0209 val_acc=0.9959 macro_f1=0.9951
[TRAIN] epoch=11 batch=12/18 loss=0.0000 lr=0.000071 speed=262.5s/s elapsed=133s eta=167s
[CKPT] epoch_end epoch=11 step=198
[EPOCH] 11/24: train_loss=0.7566 val_loss=0.0086 val_acc=0.9959 macro_f1=0.9951 * BEST
[TRAIN] epoch=12 batch=12/18 loss=0.0000 lr=0.000063 speed=262.2s/s elapsed=145s eta=154s
[CKPT] epoch_end epoch=12 step=216
[EPOCH] 12/24: train_loss=0.7560 val_loss=0.0052 val_acc=0.9959 macro_f1=0.9951 * BEST
[TRAIN] epoch=13 batch=12/18 loss=0.0000 lr=0.000055 speed=263.0s/s elapsed=157s eta=141s
[EPOCH] 13/24: train_loss=0.7562 val_loss=0.0137 val_acc=0.9959 macro_f1=0.9951
[TRAIN] epoch=14 batch=12/18 loss=0.0000 lr=0.000048 speed=263.1s/s elapsed=169s eta=128s
[CKPT] batch_250 epoch=14 step=250
[EPOCH] 14/24: train_loss=0.7554 val_loss=0.0081 val_acc=0.9959 macro_f1=0.9951
[TRAIN] epoch=15 batch=12/18 loss=0.0000 lr=0.000040 speed=263.0s/s elapsed=180s eta=114s
[EPOCH] 15/24: train_loss=0.7565 val_loss=0.0127 val_acc=0.9959 macro_f1=0.9951
[TRAIN] epoch=16 batch=12/18 loss=0.0000 lr=0.000033 speed=262.8s/s elapsed=189s eta=101s
[EPOCH] 16/24: train_loss=0.7557 val_loss=0.0212 val_acc=0.9939 macro_f1=0.9924
[TRAIN] epoch=17 batch=12/18 loss=0.0000 lr=0.000026 speed=263.1s/s elapsed=199s eta=87s
[EPOCH] 17/24: train_loss=0.7552 val_loss=0.0215 val_acc=0.9959 macro_f1=0.9951
[TRAIN] epoch=18 batch=12/18 loss=0.0000 lr=0.000020 speed=262.9s/s elapsed=208s eta=74s
[EPOCH] 18/24: train_loss=0.7555 val_loss=0.0194 val_acc=0.9939 macro_f1=0.9924
[TRAIN] Complete. elapsed=211.9s stopped_early=True stopped_by_user=False cycles=1
