[CELL_CAPTURE] cell=Cell 6: Training
run_id=grape_fruit_2026-04-21_20-22-20
started_at=2026-04-21T20:31:48.413161+00:00
finished_at=2026-04-21T20:34:33.430945+00:00
duration_sec=165.018

[TRAIN] epochs=30 device=cuda batch_interval=12
[TRAIN] epoch=1 batch=12/23 loss=0.0000 lr=0.000100 speed=211.8s/s elapsed=5s eta=272s
[EPOCH] 1/30: train_loss=1.6348
[TRAIN] epoch=2 batch=12/23 loss=0.0000 lr=0.000099 speed=228.6s/s elapsed=10s eta=182s
[CKPT] epoch_end epoch=2 step=46
[EPOCH] 2/30: train_loss=1.6058 val_loss=1.4664 val_acc=0.3908 macro_f1=0.1124 * BEST
[TRAIN] epoch=3 batch=12/23 loss=0.0000 lr=0.000098 speed=227.2s/s elapsed=19s eta=207s
[EPOCH] 3/30: train_loss=1.5832
[TRAIN] epoch=4 batch=12/23 loss=0.0000 lr=0.000097 speed=224.1s/s elapsed=23s eta=175s
[CKPT] epoch_end epoch=4 step=92
[EPOCH] 4/30: train_loss=1.4044 val_loss=0.9047 val_acc=0.7011 macro_f1=0.5440 * BEST
[TRAIN] epoch=5 batch=12/23 loss=0.0000 lr=0.000095 speed=224.3s/s elapsed=31s eta=176s
[EPOCH] 5/30: train_loss=1.2137
[TRAIN] epoch=6 batch=12/23 loss=0.0000 lr=0.000092 speed=228.5s/s elapsed=36s eta=161s
[CKPT] epoch_end epoch=6 step=138
[EPOCH] 6/30: train_loss=1.1497 val_loss=0.6482 val_acc=0.7701 macro_f1=0.6222 * BEST
[TRAIN] epoch=7 batch=12/23 loss=0.0000 lr=0.000089 speed=224.6s/s elapsed=44s eta=158s
[EPOCH] 7/30: train_loss=1.0936
[TRAIN] epoch=8 batch=12/23 loss=0.0000 lr=0.000085 speed=222.2s/s elapsed=48s eta=144s
[CKPT] epoch_end epoch=8 step=184
[EPOCH] 8/30: train_loss=1.0531 val_loss=0.6345 val_acc=0.7931 macro_f1=0.7328 * BEST
[TRAIN] epoch=9 batch=12/23 loss=0.0000 lr=0.000082 speed=220.7s/s elapsed=56s eta=141s
[EPOCH] 9/30: train_loss=1.0485
[TRAIN] epoch=10 batch=12/23 loss=0.0000 lr=0.000077 speed=223.8s/s elapsed=60s eta=129s
[CKPT] epoch_end epoch=10 step=230
[EPOCH] 10/30: train_loss=1.0211 val_loss=0.5485 val_acc=0.8103 macro_f1=0.7633 * BEST
[TRAIN] epoch=11 batch=12/23 loss=0.0000 lr=0.000073 speed=225.6s/s elapsed=68s eta=126s
[CKPT] batch_250 epoch=11 step=250
[EPOCH] 11/30: train_loss=0.9968
[TRAIN] epoch=12 batch=12/23 loss=0.0000 lr=0.000068 speed=216.7s/s elapsed=74s eta=119s
[CKPT] epoch_end epoch=12 step=276
[EPOCH] 12/30: train_loss=0.9957 val_loss=0.3426 val_acc=0.8793 macro_f1=0.8408 * BEST
[TRAIN] epoch=13 batch=12/23 loss=0.0000 lr=0.000063 speed=223.9s/s elapsed=82s eta=115s
[EPOCH] 13/30: train_loss=0.9659
[TRAIN] epoch=14 batch=12/23 loss=0.0000 lr=0.000058 speed=224.9s/s elapsed=86s eta=105s
[CKPT] epoch_end epoch=14 step=322
[EPOCH] 14/30: train_loss=0.9644 val_loss=0.2699 val_acc=0.8908 macro_f1=0.8548 * BEST
[TRAIN] epoch=15 batch=12/23 loss=0.0000 lr=0.000053 speed=228.7s/s elapsed=94s eta=100s
[EPOCH] 15/30: train_loss=0.9479
[TRAIN] epoch=16 batch=12/23 loss=0.0000 lr=0.000048 speed=227.5s/s elapsed=99s eta=93s
[CKPT] epoch_end epoch=16 step=368
[EPOCH] 16/30: train_loss=0.9457 val_loss=0.2651 val_acc=0.9080 macro_f1=0.8849 * BEST
[TRAIN] epoch=17 batch=12/23 loss=0.0000 lr=0.000043 speed=204.7s/s elapsed=107s eta=87s
[EPOCH] 17/30: train_loss=0.9382
[TRAIN] epoch=18 batch=12/23 loss=0.0000 lr=0.000038 speed=222.5s/s elapsed=111s eta=79s
[CKPT] epoch_end epoch=18 step=414
[EPOCH] 18/30: train_loss=0.9281 val_loss=0.2450 val_acc=0.9080 macro_f1=0.8985 * BEST
[TRAIN] epoch=19 batch=12/23 loss=0.0000 lr=0.000033 speed=226.2s/s elapsed=119s eta=74s
[EPOCH] 19/30: train_loss=0.9348
[TRAIN] epoch=20 batch=12/23 loss=0.0000 lr=0.000028 speed=215.2s/s elapsed=123s eta=66s
[EPOCH] 20/30: train_loss=0.9391 val_loss=0.2818 val_acc=0.8966 macro_f1=0.8687
[TRAIN] epoch=21 batch=12/23 loss=0.0000 lr=0.000023 speed=229.4s/s elapsed=129s eta=60s
[EPOCH] 21/30: train_loss=0.9395
[TRAIN] epoch=22 batch=12/23 loss=0.0000 lr=0.000019 speed=227.3s/s elapsed=133s eta=53s
[CKPT] batch_250 epoch=22 step=500
[EPOCH] 22/30: train_loss=0.9309 val_loss=0.2980 val_acc=0.8908 macro_f1=0.8581
[TRAIN] epoch=23 batch=12/23 loss=0.0000 lr=0.000015 speed=226.2s/s elapsed=140s eta=46s
[EPOCH] 23/30: train_loss=0.9303
[TRAIN] epoch=24 batch=12/23 loss=0.0000 lr=0.000012 speed=227.2s/s elapsed=144s eta=40s
[EPOCH] 24/30: train_loss=0.9300 val_loss=0.2644 val_acc=0.9080 macro_f1=0.8735
[TRAIN] epoch=25 batch=12/23 loss=0.0000 lr=0.000009 speed=223.1s/s elapsed=149s eta=33s
[EPOCH] 25/30: train_loss=0.9308
[TRAIN] epoch=26 batch=12/23 loss=0.0000 lr=0.000006 speed=229.6s/s elapsed=154s eta=27s
[EPOCH] 26/30: train_loss=0.9193 val_loss=0.2708 val_acc=0.9138 macro_f1=0.8934
[TRAIN] epoch=27 batch=12/23 loss=0.0000 lr=0.000004 speed=223.6s/s elapsed=158s eta=21s
[EPOCH] 27/30: train_loss=0.9172
[TRAIN] epoch=28 batch=12/23 loss=0.0000 lr=0.000003 speed=223.3s/s elapsed=163s eta=15s
[EPOCH] 28/30: train_loss=0.9310 val_loss=0.2755 val_acc=0.8966 macro_f1=0.8609
[TRAIN] Complete. elapsed=165.0s stopped_early=True stopped_by_user=False cycles=1

[STDERR]
/tmp/ipykernel_396/425180498.py:188: UserWarning: No artists with labels found to put in legend.  Note that artists whose label start with an underscore are ignored when legend() is called with no argument.
  plt.legend()
/tmp/ipykernel_396/425180498.py:198: UserWarning: No artists with labels found to put in legend.  Note that artists whose label start with an underscore are ignored when legend() is called with no argument.
  plt.legend()
