[CELL_CAPTURE] cell=Cell 6: Training
run_id=tomato_leaf_2026-05-25_17-15-36
started_at=2026-05-25T17:16:12.324642+00:00
finished_at=2026-05-25T17:28:53.746534+00:00
duration_sec=761.422

[TRAIN] epochs=24 device=cuda batch_interval=12
[TRAIN] epoch=1 batch=12/58 loss=0.0000 lr=0.000085 speed=261.5s/s elapsed=13s eta=1536s
[TRAIN] epoch=1 batch=24/58 loss=0.0000 lr=0.000085 speed=261.2s/s elapsed=18s eta=998s
[TRAIN] epoch=1 batch=36/58 loss=0.0000 lr=0.000085 speed=261.3s/s elapsed=22s eta=816s
[TRAIN] epoch=1 batch=48/58 loss=0.0000 lr=0.000085 speed=261.3s/s elapsed=26s eta=723s
[CKPT] epoch_end epoch=1 step=58
[EPOCH] 1/24: train_loss=2.3044 val_loss=2.3026 val_acc=0.1473 macro_f1=0.0533 * BEST
[TRAIN] epoch=2 batch=12/58 loss=0.0000 lr=0.000084 speed=229.2s/s elapsed=50s eta=939s
[TRAIN] epoch=2 batch=24/58 loss=0.0000 lr=0.000084 speed=261.6s/s elapsed=54s eta=861s
[TRAIN] epoch=2 batch=36/58 loss=0.0000 lr=0.000084 speed=261.6s/s elapsed=58s eta=801s
[TRAIN] epoch=2 batch=48/58 loss=0.0000 lr=0.000084 speed=260.9s/s elapsed=62s eta=755s
[CKPT] epoch_end epoch=2 step=116
[EPOCH] 2/24: train_loss=2.1273 val_loss=1.9258 val_acc=0.3625 macro_f1=0.3429 * BEST
[TRAIN] epoch=3 batch=12/58 loss=0.0000 lr=0.000083 speed=174.9s/s elapsed=83s eta=824s
[TRAIN] epoch=3 batch=24/58 loss=0.0000 lr=0.000083 speed=261.5s/s elapsed=88s eta=784s
[TRAIN] epoch=3 batch=36/58 loss=0.0000 lr=0.000083 speed=261.3s/s elapsed=92s eta=749s
[TRAIN] epoch=3 batch=48/58 loss=0.0000 lr=0.000082 speed=261.6s/s elapsed=96s eta=718s
[CKPT] epoch_end epoch=3 step=174
[EPOCH] 3/24: train_loss=1.8798 val_loss=1.0812 val_acc=0.6612 macro_f1=0.6601 * BEST
[TRAIN] epoch=4 batch=12/58 loss=0.0000 lr=0.000081 speed=243.0s/s elapsed=116s eta=750s
[TRAIN] epoch=4 batch=24/58 loss=0.0000 lr=0.000081 speed=261.7s/s elapsed=120s eta=723s
[TRAIN] epoch=4 batch=36/58 loss=0.0000 lr=0.000080 speed=260.9s/s elapsed=124s eta=698s
[TRAIN] epoch=4 batch=48/58 loss=0.0000 lr=0.000080 speed=260.0s/s elapsed=128s eta=676s
[CKPT] epoch_end epoch=4 step=232
[EPOCH] 4/24: train_loss=1.7695 val_loss=0.9013 val_acc=0.7185 macro_f1=0.7175 * BEST
[TRAIN] epoch=5 batch=12/58 loss=0.0000 lr=0.000079 speed=218.5s/s elapsed=148s eta=696s
[CKPT] batch_250 epoch=5 step=250
[TRAIN] epoch=5 batch=24/58 loss=0.0000 lr=0.000078 speed=261.3s/s elapsed=154s eta=684s
[TRAIN] epoch=5 batch=36/58 loss=0.0000 lr=0.000078 speed=261.6s/s elapsed=158s eta=664s
[TRAIN] epoch=5 batch=48/58 loss=0.0000 lr=0.000077 speed=261.4s/s elapsed=162s eta=645s
[CKPT] epoch_end epoch=5 step=290
[EPOCH] 5/24: train_loss=1.7184 val_loss=0.7731 val_acc=0.7692 macro_f1=0.7661 * BEST
[TRAIN] epoch=6 batch=12/58 loss=0.0000 lr=0.000076 speed=229.6s/s elapsed=183s eta=660s
[TRAIN] epoch=6 batch=24/58 loss=0.0000 lr=0.000075 speed=261.7s/s elapsed=187s eta=642s
[TRAIN] epoch=6 batch=36/58 loss=0.0000 lr=0.000074 speed=261.6s/s elapsed=191s eta=625s
[TRAIN] epoch=6 batch=48/58 loss=0.0000 lr=0.000073 speed=260.8s/s elapsed=195s eta=609s
[CKPT] epoch_end epoch=6 step=348
[EPOCH] 6/24: train_loss=1.6935 val_loss=0.6566 val_acc=0.7938 macro_f1=0.7919 * BEST
[TRAIN] epoch=7 batch=12/58 loss=0.0000 lr=0.000072 speed=228.7s/s elapsed=215s eta=616s
[TRAIN] epoch=7 batch=24/58 loss=0.0000 lr=0.000071 speed=261.3s/s elapsed=219s eta=601s
[TRAIN] epoch=7 batch=36/58 loss=0.0000 lr=0.000070 speed=261.4s/s elapsed=223s eta=586s
[TRAIN] epoch=7 batch=48/58 loss=0.0000 lr=0.000069 speed=261.6s/s elapsed=227s eta=572s
[CKPT] epoch_end epoch=7 step=406
[EPOCH] 7/24: train_loss=1.6669 val_loss=0.5841 val_acc=0.8290 macro_f1=0.8244 * BEST
[TRAIN] epoch=8 batch=12/58 loss=0.0000 lr=0.000068 speed=247.9s/s elapsed=247s eta=576s
[TRAIN] epoch=8 batch=24/58 loss=0.0000 lr=0.000067 speed=261.4s/s elapsed=251s eta=562s
[TRAIN] epoch=8 batch=36/58 loss=0.0000 lr=0.000066 speed=261.2s/s elapsed=255s eta=549s
[TRAIN] epoch=8 batch=48/58 loss=0.0000 lr=0.000065 speed=261.4s/s elapsed=260s eta=536s
[CKPT] epoch_end epoch=8 step=464
[EPOCH] 8/24: train_loss=1.6545 val_loss=0.5370 val_acc=0.8527 macro_f1=0.8491 * BEST
[TRAIN] epoch=9 batch=12/58 loss=0.0000 lr=0.000063 speed=257.6s/s elapsed=280s eta=539s
[TRAIN] epoch=9 batch=24/58 loss=0.0000 lr=0.000062 speed=261.5s/s elapsed=284s eta=527s
[TRAIN] epoch=9 batch=36/58 loss=0.0000 lr=0.000061 speed=260.5s/s elapsed=289s eta=515s
[CKPT] batch_250 epoch=9 step=500
[TRAIN] epoch=9 batch=48/58 loss=0.0000 lr=0.000060 speed=261.2s/s elapsed=295s eta=506s
[CKPT] epoch_end epoch=9 step=522
[EPOCH] 9/24: train_loss=1.6376 val_loss=0.4942 val_acc=0.8601 macro_f1=0.8593 * BEST
[TRAIN] epoch=10 batch=12/58 loss=0.0000 lr=0.000058 speed=255.7s/s elapsed=314s eta=504s
[TRAIN] epoch=10 batch=24/58 loss=0.0000 lr=0.000057 speed=261.3s/s elapsed=318s eta=493s
[TRAIN] epoch=10 batch=36/58 loss=0.0000 lr=0.000056 speed=261.4s/s elapsed=322s eta=482s
[TRAIN] epoch=10 batch=48/58 loss=0.0000 lr=0.000055 speed=261.0s/s elapsed=326s eta=471s
[CKPT] epoch_end epoch=10 step=580
[EPOCH] 10/24: train_loss=1.6262 val_loss=0.4843 val_acc=0.8773 macro_f1=0.8765 * BEST
[TRAIN] epoch=11 batch=12/58 loss=0.0000 lr=0.000053 speed=259.9s/s elapsed=346s eta=467s
[TRAIN] epoch=11 batch=24/58 loss=0.0000 lr=0.000052 speed=261.4s/s elapsed=350s eta=457s
[TRAIN] epoch=11 batch=36/58 loss=0.0000 lr=0.000051 speed=261.5s/s elapsed=354s eta=446s
[TRAIN] epoch=11 batch=48/58 loss=0.0000 lr=0.000049 speed=261.4s/s elapsed=358s eta=436s
[CKPT] epoch_end epoch=11 step=638
[EPOCH] 11/24: train_loss=1.6213 val_loss=0.4284 val_acc=0.8773 macro_f1=0.8751 * BEST
[TRAIN] epoch=12 batch=12/58 loss=0.0000 lr=0.000047 speed=253.5s/s elapsed=378s eta=431s
[TRAIN] epoch=12 batch=24/58 loss=0.0000 lr=0.000046 speed=261.5s/s elapsed=382s eta=421s
[TRAIN] epoch=12 batch=36/58 loss=0.0000 lr=0.000045 speed=261.6s/s elapsed=386s eta=411s
[TRAIN] epoch=12 batch=48/58 loss=0.0000 lr=0.000044 speed=261.3s/s elapsed=390s eta=402s
[EPOCH] 12/24: train_loss=1.6189 val_loss=0.4742 val_acc=0.8764 macro_f1=0.8736
[TRAIN] epoch=13 batch=12/58 loss=0.0000 lr=0.000042 speed=261.3s/s elapsed=407s eta=393s
[TRAIN] epoch=13 batch=24/58 loss=0.0000 lr=0.000041 speed=261.6s/s elapsed=411s eta=383s
[TRAIN] epoch=13 batch=36/58 loss=0.0000 lr=0.000040 speed=259.4s/s elapsed=415s eta=374s
[TRAIN] epoch=13 batch=48/58 loss=0.0000 lr=0.000038 speed=261.6s/s elapsed=419s eta=365s
[CKPT] batch_250 epoch=13 step=750
[CKPT] epoch_end epoch=13 step=754
[EPOCH] 13/24: train_loss=1.6135 val_loss=0.4254 val_acc=0.8838 macro_f1=0.8838 * BEST
[TRAIN] epoch=14 batch=12/58 loss=0.0000 lr=0.000036 speed=261.5s/s elapsed=441s eta=360s
[TRAIN] epoch=14 batch=24/58 loss=0.0000 lr=0.000035 speed=261.7s/s elapsed=445s eta=351s
[TRAIN] epoch=14 batch=36/58 loss=0.0000 lr=0.000034 speed=261.6s/s elapsed=449s eta=342s
[TRAIN] epoch=14 batch=48/58 loss=0.0000 lr=0.000033 speed=261.7s/s elapsed=453s eta=333s
[EPOCH] 14/24: train_loss=1.6084 val_loss=0.4286 val_acc=0.8838 macro_f1=0.8821
[TRAIN] epoch=15 batch=12/58 loss=0.0000 lr=0.000031 speed=261.7s/s elapsed=470s eta=324s
[TRAIN] epoch=15 batch=24/58 loss=0.0000 lr=0.000030 speed=261.5s/s elapsed=474s eta=315s
[TRAIN] epoch=15 batch=36/58 loss=0.0000 lr=0.000029 speed=261.5s/s elapsed=478s eta=307s
[TRAIN] epoch=15 batch=48/58 loss=0.0000 lr=0.000028 speed=261.4s/s elapsed=482s eta=298s
[CKPT] epoch_end epoch=15 step=870
[EPOCH] 15/24: train_loss=1.6018 val_loss=0.4111 val_acc=0.8863 macro_f1=0.8855 * BEST
[TRAIN] epoch=16 batch=12/58 loss=0.0000 lr=0.000026 speed=261.6s/s elapsed=501s eta=290s
[TRAIN] epoch=16 batch=24/58 loss=0.0000 lr=0.000025 speed=261.4s/s elapsed=506s eta=282s
[TRAIN] epoch=16 batch=36/58 loss=0.0000 lr=0.000024 speed=261.4s/s elapsed=510s eta=273s
[TRAIN] epoch=16 batch=48/58 loss=0.0000 lr=0.000023 speed=261.6s/s elapsed=514s eta=265s
[EPOCH] 16/24: train_loss=1.6008 val_loss=0.4365 val_acc=0.8920 macro_f1=0.8912
[TRAIN] epoch=17 batch=12/58 loss=0.0000 lr=0.000021 speed=253.3s/s elapsed=529s eta=255s
[TRAIN] epoch=17 batch=24/58 loss=0.0000 lr=0.000020 speed=261.6s/s elapsed=533s eta=247s
[TRAIN] epoch=17 batch=36/58 loss=0.0000 lr=0.000019 speed=261.3s/s elapsed=538s eta=239s
[TRAIN] epoch=17 batch=48/58 loss=0.0000 lr=0.000018 speed=261.8s/s elapsed=542s eta=231s
[EPOCH] 17/24: train_loss=1.5974 val_loss=0.4141 val_acc=0.8944 macro_f1=0.8948
[TRAIN] epoch=18 batch=12/58 loss=0.0000 lr=0.000017 speed=260.6s/s elapsed=558s eta=220s
[CKPT] batch_250 epoch=18 step=1000
[TRAIN] epoch=18 batch=24/58 loss=0.0000 lr=0.000016 speed=260.8s/s elapsed=564s eta=213s
[TRAIN] epoch=18 batch=36/58 loss=0.0000 lr=0.000015 speed=261.6s/s elapsed=568s eta=206s
[TRAIN] epoch=18 batch=48/58 loss=0.0000 lr=0.000014 speed=260.8s/s elapsed=572s eta=198s
[EPOCH] 18/24: train_loss=1.5958 val_loss=0.4204 val_acc=0.8920 macro_f1=0.8924
[TRAIN] epoch=19 batch=12/58 loss=0.0000 lr=0.000013 speed=255.6s/s elapsed=588s eta=187s
[TRAIN] epoch=19 batch=24/58 loss=0.0000 lr=0.000012 speed=261.2s/s elapsed=592s eta=180s
[TRAIN] epoch=19 batch=36/58 loss=0.0000 lr=0.000011 speed=261.6s/s elapsed=596s eta=172s
[TRAIN] epoch=19 batch=48/58 loss=0.0000 lr=0.000010 speed=261.6s/s elapsed=600s eta=165s
[CKPT] epoch_end epoch=19 step=1102
[EPOCH] 19/24: train_loss=1.5975 val_loss=0.4045 val_acc=0.8920 macro_f1=0.8916 * BEST
[TRAIN] epoch=20 batch=12/58 loss=0.0000 lr=0.000009 speed=261.4s/s elapsed=619s eta=155s
[TRAIN] epoch=20 batch=24/58 loss=0.0000 lr=0.000008 speed=261.5s/s elapsed=624s eta=147s
[TRAIN] epoch=20 batch=36/58 loss=0.0000 lr=0.000008 speed=261.6s/s elapsed=628s eta=140s
[TRAIN] epoch=20 batch=48/58 loss=0.0000 lr=0.000007 speed=261.5s/s elapsed=632s eta=133s
[EPOCH] 20/24: train_loss=1.5946 val_loss=0.4162 val_acc=0.8953 macro_f1=0.8951
[TRAIN] epoch=21 batch=12/58 loss=0.0000 lr=0.000006 speed=261.2s/s elapsed=650s eta=122s
[TRAIN] epoch=21 batch=24/58 loss=0.0000 lr=0.000006 speed=261.2s/s elapsed=654s eta=115s
[TRAIN] epoch=21 batch=36/58 loss=0.0000 lr=0.000005 speed=261.4s/s elapsed=658s eta=108s
[TRAIN] epoch=21 batch=48/58 loss=0.0000 lr=0.000005 speed=261.7s/s elapsed=663s eta=101s
[EPOCH] 21/24: train_loss=1.5959 val_loss=0.4046 val_acc=0.8920 macro_f1=0.8919
[TRAIN] epoch=22 batch=12/58 loss=0.0000 lr=0.000004 speed=260.8s/s elapsed=678s eta=89s
[TRAIN] epoch=22 batch=24/58 loss=0.0000 lr=0.000003 speed=261.3s/s elapsed=682s eta=82s
[CKPT] batch_250 epoch=22 step=1250
[TRAIN] epoch=22 batch=36/58 loss=0.0000 lr=0.000003 speed=261.2s/s elapsed=689s eta=76s
[TRAIN] epoch=22 batch=48/58 loss=0.0000 lr=0.000003 speed=261.5s/s elapsed=693s eta=69s
[EPOCH] 22/24: train_loss=1.5929 val_loss=0.4113 val_acc=0.8936 macro_f1=0.8940
[TRAIN] epoch=23 batch=12/58 loss=0.0000 lr=0.000002 speed=261.6s/s elapsed=709s eta=57s
[TRAIN] epoch=23 batch=24/58 loss=0.0000 lr=0.000002 speed=259.0s/s elapsed=713s eta=50s
[TRAIN] epoch=23 batch=36/58 loss=0.0000 lr=0.000002 speed=261.4s/s elapsed=717s eta=44s
[TRAIN] epoch=23 batch=48/58 loss=0.0000 lr=0.000001 speed=261.5s/s elapsed=721s eta=37s
[EPOCH] 23/24: train_loss=1.5924 val_loss=0.4132 val_acc=0.8928 macro_f1=0.8936
[TRAIN] epoch=24 batch=12/58 loss=0.0000 lr=0.000001 speed=261.4s/s elapsed=738s eta=25s
[TRAIN] epoch=24 batch=24/58 loss=0.0000 lr=0.000001 speed=261.5s/s elapsed=742s eta=19s
[TRAIN] epoch=24 batch=36/58 loss=0.0000 lr=0.000001 speed=261.5s/s elapsed=746s eta=12s
[TRAIN] epoch=24 batch=48/58 loss=0.0000 lr=0.000001 speed=261.2s/s elapsed=750s eta=5s
[CKPT] epoch_end epoch=24 step=1392
[EPOCH] 24/24: train_loss=1.5891 val_loss=0.4114 val_acc=0.8961 macro_f1=0.8960
[TRAIN] Complete. elapsed=761.1s stopped_early=False stopped_by_user=False cycles=1
