[CELL_CAPTURE] cell=Cell 5: Training
run_id=grape_fruit_2026-04-14_10-56-34
started_at=2026-04-14T10:56:37.298084+00:00
finished_at=2026-04-14T10:58:48.882495+00:00
duration_sec=131.584

[TRAIN] epochs=20 device=cuda batch_interval=12
[LIVE] 1/20 batch=1/6 loss=1.7063 lr=0.000200 throughput=263.3/s elapsed=3s eta=5m31s
[LIVE] 1/20 batch=6/6 loss=1.6225 lr=0.000199 throughput=274.3/s elapsed=5s eta=1m38s
[VALID] 1/20
[LIVE] 2/20 batch=1/6 loss=1.6090 lr=0.000198 throughput=263.6/s elapsed=8s eta=2m08s
[LIVE] 2/20 batch=6/6 loss=1.6224 lr=0.000195 throughput=274.0/s elapsed=10s eta=1m33s
[VALID] 2/20 val_loss=1.7366 val_acc=0.1824 macro_f1=0.1126 bal_acc=0.3500 gap=0.1297
[BEST] 2/20 val_loss=1.7366
[CKPT] epoch_end epoch=2 step=12
[LIVE] 3/20 batch=1/6 loss=1.6102 lr=0.000194 throughput=267.0/s elapsed=18s eta=2m32s
[LIVE] 3/20 batch=6/6 loss=1.6000 lr=0.000189 throughput=274.4/s elapsed=21s eta=1m58s
[VALID] 3/20
[LIVE] 4/20 batch=1/6 loss=1.6048 lr=0.000188 throughput=273.3/s elapsed=23s eta=2m02s
[LIVE] 4/20 batch=6/6 loss=1.5954 lr=0.000181 throughput=274.4/s elapsed=25s eta=1m41s
[VALID] 4/20 val_loss=1.5467 val_acc=0.2973 macro_f1=0.1261 bal_acc=0.2238 gap=-0.0539
[BEST] 4/20 val_loss=1.5467
[CKPT] epoch_end epoch=4 step=24
[LIVE] 5/20 batch=1/6 loss=1.5989 lr=0.000179 throughput=266.0/s elapsed=33s eta=2m07s
[LIVE] 5/20 batch=6/6 loss=1.5878 lr=0.000171 throughput=273.8/s elapsed=36s eta=1m47s
[VALID] 5/20
[LIVE] 6/20 batch=1/6 loss=1.5856 lr=0.000169 throughput=266.3/s elapsed=39s eta=1m52s
[LIVE] 6/20 batch=6/6 loss=1.5613 lr=0.000159 throughput=274.0/s elapsed=41s eta=1m36s
[VALID] 6/20 val_loss=1.3983 val_acc=0.3176 macro_f1=0.2406 bal_acc=0.3225 gap=-0.1664
[BEST] 6/20 val_loss=1.3983
[CKPT] epoch_end epoch=6 step=36
[LIVE] 7/20 batch=1/6 loss=1.5317 lr=0.000157 throughput=264.1/s elapsed=48s eta=1m47s
[LIVE] 7/20 batch=6/6 loss=1.4290 lr=0.000146 throughput=273.8/s elapsed=50s eta=1m33s
[VALID] 7/20
[LIVE] 8/20 batch=1/6 loss=1.4134 lr=0.000143 throughput=260.4/s elapsed=52s eta=1m34s
[LIVE] 8/20 batch=6/6 loss=1.3691 lr=0.000131 throughput=274.2/s elapsed=55s eta=1m22s
[VALID] 8/20 val_loss=1.2361 val_acc=0.5676 macro_f1=0.3888 bal_acc=0.4436 gap=-0.1714
[BEST] 8/20 val_loss=1.2361
[CKPT] epoch_end epoch=8 step=48
[LIVE] 9/20 batch=1/6 loss=1.3749 lr=0.000129 throughput=267.5/s elapsed=1m01s eta=1m28s
[LIVE] 9/20 batch=6/6 loss=1.3388 lr=0.000116 throughput=273.6/s elapsed=1m03s eta=1m17s
[VALID] 9/20
[LIVE] 10/20 batch=1/6 loss=1.2991 lr=0.000113 throughput=274.0/s elapsed=1m05s eta=1m16s
[LIVE] 10/20 batch=6/6 loss=1.2877 lr=0.000101 throughput=274.5/s elapsed=1m07s eta=1m07s
[VALID] 10/20 val_loss=1.1490 val_acc=0.5676 macro_f1=0.4626 bal_acc=0.5440 gap=-0.1597
[BEST] 10/20 val_loss=1.1490
[CKPT] epoch_end epoch=10 step=60
[LIVE] 11/20 batch=1/6 loss=1.2599 lr=0.000098 throughput=265.9/s elapsed=1m12s eta=1m10s
[LIVE] 11/20 batch=6/6 loss=1.2539 lr=0.000085 throughput=273.5/s elapsed=1m15s eta=1m01s
[VALID] 11/20
[LIVE] 12/20 batch=1/6 loss=1.2426 lr=0.000082 throughput=273.5/s elapsed=1m16s eta=1m00s
[LIVE] 12/20 batch=6/6 loss=1.1976 lr=0.000070 throughput=274.2/s elapsed=1m19s eta=52s
[VALID] 12/20 val_loss=0.9511 val_acc=0.6216 macro_f1=0.5433 bal_acc=0.5909 gap=-0.2647
[BEST] 12/20 val_loss=0.9511
[CKPT] epoch_end epoch=12 step=72
[LIVE] 13/20 batch=1/6 loss=1.2166 lr=0.000067 throughput=260.9/s elapsed=1m25s eta=55s
[LIVE] 13/20 batch=6/6 loss=1.1348 lr=0.000055 throughput=274.2/s elapsed=1m28s eta=47s
[VALID] 13/20
[LIVE] 14/20 batch=1/6 loss=1.1642 lr=0.000053 throughput=274.4/s elapsed=1m29s eta=46s
[LIVE] 14/20 batch=6/6 loss=1.1674 lr=0.000042 throughput=274.0/s elapsed=1m32s eta=39s
[VALID] 14/20 val_loss=0.8681 val_acc=0.6554 macro_f1=0.5648 bal_acc=0.6093 gap=-0.3032
[BEST] 14/20 val_loss=0.8681
[CKPT] epoch_end epoch=14 step=84
[LIVE] 15/20 batch=1/6 loss=1.1573 lr=0.000040 throughput=266.8/s elapsed=1m37s eta=40s
[LIVE] 15/20 batch=6/6 loss=1.1849 lr=0.000030 throughput=272.9/s elapsed=1m39s eta=33s
[VALID] 15/20
[LIVE] 16/20 batch=1/6 loss=1.1914 lr=0.000028 throughput=273.8/s elapsed=1m41s eta=32s
[LIVE] 16/20 batch=6/6 loss=1.1505 lr=0.000020 throughput=273.9/s elapsed=1m44s eta=26s
[VALID] 16/20 val_loss=0.8248 val_acc=0.7095 macro_f1=0.6414 bal_acc=0.6677 gap=-0.3355
[BEST] 16/20 val_loss=0.8248
[CKPT] epoch_end epoch=16 step=96
[LIVE] 17/20 batch=1/6 loss=1.1352 lr=0.000018 throughput=264.1/s elapsed=1m49s eta=26s
[LIVE] 17/20 batch=6/6 loss=1.1358 lr=0.000012 throughput=273.8/s elapsed=1m51s eta=20s
[VALID] 17/20
[LIVE] 18/20 batch=1/6 loss=1.0995 lr=0.000011 throughput=274.3/s elapsed=1m53s eta=19s
[LIVE] 18/20 batch=6/6 loss=1.1467 lr=0.000006 throughput=274.5/s elapsed=1m55s eta=13s
[VALID] 18/20 val_loss=0.8105 val_acc=0.7027 macro_f1=0.6215 bal_acc=0.6688 gap=-0.3352
[BEST] 18/20 val_loss=0.8105
[CKPT] epoch_end epoch=18 step=108
[LIVE] 19/20 batch=1/6 loss=1.1774 lr=0.000005 throughput=261.0/s elapsed=2m02s eta=12s
[LIVE] 19/20 batch=6/6 loss=1.1299 lr=0.000002 throughput=273.5/s elapsed=2m04s eta=7s
[VALID] 19/20
[LIVE] 20/20 batch=1/6 loss=1.1352 lr=0.000002 throughput=273.9/s elapsed=2m05s eta=5s
[LIVE] 20/20 batch=6/6 loss=1.1612 lr=0.000001 throughput=274.4/s elapsed=2m08s eta=0s
[VALID] 20/20 val_loss=0.8061 val_acc=0.7027 macro_f1=0.6215 bal_acc=0.6688 gap=-0.3417
[BEST] 20/20 val_loss=0.8061
[CKPT] epoch_end epoch=20 step=120
[TRAIN] Complete. elapsed=131.5s stopped_early=False

[STDERR]
/content/bitirmeprojesi/scripts/colab_notebook_helpers.py:2089: UserWarning: No artists with labels found to put in legend.  Note that artists whose label start with an underscore are ignored when legend() is called with no argument.
  plt.legend()
/content/bitirmeprojesi/scripts/colab_notebook_helpers.py:2099: UserWarning: No artists with labels found to put in legend.  Note that artists whose label start with an underscore are ignored when legend() is called with no argument.
  plt.legend()
