[CELL_CAPTURE] cell=Cell 6: Training
run_id=apricot_leaf_2026-05-25_16-51-40
started_at=2026-05-25T16:52:11.795354+00:00
finished_at=2026-05-25T16:54:32.401849+00:00
duration_sec=140.606

[TRAIN] epochs=24 device=cuda batch_interval=12
[CKPT] epoch_end epoch=1 step=9
[EPOCH] 1/24: train_loss=1.1124 val_loss=1.0895 val_acc=0.3933 macro_f1=0.1891 * BEST
[CKPT] epoch_end epoch=2 step=18
[EPOCH] 2/24: train_loss=1.0874 val_loss=1.0362 val_acc=0.4400 macro_f1=0.3389 * BEST
[CKPT] epoch_end epoch=3 step=27
[EPOCH] 3/24: train_loss=1.0773 val_loss=1.0359 val_acc=0.4533 macro_f1=0.4049 * BEST
[CKPT] epoch_end epoch=4 step=36
[EPOCH] 4/24: train_loss=1.0499 val_loss=0.9854 val_acc=0.4800 macro_f1=0.4315 * BEST
[CKPT] epoch_end epoch=5 step=45
[EPOCH] 5/24: train_loss=0.9480 val_loss=0.9714 val_acc=0.5000 macro_f1=0.4235 * BEST
[CKPT] epoch_end epoch=6 step=54
[EPOCH] 6/24: train_loss=0.8934 val_loss=0.8394 val_acc=0.5600 macro_f1=0.5315 * BEST
[EPOCH] 7/24: train_loss=0.8427 val_loss=0.8847 val_acc=0.5600 macro_f1=0.5329
[CKPT] epoch_end epoch=8 step=72
[EPOCH] 8/24: train_loss=0.7978 val_loss=0.8165 val_acc=0.6400 macro_f1=0.6351 * BEST
[CKPT] epoch_end epoch=9 step=81
[EPOCH] 9/24: train_loss=0.7566 val_loss=0.7694 val_acc=0.6933 macro_f1=0.6922 * BEST
[EPOCH] 10/24: train_loss=0.7348 val_loss=0.8438 val_acc=0.6467 macro_f1=0.6440
[CKPT] epoch_end epoch=11 step=99
[EPOCH] 11/24: train_loss=0.7154 val_loss=0.7271 val_acc=0.7267 macro_f1=0.7251 * BEST
[CKPT] epoch_end epoch=12 step=108
[EPOCH] 12/24: train_loss=0.7021 val_loss=0.6972 val_acc=0.7467 macro_f1=0.7466 * BEST
[CKPT] epoch_end epoch=13 step=117
[EPOCH] 13/24: train_loss=0.6973 val_loss=0.6359 val_acc=0.7600 macro_f1=0.7600 * BEST
[EPOCH] 14/24: train_loss=0.6646 val_loss=0.7160 val_acc=0.7333 macro_f1=0.7334
[EPOCH] 15/24: train_loss=0.6453 val_loss=0.6404 val_acc=0.7800 macro_f1=0.7786
[EPOCH] 16/24: train_loss=0.6645 val_loss=0.6750 val_acc=0.7933 macro_f1=0.7918
[CKPT] epoch_end epoch=17 step=153
[EPOCH] 17/24: train_loss=0.6644 val_loss=0.6168 val_acc=0.7600 macro_f1=0.7601 * BEST
[CKPT] epoch_end epoch=18 step=162
[EPOCH] 18/24: train_loss=0.6491 val_loss=0.6086 val_acc=0.8133 macro_f1=0.8110 * BEST
[EPOCH] 19/24: train_loss=0.6257 val_loss=0.6180 val_acc=0.7933 macro_f1=0.7924
[EPOCH] 20/24: train_loss=0.6368 val_loss=0.6117 val_acc=0.7800 macro_f1=0.7795
[CKPT] epoch_end epoch=21 step=189
[EPOCH] 21/24: train_loss=0.6312 val_loss=0.5936 val_acc=0.8000 macro_f1=0.7988 * BEST
[CKPT] epoch_end epoch=22 step=198
[EPOCH] 22/24: train_loss=0.6317 val_loss=0.5910 val_acc=0.8000 macro_f1=0.7988 * BEST
[EPOCH] 23/24: train_loss=0.6318 val_loss=0.5951 val_acc=0.8067 macro_f1=0.8051
[CKPT] epoch_end epoch=24 step=216
[EPOCH] 24/24: train_loss=0.6233 val_loss=0.5953 val_acc=0.8133 macro_f1=0.8114
[TRAIN] Complete. elapsed=140.5s stopped_early=False stopped_by_user=False cycles=1
