[CELL_CAPTURE] cell=Cell 6: Training
run_id=20260317_193526_970678
started_at=2026-03-17T19:36:18.720265+00:00
finished_at=2026-03-17T20:18:48.594307+00:00
duration_sec=2549.874

[TRAIN] epochs=30 device=cuda batch_interval=12
[TRAIN] epoch=1 batch=12/81 loss=2.2514 lr=0.000300 speed=271.7s/s elapsed=148s eta=29899s
[TRAIN] epoch=1 batch=24/81 loss=1.9869 lr=0.000300 speed=276.7s/s elapsed=267s eta=26762s
[TRAIN] epoch=1 batch=36/81 loss=1.5507 lr=0.000300 speed=276.1s/s elapsed=372s eta=24740s
[TRAIN] epoch=1 batch=48/81 loss=0.8975 lr=0.000300 speed=276.7s/s elapsed=486s eta=24115s
[TRAIN] epoch=1 batch=60/81 loss=0.6356 lr=0.000300 speed=276.2s/s elapsed=587s eta=23204s
[TRAIN] epoch=1 batch=72/81 loss=0.6517 lr=0.000299 speed=276.8s/s elapsed=690s eta=22606s
[CKPT] epoch_end epoch=1 step=81
[EPOCH] 1/30: train_loss=1.3904 val_loss=0.4131 val_acc=0.8708 macro_f1=0.7776 * BEST
[TRAIN] epoch=2 batch=12/81 loss=0.4053 lr=0.000299 speed=274.0s/s elapsed=968s eta=24327s
[TRAIN] epoch=2 batch=24/81 loss=0.3351 lr=0.000299 speed=273.6s/s elapsed=976s eta=21601s
[TRAIN] epoch=2 batch=36/81 loss=0.4701 lr=0.000298 speed=272.5s/s elapsed=983s eta=19427s
[TRAIN] epoch=2 batch=48/81 loss=0.3636 lr=0.000298 speed=269.8s/s elapsed=990s eta=17658s
[TRAIN] epoch=2 batch=60/81 loss=0.3202 lr=0.000298 speed=275.1s/s elapsed=997s eta=16188s
[TRAIN] epoch=2 batch=72/81 loss=0.4144 lr=0.000297 speed=276.2s/s elapsed=1004s eta=14946s
[CKPT] epoch_end epoch=2 step=162
[EPOCH] 2/30: train_loss=0.3974 val_loss=0.2421 val_acc=0.9203 macro_f1=0.8387 * BEST
[TRAIN] epoch=3 batch=12/81 loss=0.3300 lr=0.000296 speed=274.8s/s elapsed=1032s eta=13386s
[TRAIN] epoch=3 batch=24/81 loss=0.3316 lr=0.000296 speed=264.1s/s elapsed=1042s eta=12571s
[TRAIN] epoch=3 batch=36/81 loss=0.2639 lr=0.000295 speed=272.9s/s elapsed=1049s eta=11827s
[TRAIN] epoch=3 batch=48/81 loss=0.3227 lr=0.000295 speed=274.8s/s elapsed=1056s eta=11167s
[TRAIN] epoch=3 batch=60/81 loss=0.2847 lr=0.000294 speed=274.2s/s elapsed=1063s eta=10577s
[TRAIN] epoch=3 batch=72/81 loss=0.2703 lr=0.000293 speed=276.0s/s elapsed=1071s eta=10048s
[CKPT] epoch_end epoch=3 step=243
[EPOCH] 3/30: train_loss=0.3032 val_loss=0.2111 val_acc=0.9400 macro_f1=0.9073 * BEST
[TRAIN] epoch=4 batch=12/81 loss=0.2302 lr=0.000292 speed=273.9s/s elapsed=1099s eta=9374s
[TRAIN] epoch=4 batch=24/81 loss=0.2458 lr=0.000291 speed=262.5s/s elapsed=1107s eta=8971s
[TRAIN] epoch=4 batch=36/81 loss=0.2006 lr=0.000290 speed=269.7s/s elapsed=1115s eta=8593s
[TRAIN] epoch=4 batch=48/81 loss=0.2383 lr=0.000290 speed=273.5s/s elapsed=1122s eta=8246s
[TRAIN] epoch=4 batch=60/81 loss=0.2056 lr=0.000289 speed=273.0s/s elapsed=1129s eta=7926s
[TRAIN] epoch=4 batch=72/81 loss=0.2809 lr=0.000288 speed=276.2s/s elapsed=1136s eta=7628s
[CKPT] epoch_end epoch=4 step=324
[EPOCH] 4/30: train_loss=0.2594 val_loss=0.2032 val_acc=0.9413 macro_f1=0.9062 * BEST
[TRAIN] epoch=5 batch=12/81 loss=0.2178 lr=0.000286 speed=264.1s/s elapsed=1166s eta=7270s
[TRAIN] epoch=5 batch=24/81 loss=0.2236 lr=0.000285 speed=274.0s/s elapsed=1174s eta=7021s
[TRAIN] epoch=5 batch=36/81 loss=0.2001 lr=0.000284 speed=273.8s/s elapsed=1181s eta=6790s
[TRAIN] epoch=5 batch=48/81 loss=0.2164 lr=0.000283 speed=265.3s/s elapsed=1188s eta=6572s
[TRAIN] epoch=5 batch=60/81 loss=0.2776 lr=0.000282 speed=276.1s/s elapsed=1195s eta=6368s
[TRAIN] epoch=5 batch=72/81 loss=0.2032 lr=0.000281 speed=275.6s/s elapsed=1202s eta=6175s
[CKPT] epoch_end epoch=5 step=405
[EPOCH] 5/30: train_loss=0.2389 val_loss=0.1594 val_acc=0.9518 macro_f1=0.9201 * BEST
[TRAIN] epoch=6 batch=12/81 loss=0.2048 lr=0.000279 speed=272.5s/s elapsed=1231s eta=5940s
[TRAIN] epoch=6 batch=24/81 loss=0.2171 lr=0.000278 speed=273.4s/s elapsed=1238s eta=5774s
[TRAIN] epoch=6 batch=36/81 loss=0.2456 lr=0.000276 speed=274.1s/s elapsed=1245s eta=5616s
[TRAIN] epoch=6 batch=48/81 loss=0.1966 lr=0.000275 speed=274.0s/s elapsed=1252s eta=5466s
[TRAIN] epoch=6 batch=60/81 loss=0.2431 lr=0.000274 speed=275.8s/s elapsed=1260s eta=5323s
[TRAIN] epoch=6 batch=72/81 loss=0.2604 lr=0.000272 speed=275.9s/s elapsed=1267s eta=5186s
[CKPT] epoch_end epoch=6 step=486
[EPOCH] 6/30: train_loss=0.2169 val_loss=0.1472 val_acc=0.9543 macro_f1=0.9346 * BEST
[TRAIN] epoch=7 batch=12/81 loss=0.1892 lr=0.000270 speed=270.5s/s elapsed=1295s eta=5024s
[TRAIN] epoch=7 batch=24/81 loss=0.2148 lr=0.000269 speed=272.7s/s elapsed=1302s eta=4903s
[TRAIN] epoch=7 batch=36/81 loss=0.2327 lr=0.000267 speed=273.9s/s elapsed=1309s eta=4786s
[TRAIN] epoch=7 batch=48/81 loss=0.2118 lr=0.000266 speed=264.3s/s elapsed=1317s eta=4675s
[TRAIN] epoch=7 batch=60/81 loss=0.2066 lr=0.000264 speed=276.2s/s elapsed=1324s eta=4568s
[TRAIN] epoch=7 batch=72/81 loss=0.1745 lr=0.000263 speed=275.8s/s elapsed=1331s eta=4465s
[CKPT] epoch_end epoch=7 step=567
[EPOCH] 7/30: train_loss=0.2055 val_loss=0.1292 val_acc=0.9635 macro_f1=0.9478 * BEST
[TRAIN] epoch=8 batch=12/81 loss=0.1968 lr=0.000260 speed=273.2s/s elapsed=1361s eta=4351s
[TRAIN] epoch=8 batch=24/81 loss=0.1737 lr=0.000258 speed=274.3s/s elapsed=1368s eta=4257s
[TRAIN] epoch=8 batch=36/81 loss=0.1796 lr=0.000257 speed=273.8s/s elapsed=1375s eta=4168s
[TRAIN] epoch=8 batch=48/81 loss=0.1796 lr=0.000255 speed=272.5s/s elapsed=1383s eta=4081s
[TRAIN] epoch=8 batch=60/81 loss=0.1787 lr=0.000254 speed=275.9s/s elapsed=1390s eta=3996s
[TRAIN] epoch=8 batch=72/81 loss=0.1927 lr=0.000252 speed=276.1s/s elapsed=1397s eta=3915s
[CKPT] epoch_end epoch=8 step=648
[EPOCH] 8/30: train_loss=0.1919 val_loss=0.1220 val_acc=0.9672 macro_f1=0.9521 * BEST
[TRAIN] epoch=9 batch=12/81 loss=0.2035 lr=0.000249 speed=272.8s/s elapsed=1426s eta=3824s
[TRAIN] epoch=9 batch=24/81 loss=0.1767 lr=0.000247 speed=266.7s/s elapsed=1433s eta=3749s
[TRAIN] epoch=9 batch=36/81 loss=0.1604 lr=0.000245 speed=263.4s/s elapsed=1440s eta=3677s
[TRAIN] epoch=9 batch=48/81 loss=0.1664 lr=0.000243 speed=273.7s/s elapsed=1448s eta=3607s
[TRAIN] epoch=9 batch=60/81 loss=0.1762 lr=0.000242 speed=276.1s/s elapsed=1455s eta=3538s
[TRAIN] epoch=9 batch=72/81 loss=0.1871 lr=0.000240 speed=276.0s/s elapsed=1462s eta=3472s
[EPOCH] 9/30: train_loss=0.1834 val_loss=0.1288 val_acc=0.9623 macro_f1=0.9554
[TRAIN] epoch=10 batch=12/81 loss=0.1822 lr=0.000236 speed=274.1s/s elapsed=1484s eta=3383s
[TRAIN] epoch=10 batch=24/81 loss=0.1691 lr=0.000235 speed=264.4s/s elapsed=1491s eta=3321s
[TRAIN] epoch=10 batch=36/81 loss=0.1693 lr=0.000233 speed=261.7s/s elapsed=1499s eta=3262s
[TRAIN] epoch=10 batch=48/81 loss=0.1585 lr=0.000231 speed=276.0s/s elapsed=1506s eta=3203s
[TRAIN] epoch=10 batch=60/81 loss=0.1748 lr=0.000229 speed=276.0s/s elapsed=1513s eta=3146s
[CKPT] batch_800 epoch=10 step=800
[TRAIN] epoch=10 batch=72/81 loss=0.1481 lr=0.000227 speed=266.9s/s elapsed=1526s eta=3104s
[EPOCH] 10/30: train_loss=0.1768 val_loss=0.1303 val_acc=0.9623 macro_f1=0.9541
[TRAIN] epoch=11 batch=12/81 loss=0.1737 lr=0.000223 speed=273.8s/s elapsed=1549s eta=3031s
[TRAIN] epoch=11 batch=24/81 loss=0.1749 lr=0.000221 speed=273.6s/s elapsed=1557s eta=2979s
[TRAIN] epoch=11 batch=36/81 loss=0.1624 lr=0.000219 speed=265.4s/s elapsed=1564s eta=2928s
[TRAIN] epoch=11 batch=48/81 loss=0.1589 lr=0.000217 speed=276.0s/s elapsed=1571s eta=2878s
[TRAIN] epoch=11 batch=60/81 loss=0.1790 lr=0.000215 speed=276.1s/s elapsed=1578s eta=2830s
[TRAIN] epoch=11 batch=72/81 loss=0.1812 lr=0.000213 speed=275.8s/s elapsed=1585s eta=2782s
[CKPT] epoch_end epoch=11 step=891
[EPOCH] 11/30: train_loss=0.1710 val_loss=0.1070 val_acc=0.9734 macro_f1=0.9571 * BEST
[TRAIN] epoch=12 batch=12/81 loss=0.1983 lr=0.000209 speed=273.8s/s elapsed=1613s eta=2728s
[TRAIN] epoch=12 batch=24/81 loss=0.1706 lr=0.000207 speed=273.8s/s elapsed=1621s eta=2683s
[TRAIN] epoch=12 batch=36/81 loss=0.1616 lr=0.000205 speed=270.5s/s elapsed=1628s eta=2639s
[TRAIN] epoch=12 batch=48/81 loss=0.1889 lr=0.000203 speed=275.9s/s elapsed=1635s eta=2596s
[TRAIN] epoch=12 batch=60/81 loss=0.1718 lr=0.000201 speed=276.2s/s elapsed=1642s eta=2554s
[TRAIN] epoch=12 batch=72/81 loss=0.1817 lr=0.000198 speed=275.9s/s elapsed=1649s eta=2512s
[CKPT] epoch_end epoch=12 step=972
[EPOCH] 12/30: train_loss=0.1690 val_loss=0.1066 val_acc=0.9710 macro_f1=0.9554 * BEST
[TRAIN] epoch=13 batch=12/81 loss=0.1723 lr=0.000194 speed=273.9s/s elapsed=1678s eta=2466s
[TRAIN] epoch=13 batch=24/81 loss=0.1518 lr=0.000192 speed=266.1s/s elapsed=1685s eta=2426s
[TRAIN] epoch=13 batch=36/81 loss=0.1585 lr=0.000190 speed=270.6s/s elapsed=1693s eta=2388s
[TRAIN] epoch=13 batch=48/81 loss=0.1652 lr=0.000188 speed=275.9s/s elapsed=1700s eta=2350s
[TRAIN] epoch=13 batch=60/81 loss=0.1576 lr=0.000186 speed=275.8s/s elapsed=1707s eta=2312s
[TRAIN] epoch=13 batch=72/81 loss=0.1813 lr=0.000183 speed=275.7s/s elapsed=1714s eta=2275s
[EPOCH] 13/30: train_loss=0.1635 val_loss=0.1079 val_acc=0.9703 macro_f1=0.9549
[TRAIN] epoch=14 batch=12/81 loss=0.1646 lr=0.000179 speed=272.8s/s elapsed=1735s eta=2224s
[TRAIN] epoch=14 batch=24/81 loss=0.1702 lr=0.000177 speed=273.5s/s elapsed=1742s eta=2189s
[TRAIN] epoch=14 batch=36/81 loss=0.1648 lr=0.000175 speed=273.7s/s elapsed=1750s eta=2154s
[TRAIN] epoch=14 batch=48/81 loss=0.1534 lr=0.000172 speed=275.7s/s elapsed=1757s eta=2120s
[TRAIN] epoch=14 batch=60/81 loss=0.1473 lr=0.000170 speed=275.7s/s elapsed=1764s eta=2087s
[TRAIN] epoch=14 batch=72/81 loss=0.1807 lr=0.000168 speed=275.7s/s elapsed=1771s eta=2054s
[EPOCH] 14/30: train_loss=0.1594 val_loss=0.1215 val_acc=0.9697 macro_f1=0.9545
[TRAIN] epoch=15 batch=12/81 loss=0.1534 lr=0.000164 speed=273.4s/s elapsed=1792s eta=2008s
[TRAIN] epoch=15 batch=24/81 loss=0.1477 lr=0.000162 speed=273.2s/s elapsed=1799s eta=1976s
[TRAIN] epoch=15 batch=36/81 loss=0.1495 lr=0.000159 speed=268.8s/s elapsed=1806s eta=1945s
[TRAIN] epoch=15 batch=48/81 loss=0.1614 lr=0.000157 speed=275.4s/s elapsed=1814s eta=1915s
[TRAIN] epoch=15 batch=60/81 loss=0.1641 lr=0.000155 speed=275.8s/s elapsed=1821s eta=1885s
[TRAIN] epoch=15 batch=72/81 loss=0.1497 lr=0.000152 speed=275.7s/s elapsed=1828s eta=1855s
[EPOCH] 15/30: train_loss=0.1589 val_loss=0.1201 val_acc=0.9660 macro_f1=0.9545
[TRAIN] epoch=16 batch=12/81 loss=0.1576 lr=0.000148 speed=272.5s/s elapsed=1850s eta=1814s
[TRAIN] epoch=16 batch=24/81 loss=0.1564 lr=0.000146 speed=270.8s/s elapsed=1857s eta=1785s
[TRAIN] epoch=16 batch=36/81 loss=0.1555 lr=0.000144 speed=263.9s/s elapsed=1864s eta=1757s
[TRAIN] epoch=16 batch=48/81 loss=0.1702 lr=0.000141 speed=275.9s/s elapsed=1871s eta=1729s
[TRAIN] epoch=16 batch=60/81 loss=0.1529 lr=0.000139 speed=275.6s/s elapsed=1878s eta=1702s
[TRAIN] epoch=16 batch=72/81 loss=0.1559 lr=0.000137 speed=276.0s/s elapsed=1886s eta=1675s
[CKPT] epoch_end epoch=16 step=1296
[EPOCH] 16/30: train_loss=0.1575 val_loss=0.1035 val_acc=0.9734 macro_f1=0.9640 * BEST
[TRAIN] epoch=17 batch=12/81 loss=0.1555 lr=0.000133 speed=273.1s/s elapsed=1913s eta=1641s
[TRAIN] epoch=17 batch=24/81 loss=0.1593 lr=0.000130 speed=262.0s/s elapsed=1920s eta=1615s
[TRAIN] epoch=17 batch=36/81 loss=0.1453 lr=0.000128 speed=273.4s/s elapsed=1928s eta=1589s
[TRAIN] epoch=17 batch=48/81 loss=0.1579 lr=0.000126 speed=275.6s/s elapsed=1935s eta=1563s
[TRAIN] epoch=17 batch=60/81 loss=0.1492 lr=0.000123 speed=275.9s/s elapsed=1942s eta=1538s
[TRAIN] epoch=17 batch=72/81 loss=0.1458 lr=0.000121 speed=275.8s/s elapsed=1949s eta=1513s
[CKPT] epoch_end epoch=17 step=1377
[EPOCH] 17/30: train_loss=0.1518 val_loss=0.0992 val_acc=0.9740 macro_f1=0.9573 * BEST
[TRAIN] epoch=18 batch=12/81 loss=0.1438 lr=0.000117 speed=265.7s/s elapsed=1977s eta=1482s
[TRAIN] epoch=18 batch=24/81 loss=0.1586 lr=0.000115 speed=272.9s/s elapsed=1984s eta=1457s
[TRAIN] epoch=18 batch=36/81 loss=0.1442 lr=0.000113 speed=266.4s/s elapsed=1991s eta=1433s
[TRAIN] epoch=18 batch=48/81 loss=0.1570 lr=0.000110 speed=275.6s/s elapsed=1999s eta=1410s
[TRAIN] epoch=18 batch=60/81 loss=0.1444 lr=0.000108 speed=275.5s/s elapsed=2006s eta=1386s
[TRAIN] epoch=18 batch=72/81 loss=0.1504 lr=0.000106 speed=275.8s/s elapsed=2013s eta=1363s
[EPOCH] 18/30: train_loss=0.1499 val_loss=0.1076 val_acc=0.9722 macro_f1=0.9567
[TRAIN] epoch=19 batch=12/81 loss=0.1436 lr=0.000102 speed=266.5s/s elapsed=2034s eta=1328s
[TRAIN] epoch=19 batch=24/81 loss=0.1475 lr=0.000100 speed=272.3s/s elapsed=2041s eta=1306s
[TRAIN] epoch=19 batch=36/81 loss=0.1422 lr=0.000098 speed=275.5s/s elapsed=2049s eta=1284s
[TRAIN] epoch=19 batch=48/81 loss=0.1561 lr=0.000096 speed=275.8s/s elapsed=2056s eta=1261s
[TRAIN] epoch=19 batch=60/81 loss=0.1469 lr=0.000093 speed=275.7s/s elapsed=2063s eta=1239s
[TRAIN] epoch=19 batch=72/81 loss=0.1467 lr=0.000091 speed=275.6s/s elapsed=2070s eta=1218s
[EPOCH] 19/30: train_loss=0.1480 val_loss=0.1075 val_acc=0.9716 macro_f1=0.9618
[TRAIN] epoch=20 batch=12/81 loss=0.1599 lr=0.000088 speed=261.3s/s elapsed=2091s eta=1185s
[TRAIN] epoch=20 batch=24/81 loss=0.1478 lr=0.000085 speed=273.5s/s elapsed=2098s eta=1164s
[TRAIN] epoch=20 batch=36/81 loss=0.1506 lr=0.000083 speed=275.8s/s elapsed=2106s eta=1143s
[TRAIN] epoch=20 batch=48/81 loss=0.1527 lr=0.000081 speed=275.9s/s elapsed=2113s eta=1122s
[TRAIN] epoch=20 batch=60/81 loss=0.1432 lr=0.000079 speed=275.7s/s elapsed=2120s eta=1102s
[CKPT] batch_800 epoch=20 step=1600
[TRAIN] epoch=20 batch=72/81 loss=0.1454 lr=0.000077 speed=275.4s/s elapsed=2132s eta=1084s
[EPOCH] 20/30: train_loss=0.1486 val_loss=0.1113 val_acc=0.9703 macro_f1=0.9617
[TRAIN] epoch=21 batch=12/81 loss=0.1455 lr=0.000074 speed=263.6s/s elapsed=2154s eta=1053s
[TRAIN] epoch=21 batch=24/81 loss=0.1495 lr=0.000072 speed=271.0s/s elapsed=2162s eta=1033s
[TRAIN] epoch=21 batch=36/81 loss=0.1437 lr=0.000070 speed=275.6s/s elapsed=2169s eta=1014s
[TRAIN] epoch=21 batch=48/81 loss=0.1540 lr=0.000068 speed=275.8s/s elapsed=2176s eta=994s
[TRAIN] epoch=21 batch=60/81 loss=0.1468 lr=0.000066 speed=276.0s/s elapsed=2183s eta=974s
[TRAIN] epoch=21 batch=72/81 loss=0.1419 lr=0.000064 speed=274.9s/s elapsed=2190s eta=955s
[EPOCH] 21/30: train_loss=0.1476 val_loss=0.1003 val_acc=0.9771 macro_f1=0.9733
[TRAIN] epoch=22 batch=12/81 loss=0.1418 lr=0.000061 speed=265.0s/s elapsed=2211s eta=925s
[TRAIN] epoch=22 batch=24/81 loss=0.1439 lr=0.000059 speed=272.4s/s elapsed=2218s eta=907s
[TRAIN] epoch=22 batch=36/81 loss=0.1435 lr=0.000057 speed=275.9s/s elapsed=2225s eta=888s
[TRAIN] epoch=22 batch=48/81 loss=0.1489 lr=0.000055 speed=275.9s/s elapsed=2232s eta=869s
[TRAIN] epoch=22 batch=60/81 loss=0.1458 lr=0.000054 speed=275.9s/s elapsed=2239s eta=851s
[TRAIN] epoch=22 batch=72/81 loss=0.1483 lr=0.000052 speed=275.9s/s elapsed=2247s eta=832s
[CKPT] epoch_end epoch=22 step=1782
[EPOCH] 22/30: train_loss=0.1467 val_loss=0.0943 val_acc=0.9771 macro_f1=0.9660 * BEST
[TRAIN] epoch=23 batch=12/81 loss=0.1413 lr=0.000049 speed=263.3s/s elapsed=2274s eta=806s
[TRAIN] epoch=23 batch=24/81 loss=0.1460 lr=0.000047 speed=272.6s/s elapsed=2282s eta=788s
[TRAIN] epoch=23 batch=36/81 loss=0.1434 lr=0.000045 speed=276.1s/s elapsed=2289s eta=771s
[TRAIN] epoch=23 batch=48/81 loss=0.1436 lr=0.000044 speed=276.0s/s elapsed=2296s eta=753s
[TRAIN] epoch=23 batch=60/81 loss=0.1451 lr=0.000042 speed=275.7s/s elapsed=2303s eta=735s
[TRAIN] epoch=23 batch=72/81 loss=0.1474 lr=0.000041 speed=275.8s/s elapsed=2310s eta=718s
[EPOCH] 23/30: train_loss=0.1464 val_loss=0.0973 val_acc=0.9759 macro_f1=0.9593
[TRAIN] epoch=24 batch=12/81 loss=0.1451 lr=0.000038 speed=247.1s/s elapsed=2331s eta=690s
[TRAIN] epoch=24 batch=24/81 loss=0.1464 lr=0.000036 speed=272.8s/s elapsed=2339s eta=673s
[TRAIN] epoch=24 batch=36/81 loss=0.1428 lr=0.000035 speed=275.7s/s elapsed=2346s eta=656s
[TRAIN] epoch=24 batch=48/81 loss=0.1460 lr=0.000033 speed=275.8s/s elapsed=2353s eta=639s
[TRAIN] epoch=24 batch=60/81 loss=0.1621 lr=0.000032 speed=275.8s/s elapsed=2360s eta=622s
[TRAIN] epoch=24 batch=72/81 loss=0.1419 lr=0.000031 speed=275.9s/s elapsed=2367s eta=606s
[EPOCH] 24/30: train_loss=0.1453 val_loss=0.1002 val_acc=0.9753 macro_f1=0.9651
[TRAIN] epoch=25 batch=12/81 loss=0.1432 lr=0.000028 speed=267.9s/s elapsed=2388s eta=579s
[TRAIN] epoch=25 batch=24/81 loss=0.1419 lr=0.000027 speed=270.6s/s elapsed=2396s eta=562s
[TRAIN] epoch=25 batch=36/81 loss=0.1408 lr=0.000026 speed=276.0s/s elapsed=2403s eta=546s
[TRAIN] epoch=25 batch=48/81 loss=0.1463 lr=0.000024 speed=275.5s/s elapsed=2410s eta=530s
[TRAIN] epoch=25 batch=60/81 loss=0.1458 lr=0.000023 speed=275.6s/s elapsed=2417s eta=514s
[TRAIN] epoch=25 batch=72/81 loss=0.1439 lr=0.000022 speed=275.5s/s elapsed=2424s eta=498s
[EPOCH] 25/30: train_loss=0.1453 val_loss=0.0959 val_acc=0.9753 macro_f1=0.9587
[TRAIN] epoch=26 batch=12/81 loss=0.1412 lr=0.000020 speed=272.5s/s elapsed=2446s eta=472s
[TRAIN] epoch=26 batch=24/81 loss=0.1404 lr=0.000019 speed=263.6s/s elapsed=2454s eta=456s
[TRAIN] epoch=26 batch=36/81 loss=0.1442 lr=0.000018 speed=276.1s/s elapsed=2461s eta=441s
[TRAIN] epoch=26 batch=48/81 loss=0.1445 lr=0.000017 speed=275.9s/s elapsed=2468s eta=425s
[TRAIN] epoch=26 batch=60/81 loss=0.1414 lr=0.000016 speed=275.9s/s elapsed=2475s eta=410s
[TRAIN] epoch=26 batch=72/81 loss=0.1568 lr=0.000015 speed=276.0s/s elapsed=2482s eta=394s
[EPOCH] 26/30: train_loss=0.1452 val_loss=0.0962 val_acc=0.9765 macro_f1=0.9599
[TRAIN] epoch=27 batch=12/81 loss=0.1436 lr=0.000013 speed=273.9s/s elapsed=2503s eta=369s
[TRAIN] epoch=27 batch=24/81 loss=0.1422 lr=0.000012 speed=273.3s/s elapsed=2511s eta=354s
[TRAIN] epoch=27 batch=36/81 loss=0.1430 lr=0.000011 speed=275.8s/s elapsed=2518s eta=339s
[TRAIN] epoch=27 batch=48/81 loss=0.1431 lr=0.000010 speed=275.9s/s elapsed=2525s eta=324s
[TRAIN] epoch=27 batch=60/81 loss=0.1469 lr=0.000010 speed=275.8s/s elapsed=2532s eta=309s
[TRAIN] epoch=27 batch=72/81 loss=0.1435 lr=0.000009 speed=276.0s/s elapsed=2539s eta=294s
[EPOCH] 27/30: train_loss=0.1451 val_loss=0.0972 val_acc=0.9765 macro_f1=0.9599
[TRAIN] Complete. elapsed=2549.8s stopped_early=True
