[CELL_CAPTURE] cell=Cell 6: Training
run_id=strawberry_fruit_2026-05-11_07-36-47
started_at=2026-05-11T07:37:35.598945+00:00
finished_at=2026-05-11T07:39:26.659258+00:00
duration_sec=111.060

[TRAIN] epochs=36 device=cuda batch_interval=12
[TRAIN] epoch=1 batch=12/21 loss=0.0000 lr=0.000080 speed=210.2s/s elapsed=6s eta=374s
[CKPT] epoch_end epoch=1 step=21
[EPOCH] 1/36: train_loss=1.6302 val_loss=1.6497 val_acc=0.1345 macro_f1=0.0474 * BEST
[TRAIN] epoch=2 batch=12/21 loss=0.0000 lr=0.000080 speed=215.1s/s elapsed=16s eta=342s
[EPOCH] 2/36: train_loss=1.6004 val_loss=1.6862 val_acc=0.1031 macro_f1=0.0374
[TRAIN] epoch=3 batch=12/21 loss=0.0000 lr=0.000079 speed=207.6s/s elapsed=21s eta=275s
[CKPT] epoch_end epoch=3 step=63
[EPOCH] 3/36: train_loss=1.5853 val_loss=1.3366 val_acc=0.5291 macro_f1=0.3216 * BEST
[TRAIN] epoch=4 batch=12/21 loss=0.0000 lr=0.000078 speed=212.7s/s elapsed=30s eta=271s
[CKPT] epoch_end epoch=4 step=84
[EPOCH] 4/36: train_loss=1.4278 val_loss=1.0691 val_acc=0.7040 macro_f1=0.5824 * BEST
[TRAIN] epoch=5 batch=12/21 loss=0.0000 lr=0.000077 speed=211.3s/s elapsed=38s eta=262s
[CKPT] epoch_end epoch=5 step=105
[EPOCH] 5/36: train_loss=1.2371 val_loss=0.8292 val_acc=0.7489 macro_f1=0.6590 * BEST
[TRAIN] epoch=6 batch=12/21 loss=0.0000 lr=0.000075 speed=206.2s/s elapsed=46s eta=253s
[CKPT] epoch_end epoch=6 step=126
[EPOCH] 6/36: train_loss=1.2018 val_loss=0.7699 val_acc=0.7040 macro_f1=0.5704 * BEST
[TRAIN] epoch=7 batch=12/21 loss=0.0000 lr=0.000074 speed=210.7s/s elapsed=55s eta=245s
[CKPT] epoch_end epoch=7 step=147
[EPOCH] 7/36: train_loss=1.1729 val_loss=0.7515 val_acc=0.7534 macro_f1=0.6744 * BEST
[TRAIN] epoch=8 batch=12/21 loss=0.0000 lr=0.000072 speed=209.0s/s elapsed=63s eta=237s
[CKPT] epoch_end epoch=8 step=168
[EPOCH] 8/36: train_loss=1.1403 val_loss=0.7478 val_acc=0.7668 macro_f1=0.7131 * BEST
[TRAIN] epoch=9 batch=12/21 loss=0.0000 lr=0.000069 speed=205.9s/s elapsed=71s eta=229s
[CKPT] epoch_end epoch=9 step=189
[EPOCH] 9/36: train_loss=1.1101 val_loss=0.7370 val_acc=0.7623 macro_f1=0.6810 * BEST
[TRAIN] epoch=10 batch=12/21 loss=0.0000 lr=0.000067 speed=212.5s/s elapsed=80s eta=220s
[EPOCH] 10/36: train_loss=1.0765 val_loss=0.7574 val_acc=0.7534 macro_f1=0.6779
[TRAIN] epoch=11 batch=12/21 loss=0.0000 lr=0.000064 speed=214.7s/s elapsed=86s eta=206s
[EPOCH] 11/36: train_loss=1.0673 val_loss=0.7670 val_acc=0.7848 macro_f1=0.7278
[TRAIN] epoch=12 batch=12/21 loss=0.0000 lr=0.000062 speed=216.7s/s elapsed=91s eta=191s
[CKPT] batch_250 epoch=12 step=250
[EPOCH] 12/36: train_loss=1.0638 val_loss=0.7488 val_acc=0.7803 macro_f1=0.7080
[TRAIN] epoch=13 batch=12/21 loss=0.0000 lr=0.000059 speed=213.0s/s elapsed=97s eta=182s
[EPOCH] 13/36: train_loss=1.0392 val_loss=0.7644 val_acc=0.7758 macro_f1=0.7035
[TRAIN] epoch=14 batch=12/21 loss=0.0000 lr=0.000055 speed=211.1s/s elapsed=103s eta=170s
[EPOCH] 14/36: train_loss=1.0187 val_loss=0.8052 val_acc=0.7713 macro_f1=0.6991
[TRAIN] epoch=15 batch=12/21 loss=0.0000 lr=0.000052 speed=214.5s/s elapsed=108s eta=159s
[EPOCH] 15/36: train_loss=1.0255 val_loss=0.8372 val_acc=0.7668 macro_f1=0.7125
[TRAIN] Complete. elapsed=111.0s stopped_early=True stopped_by_user=False cycles=1
