[CELL_CAPTURE] cell=Cell 6: Training
run_id=grape_fruit_2026-04-12_17-56-47
started_at=2026-04-12T17:57:06.440404+00:00
finished_at=2026-04-12T18:00:00.372057+00:00
duration_sec=173.932

[TRAIN] epochs=25 device=cuda batch_interval=12
[CKPT] epoch_end epoch=1 step=6
[EPOCH] 1/25: train_loss=1.6492 val_loss=1.4966 val_acc=0.3581 macro_f1=0.1055 * BEST
[EPOCH] 2/25: train_loss=1.6069 val_loss=1.7372 val_acc=0.1824 macro_f1=0.1126
[EPOCH] 3/25: train_loss=1.6063 val_loss=1.5821 val_acc=0.2162 macro_f1=0.1387
[EPOCH] 4/25: train_loss=1.6006 val_loss=1.5457 val_acc=0.2973 macro_f1=0.1261
[CKPT] epoch_end epoch=5 step=30
[EPOCH] 5/25: train_loss=1.5930 val_loss=1.4319 val_acc=0.4324 macro_f1=0.3297 * BEST
[CKPT] epoch_end epoch=6 step=36
[EPOCH] 6/25: train_loss=1.5608 val_loss=1.3759 val_acc=0.3649 macro_f1=0.2786 * BEST
[CKPT] epoch_end epoch=7 step=42
[EPOCH] 7/25: train_loss=1.4772 val_loss=1.2970 val_acc=0.4797 macro_f1=0.3089 * BEST
[CKPT] epoch_end epoch=8 step=48
[EPOCH] 8/25: train_loss=1.3922 val_loss=1.2195 val_acc=0.5811 macro_f1=0.4107 * BEST
[CKPT] epoch_end epoch=9 step=54
[EPOCH] 9/25: train_loss=1.3493 val_loss=1.1435 val_acc=0.5541 macro_f1=0.4770 * BEST
[EPOCH] 10/25: train_loss=1.2889 val_loss=1.1524 val_acc=0.5878 macro_f1=0.4851
[CKPT] epoch_end epoch=11 step=66
[EPOCH] 11/25: train_loss=1.2079 val_loss=1.0333 val_acc=0.6486 macro_f1=0.5982 * BEST
[CKPT] epoch_end epoch=12 step=72
[EPOCH] 12/25: train_loss=1.1802 val_loss=0.9192 val_acc=0.6284 macro_f1=0.5266 * BEST
[CKPT] epoch_end epoch=13 step=78
[EPOCH] 13/25: train_loss=1.1444 val_loss=0.8018 val_acc=0.7230 macro_f1=0.6397 * BEST
[CKPT] epoch_end epoch=14 step=84
[EPOCH] 14/25: train_loss=1.1287 val_loss=0.7249 val_acc=0.7432 macro_f1=0.6738 * BEST
[EPOCH] 15/25: train_loss=1.1135 val_loss=0.7848 val_acc=0.7027 macro_f1=0.6255
[EPOCH] 16/25: train_loss=1.1235 val_loss=0.7366 val_acc=0.7095 macro_f1=0.6308
[CKPT] epoch_end epoch=17 step=102
[EPOCH] 17/25: train_loss=1.1305 val_loss=0.6762 val_acc=0.7635 macro_f1=0.6973 * BEST
[EPOCH] 18/25: train_loss=1.0953 val_loss=0.7110 val_acc=0.7568 macro_f1=0.6836
[EPOCH] 19/25: train_loss=1.0912 val_loss=0.6785 val_acc=0.7770 macro_f1=0.7121
[CKPT] epoch_end epoch=20 step=120
[EPOCH] 20/25: train_loss=1.0870 val_loss=0.6597 val_acc=0.7635 macro_f1=0.6998 * BEST
[CKPT] epoch_end epoch=21 step=126
[EPOCH] 21/25: train_loss=1.0987 val_loss=0.6447 val_acc=0.7838 macro_f1=0.7299 * BEST
[CKPT] epoch_end epoch=22 step=132
[EPOCH] 22/25: train_loss=1.0744 val_loss=0.6393 val_acc=0.7635 macro_f1=0.7089 * BEST
[EPOCH] 23/25: train_loss=1.0853 val_loss=0.6403 val_acc=0.7770 macro_f1=0.7215
[EPOCH] 24/25: train_loss=1.0814 val_loss=0.6438 val_acc=0.7770 macro_f1=0.7215
[CKPT] epoch_end epoch=25 step=150
[EPOCH] 25/25: train_loss=1.0776 val_loss=0.6446 val_acc=0.7703 macro_f1=0.7021
[TRAIN] Complete. elapsed=173.9s stopped_early=False
