[CELL_CAPTURE] cell=Cell 6: Training
run_id=20260318_105204_012576
started_at=2026-03-18T10:53:25.467423+00:00
finished_at=2026-03-18T11:28:28.632369+00:00
duration_sec=2103.165

[TRAIN] epochs=30 device=cuda batch_interval=12
[TRAIN] epoch=1 batch=12/101 loss=2.3383 lr=0.000200 speed=272.6s/s elapsed=107s eta=26868s
[TRAIN] epoch=1 batch=24/101 loss=2.1685 lr=0.000200 speed=273.1s/s elapsed=173s eta=21703s
[TRAIN] epoch=1 batch=36/101 loss=1.8072 lr=0.000200 speed=273.1s/s elapsed=249s eta=20674s
[TRAIN] epoch=1 batch=48/101 loss=1.2672 lr=0.000200 speed=271.9s/s elapsed=319s eta=19845s
[TRAIN] epoch=1 batch=60/101 loss=0.9731 lr=0.000200 speed=273.3s/s elapsed=397s eta=19642s
[TRAIN] epoch=1 batch=72/101 loss=0.5527 lr=0.000200 speed=273.5s/s elapsed=470s eta=19313s
[TRAIN] epoch=1 batch=84/101 loss=0.4827 lr=0.000200 speed=273.3s/s elapsed=536s eta=18781s
[TRAIN] epoch=1 batch=96/101 loss=0.2729 lr=0.000200 speed=273.4s/s elapsed=609s eta=18613s
[CKPT] epoch_end epoch=1 step=101
[EPOCH] 1/30: train_loss=1.3264 val_loss=0.4548 val_acc=0.8708 macro_f1=0.7886 * BEST
[TRAIN] epoch=2 batch=12/101 loss=0.3262 lr=0.000199 speed=272.1s/s elapsed=812s eta=20970s
[TRAIN] epoch=2 batch=24/101 loss=0.5994 lr=0.000199 speed=271.3s/s elapsed=821s eta=19083s
[TRAIN] epoch=2 batch=36/101 loss=0.2122 lr=0.000199 speed=271.9s/s elapsed=827s eta=17462s
[TRAIN] epoch=2 batch=48/101 loss=0.2816 lr=0.000199 speed=269.2s/s elapsed=833s eta=16102s
[TRAIN] epoch=2 batch=60/101 loss=0.2587 lr=0.000199 speed=268.2s/s elapsed=840s eta=14967s
[TRAIN] epoch=2 batch=72/101 loss=0.1543 lr=0.000198 speed=271.3s/s elapsed=846s eta=13967s
[TRAIN] epoch=2 batch=84/101 loss=0.2184 lr=0.000198 speed=273.1s/s elapsed=852s eta=13096s
[TRAIN] epoch=2 batch=96/101 loss=0.1848 lr=0.000198 speed=273.2s/s elapsed=857s eta=12329s
[CKPT] epoch_end epoch=2 step=202
[EPOCH] 2/30: train_loss=0.2819 val_loss=0.2889 val_acc=0.9091 macro_f1=0.8603 * BEST
[TRAIN] epoch=3 batch=12/101 loss=0.1831 lr=0.000198 speed=268.5s/s elapsed=881s eta=11598s
[TRAIN] epoch=3 batch=24/101 loss=0.1375 lr=0.000197 speed=260.0s/s elapsed=888s eta=11022s
[TRAIN] epoch=3 batch=36/101 loss=0.2313 lr=0.000197 speed=266.5s/s elapsed=894s eta=10490s
[TRAIN] epoch=3 batch=48/101 loss=0.1347 lr=0.000197 speed=270.7s/s elapsed=900s eta=10009s
[CKPT] batch_250 epoch=3 step=250
[TRAIN] epoch=3 batch=60/101 loss=0.1950 lr=0.000196 speed=273.1s/s elapsed=925s eta=9774s
[TRAIN] epoch=3 batch=72/101 loss=0.1884 lr=0.000196 speed=272.6s/s elapsed=931s eta=9363s
[TRAIN] epoch=3 batch=84/101 loss=0.0849 lr=0.000196 speed=273.3s/s elapsed=937s eta=8986s
[TRAIN] epoch=3 batch=96/101 loss=0.2736 lr=0.000195 speed=273.2s/s elapsed=942s eta=8639s
[CKPT] epoch_end epoch=3 step=303
[EPOCH] 3/30: train_loss=0.1710 val_loss=0.2718 val_acc=0.9252 macro_f1=0.9027 * BEST
[TRAIN] epoch=4 batch=12/101 loss=0.1093 lr=0.000195 speed=269.6s/s elapsed=967s eta=8338s
[TRAIN] epoch=4 batch=24/101 loss=0.0323 lr=0.000194 speed=271.7s/s elapsed=973s eta=8045s
[TRAIN] epoch=4 batch=36/101 loss=0.1048 lr=0.000194 speed=270.1s/s elapsed=979s eta=7772s
[TRAIN] epoch=4 batch=48/101 loss=0.1297 lr=0.000193 speed=270.8s/s elapsed=985s eta=7517s
[TRAIN] epoch=4 batch=60/101 loss=0.0708 lr=0.000193 speed=263.9s/s elapsed=991s eta=7279s
[TRAIN] epoch=4 batch=72/101 loss=0.1413 lr=0.000193 speed=272.7s/s elapsed=997s eta=7056s
[TRAIN] epoch=4 batch=84/101 loss=0.1573 lr=0.000192 speed=273.0s/s elapsed=1002s eta=6846s
[TRAIN] epoch=4 batch=96/101 loss=0.1639 lr=0.000192 speed=273.2s/s elapsed=1008s eta=6648s
[CKPT] epoch_end epoch=4 step=404
[EPOCH] 4/30: train_loss=0.1278 val_loss=0.1900 val_acc=0.9376 macro_f1=0.9118 * BEST
[TRAIN] epoch=5 batch=12/101 loss=0.0685 lr=0.000191 speed=270.0s/s elapsed=1033s eta=6489s
[TRAIN] epoch=5 batch=24/101 loss=0.0797 lr=0.000190 speed=269.1s/s elapsed=1039s eta=6315s
[TRAIN] epoch=5 batch=36/101 loss=0.0956 lr=0.000190 speed=271.2s/s elapsed=1045s eta=6149s
[TRAIN] epoch=5 batch=48/101 loss=0.0707 lr=0.000189 speed=270.7s/s elapsed=1050s eta=5991s
[TRAIN] epoch=5 batch=60/101 loss=0.1921 lr=0.000189 speed=270.1s/s elapsed=1056s eta=5841s
[TRAIN] epoch=5 batch=72/101 loss=0.1555 lr=0.000188 speed=270.1s/s elapsed=1062s eta=5699s
[TRAIN] epoch=5 batch=84/101 loss=0.0289 lr=0.000188 speed=273.0s/s elapsed=1068s eta=5562s
[TRAIN] epoch=5 batch=96/101 loss=0.0928 lr=0.000187 speed=272.6s/s elapsed=1074s eta=5432s
[CKPT] batch_250 epoch=5 step=500
[EPOCH] 5/30: train_loss=0.1013 val_loss=0.1935 val_acc=0.9376 macro_f1=0.9146
[TRAIN] epoch=6 batch=12/101 loss=0.0348 lr=0.000186 speed=270.3s/s elapsed=1097s eta=5335s
[TRAIN] epoch=6 batch=24/101 loss=0.0375 lr=0.000185 speed=268.5s/s elapsed=1103s eta=5216s
[TRAIN] epoch=6 batch=36/101 loss=0.0494 lr=0.000185 speed=270.3s/s elapsed=1109s eta=5103s
[TRAIN] epoch=6 batch=48/101 loss=0.0634 lr=0.000184 speed=270.2s/s elapsed=1115s eta=4995s
[TRAIN] epoch=6 batch=60/101 loss=0.0522 lr=0.000183 speed=270.0s/s elapsed=1121s eta=4890s
[TRAIN] epoch=6 batch=72/101 loss=0.0664 lr=0.000183 speed=273.0s/s elapsed=1127s eta=4790s
[TRAIN] epoch=6 batch=84/101 loss=0.0724 lr=0.000182 speed=273.1s/s elapsed=1132s eta=4693s
[TRAIN] epoch=6 batch=96/101 loss=0.0767 lr=0.000181 speed=272.7s/s elapsed=1138s eta=4600s
[CKPT] epoch_end epoch=6 step=606
[EPOCH] 6/30: train_loss=0.0819 val_loss=0.1505 val_acc=0.9518 macro_f1=0.9398 * BEST
[TRAIN] epoch=7 batch=12/101 loss=0.1064 lr=0.000180 speed=257.5s/s elapsed=1163s eta=4538s
[TRAIN] epoch=7 batch=24/101 loss=0.0943 lr=0.000180 speed=270.3s/s elapsed=1168s eta=4451s
[TRAIN] epoch=7 batch=36/101 loss=0.1026 lr=0.000179 speed=263.1s/s elapsed=1174s eta=4368s
[TRAIN] epoch=7 batch=48/101 loss=0.0545 lr=0.000178 speed=269.5s/s elapsed=1180s eta=4288s
[TRAIN] epoch=7 batch=60/101 loss=0.1134 lr=0.000177 speed=270.7s/s elapsed=1186s eta=4210s
[TRAIN] epoch=7 batch=72/101 loss=0.0318 lr=0.000176 speed=272.7s/s elapsed=1192s eta=4135s
[TRAIN] epoch=7 batch=84/101 loss=0.0981 lr=0.000176 speed=273.0s/s elapsed=1198s eta=4061s
[TRAIN] epoch=7 batch=96/101 loss=0.0261 lr=0.000175 speed=272.9s/s elapsed=1203s eta=3991s
[CKPT] epoch_end epoch=7 step=707
[EPOCH] 7/30: train_loss=0.0647 val_loss=0.1413 val_acc=0.9567 macro_f1=0.9352 * BEST
[TRAIN] epoch=8 batch=12/101 loss=0.0929 lr=0.000174 speed=270.1s/s elapsed=1228s eta=3947s
[TRAIN] epoch=8 batch=24/101 loss=0.0210 lr=0.000173 speed=263.7s/s elapsed=1234s eta=3881s
[TRAIN] epoch=8 batch=36/101 loss=0.0357 lr=0.000172 speed=270.2s/s elapsed=1240s eta=3816s
[CKPT] batch_250 epoch=8 step=750
[TRAIN] epoch=8 batch=48/101 loss=0.0638 lr=0.000171 speed=273.2s/s elapsed=1259s eta=3794s
[TRAIN] epoch=8 batch=60/101 loss=0.0963 lr=0.000170 speed=272.8s/s elapsed=1265s eta=3732s
[TRAIN] epoch=8 batch=72/101 loss=0.0492 lr=0.000169 speed=272.6s/s elapsed=1271s eta=3672s
[TRAIN] epoch=8 batch=84/101 loss=0.0560 lr=0.000168 speed=272.6s/s elapsed=1276s eta=3613s
[TRAIN] epoch=8 batch=96/101 loss=0.0434 lr=0.000167 speed=272.3s/s elapsed=1282s eta=3556s
[CKPT] epoch_end epoch=8 step=808
[EPOCH] 8/30: train_loss=0.0562 val_loss=0.1320 val_acc=0.9604 macro_f1=0.9397 * BEST
[TRAIN] epoch=9 batch=12/101 loss=0.0510 lr=0.000166 speed=271.8s/s elapsed=1307s eta=3522s
[TRAIN] epoch=9 batch=24/101 loss=0.0804 lr=0.000165 speed=270.4s/s elapsed=1313s eta=3467s
[TRAIN] epoch=9 batch=36/101 loss=0.0490 lr=0.000164 speed=260.9s/s elapsed=1318s eta=3415s
[TRAIN] epoch=9 batch=48/101 loss=0.0852 lr=0.000163 speed=270.5s/s elapsed=1324s eta=3363s
[TRAIN] epoch=9 batch=60/101 loss=0.0237 lr=0.000162 speed=272.4s/s elapsed=1330s eta=3313s
[TRAIN] epoch=9 batch=72/101 loss=0.0334 lr=0.000161 speed=273.0s/s elapsed=1336s eta=3264s
[TRAIN] epoch=9 batch=84/101 loss=0.0498 lr=0.000160 speed=273.1s/s elapsed=1342s eta=3216s
[TRAIN] epoch=9 batch=96/101 loss=0.0280 lr=0.000159 speed=272.7s/s elapsed=1347s eta=3169s
[EPOCH] 9/30: train_loss=0.0476 val_loss=0.1585 val_acc=0.9499 macro_f1=0.9200
[TRAIN] epoch=10 batch=12/101 loss=0.0589 lr=0.000158 speed=269.0s/s elapsed=1365s eta=3125s
[TRAIN] epoch=10 batch=24/101 loss=0.0266 lr=0.000157 speed=269.3s/s elapsed=1371s eta=3080s
[TRAIN] epoch=10 batch=36/101 loss=0.0658 lr=0.000156 speed=262.8s/s elapsed=1376s eta=3037s
[TRAIN] epoch=10 batch=48/101 loss=0.0224 lr=0.000155 speed=270.8s/s elapsed=1382s eta=2994s
[TRAIN] epoch=10 batch=60/101 loss=0.0226 lr=0.000154 speed=272.6s/s elapsed=1388s eta=2952s
[TRAIN] epoch=10 batch=72/101 loss=0.0532 lr=0.000153 speed=272.1s/s elapsed=1394s eta=2911s
[TRAIN] epoch=10 batch=84/101 loss=0.0050 lr=0.000152 speed=273.0s/s elapsed=1400s eta=2871s
[CKPT] batch_250 epoch=10 step=1000
[TRAIN] epoch=10 batch=96/101 loss=0.0198 lr=0.000151 speed=273.1s/s elapsed=1412s eta=2844s
[EPOCH] 10/30: train_loss=0.0402 val_loss=0.1481 val_acc=0.9574 macro_f1=0.9290
[TRAIN] epoch=11 batch=12/101 loss=0.0385 lr=0.000149 speed=269.7s/s elapsed=1430s eta=2809s
[TRAIN] epoch=11 batch=24/101 loss=0.0680 lr=0.000148 speed=268.7s/s elapsed=1436s eta=2771s
[TRAIN] epoch=11 batch=36/101 loss=0.0574 lr=0.000147 speed=270.5s/s elapsed=1441s eta=2734s
[TRAIN] epoch=11 batch=48/101 loss=0.0099 lr=0.000146 speed=266.0s/s elapsed=1447s eta=2698s
[TRAIN] epoch=11 batch=60/101 loss=0.0802 lr=0.000145 speed=271.9s/s elapsed=1453s eta=2662s
[TRAIN] epoch=11 batch=72/101 loss=0.0416 lr=0.000144 speed=272.7s/s elapsed=1459s eta=2626s
[TRAIN] epoch=11 batch=84/101 loss=0.0303 lr=0.000143 speed=272.8s/s elapsed=1465s eta=2592s
[TRAIN] epoch=11 batch=96/101 loss=0.0863 lr=0.000141 speed=272.8s/s elapsed=1470s eta=2558s
[CKPT] epoch_end epoch=11 step=1111
[EPOCH] 11/30: train_loss=0.0367 val_loss=0.1178 val_acc=0.9617 macro_f1=0.9392 * BEST
[TRAIN] epoch=12 batch=12/101 loss=0.0139 lr=0.000140 speed=270.6s/s elapsed=1495s eta=2538s
[TRAIN] epoch=12 batch=24/101 loss=0.0493 lr=0.000139 speed=270.3s/s elapsed=1501s eta=2505s
[TRAIN] epoch=12 batch=36/101 loss=0.0154 lr=0.000138 speed=264.5s/s elapsed=1506s eta=2473s
[TRAIN] epoch=12 batch=48/101 loss=0.0235 lr=0.000136 speed=270.2s/s elapsed=1512s eta=2441s
[TRAIN] epoch=12 batch=60/101 loss=0.0067 lr=0.000135 speed=273.1s/s elapsed=1518s eta=2410s
[TRAIN] epoch=12 batch=72/101 loss=0.0126 lr=0.000134 speed=272.8s/s elapsed=1524s eta=2379s
[TRAIN] epoch=12 batch=84/101 loss=0.0322 lr=0.000133 speed=273.0s/s elapsed=1530s eta=2349s
[TRAIN] epoch=12 batch=96/101 loss=0.0227 lr=0.000132 speed=272.9s/s elapsed=1535s eta=2319s
[EPOCH] 12/30: train_loss=0.0299 val_loss=0.1257 val_acc=0.9654 macro_f1=0.9339
[TRAIN] epoch=13 batch=12/101 loss=0.0027 lr=0.000130 speed=271.4s/s elapsed=1552s eta=2290s
[TRAIN] epoch=13 batch=24/101 loss=0.0624 lr=0.000129 speed=270.0s/s elapsed=1558s eta=2261s
[TRAIN] epoch=13 batch=36/101 loss=0.0672 lr=0.000128 speed=269.8s/s elapsed=1564s eta=2233s
[CKPT] batch_250 epoch=13 step=1250
[TRAIN] epoch=13 batch=48/101 loss=0.0200 lr=0.000127 speed=272.9s/s elapsed=1580s eta=2219s
[TRAIN] epoch=13 batch=60/101 loss=0.0047 lr=0.000125 speed=272.6s/s elapsed=1585s eta=2191s
[TRAIN] epoch=13 batch=72/101 loss=0.0410 lr=0.000124 speed=273.1s/s elapsed=1591s eta=2164s
[TRAIN] epoch=13 batch=84/101 loss=0.0413 lr=0.000123 speed=272.6s/s elapsed=1597s eta=2137s
[TRAIN] epoch=13 batch=96/101 loss=0.0503 lr=0.000122 speed=272.6s/s elapsed=1603s eta=2110s
[EPOCH] 13/30: train_loss=0.0278 val_loss=0.1226 val_acc=0.9642 macro_f1=0.9413
[TRAIN] epoch=14 batch=12/101 loss=0.0482 lr=0.000120 speed=258.2s/s elapsed=1619s eta=2084s
[TRAIN] epoch=14 batch=24/101 loss=0.0298 lr=0.000119 speed=270.4s/s elapsed=1625s eta=2058s
[TRAIN] epoch=14 batch=36/101 loss=0.0058 lr=0.000118 speed=265.5s/s elapsed=1631s eta=2033s
[TRAIN] epoch=14 batch=48/101 loss=0.0519 lr=0.000116 speed=272.7s/s elapsed=1637s eta=2007s
[TRAIN] epoch=14 batch=60/101 loss=0.0521 lr=0.000115 speed=272.8s/s elapsed=1643s eta=1983s
[TRAIN] epoch=14 batch=72/101 loss=0.0062 lr=0.000114 speed=272.6s/s elapsed=1648s eta=1958s
[TRAIN] epoch=14 batch=84/101 loss=0.0197 lr=0.000113 speed=272.6s/s elapsed=1654s eta=1934s
[TRAIN] epoch=14 batch=96/101 loss=0.0301 lr=0.000111 speed=272.7s/s elapsed=1660s eta=1910s
[EPOCH] 14/30: train_loss=0.0251 val_loss=0.1251 val_acc=0.9654 macro_f1=0.9420
[TRAIN] epoch=15 batch=12/101 loss=0.0079 lr=0.000110 speed=254.3s/s elapsed=1677s eta=1886s
[TRAIN] epoch=15 batch=24/101 loss=0.0181 lr=0.000108 speed=258.5s/s elapsed=1683s eta=1863s
[TRAIN] epoch=15 batch=36/101 loss=0.0068 lr=0.000107 speed=266.0s/s elapsed=1689s eta=1840s
[TRAIN] epoch=15 batch=48/101 loss=0.0079 lr=0.000106 speed=272.6s/s elapsed=1695s eta=1817s
[TRAIN] epoch=15 batch=60/101 loss=0.0040 lr=0.000105 speed=272.5s/s elapsed=1700s eta=1795s
[TRAIN] epoch=15 batch=72/101 loss=0.0209 lr=0.000103 speed=272.3s/s elapsed=1706s eta=1773s
[TRAIN] epoch=15 batch=84/101 loss=0.0264 lr=0.000102 speed=272.6s/s elapsed=1712s eta=1751s
[CKPT] batch_250 epoch=15 step=1500
[TRAIN] epoch=15 batch=96/101 loss=0.0832 lr=0.000101 speed=272.8s/s elapsed=1723s eta=1735s
[CKPT] epoch_end epoch=15 step=1515
[EPOCH] 15/30: train_loss=0.0198 val_loss=0.1177 val_acc=0.9691 macro_f1=0.9433 * BEST
[TRAIN] epoch=16 batch=12/101 loss=0.0416 lr=0.000099 speed=269.8s/s elapsed=1747s eta=1719s
[TRAIN] epoch=16 batch=24/101 loss=0.0060 lr=0.000098 speed=269.5s/s elapsed=1753s eta=1698s
[TRAIN] epoch=16 batch=36/101 loss=0.0259 lr=0.000097 speed=269.0s/s elapsed=1758s eta=1677s
[TRAIN] epoch=16 batch=48/101 loss=0.0104 lr=0.000096 speed=272.9s/s elapsed=1764s eta=1656s
[TRAIN] epoch=16 batch=60/101 loss=0.0093 lr=0.000094 speed=273.0s/s elapsed=1770s eta=1635s
[TRAIN] epoch=16 batch=72/101 loss=0.0222 lr=0.000093 speed=272.0s/s elapsed=1776s eta=1615s
[TRAIN] epoch=16 batch=84/101 loss=0.0054 lr=0.000092 speed=272.7s/s elapsed=1782s eta=1594s
[TRAIN] epoch=16 batch=96/101 loss=0.0255 lr=0.000091 speed=272.8s/s elapsed=1787s eta=1574s
[CKPT] epoch_end epoch=16 step=1616
[EPOCH] 16/30: train_loss=0.0168 val_loss=0.1165 val_acc=0.9697 macro_f1=0.9436 * BEST
[TRAIN] epoch=17 batch=12/101 loss=0.0490 lr=0.000089 speed=246.5s/s elapsed=1811s eta=1560s
[TRAIN] epoch=17 batch=24/101 loss=0.0098 lr=0.000088 speed=247.5s/s elapsed=1817s eta=1540s
[TRAIN] epoch=17 batch=36/101 loss=0.0034 lr=0.000086 speed=268.4s/s elapsed=1823s eta=1521s
[TRAIN] epoch=17 batch=48/101 loss=0.0388 lr=0.000085 speed=272.9s/s elapsed=1829s eta=1501s
[TRAIN] epoch=17 batch=60/101 loss=0.0081 lr=0.000084 speed=273.0s/s elapsed=1835s eta=1482s
[TRAIN] epoch=17 batch=72/101 loss=0.0504 lr=0.000083 speed=272.6s/s elapsed=1840s eta=1463s
[TRAIN] epoch=17 batch=84/101 loss=0.0008 lr=0.000082 speed=273.1s/s elapsed=1846s eta=1444s
[TRAIN] epoch=17 batch=96/101 loss=0.0267 lr=0.000080 speed=273.0s/s elapsed=1852s eta=1426s
[EPOCH] 17/30: train_loss=0.0143 val_loss=0.1229 val_acc=0.9728 macro_f1=0.9487
[TRAIN] epoch=18 batch=12/101 loss=0.0071 lr=0.000079 speed=244.1s/s elapsed=1869s eta=1406s
[TRAIN] epoch=18 batch=24/101 loss=0.0117 lr=0.000077 speed=270.2s/s elapsed=1875s eta=1388s
[CKPT] batch_250 epoch=18 step=1750
[TRAIN] epoch=18 batch=36/101 loss=0.0274 lr=0.000076 speed=273.3s/s elapsed=1889s eta=1376s
[TRAIN] epoch=18 batch=48/101 loss=0.0120 lr=0.000075 speed=273.1s/s elapsed=1895s eta=1358s
[TRAIN] epoch=18 batch=60/101 loss=0.0182 lr=0.000074 speed=273.1s/s elapsed=1901s eta=1340s
[TRAIN] epoch=18 batch=72/101 loss=0.0053 lr=0.000073 speed=273.0s/s elapsed=1907s eta=1323s
[TRAIN] epoch=18 batch=84/101 loss=0.0039 lr=0.000071 speed=272.5s/s elapsed=1912s eta=1305s
[TRAIN] epoch=18 batch=96/101 loss=0.0344 lr=0.000070 speed=273.2s/s elapsed=1918s eta=1287s
[EPOCH] 18/30: train_loss=0.0118 val_loss=0.1423 val_acc=0.9660 macro_f1=0.9425
[TRAIN] epoch=19 batch=12/101 loss=0.0028 lr=0.000069 speed=238.8s/s elapsed=1934s eta=1268s
[TRAIN] epoch=19 batch=24/101 loss=0.0049 lr=0.000067 speed=258.3s/s elapsed=1940s eta=1251s
[TRAIN] epoch=19 batch=36/101 loss=0.0207 lr=0.000066 speed=269.9s/s elapsed=1946s eta=1234s
[TRAIN] epoch=19 batch=48/101 loss=0.0105 lr=0.000065 speed=273.0s/s elapsed=1952s eta=1218s
[TRAIN] epoch=19 batch=60/101 loss=0.0167 lr=0.000064 speed=273.0s/s elapsed=1958s eta=1201s
[TRAIN] epoch=19 batch=72/101 loss=0.0010 lr=0.000063 speed=272.5s/s elapsed=1963s eta=1184s
[TRAIN] epoch=19 batch=84/101 loss=0.0088 lr=0.000062 speed=272.9s/s elapsed=1969s eta=1168s
[TRAIN] epoch=19 batch=96/101 loss=0.0041 lr=0.000061 speed=272.8s/s elapsed=1975s eta=1152s
[EPOCH] 19/30: train_loss=0.0098 val_loss=0.1263 val_acc=0.9691 macro_f1=0.9449
[TRAIN] epoch=20 batch=12/101 loss=0.0016 lr=0.000059 speed=266.6s/s elapsed=1991s eta=1133s
[TRAIN] epoch=20 batch=24/101 loss=0.0018 lr=0.000058 speed=270.6s/s elapsed=1997s eta=1117s
[TRAIN] epoch=20 batch=36/101 loss=0.0235 lr=0.000057 speed=269.4s/s elapsed=2003s eta=1102s
[TRAIN] epoch=20 batch=48/101 loss=0.0027 lr=0.000056 speed=272.7s/s elapsed=2009s eta=1086s
[TRAIN] epoch=20 batch=60/101 loss=0.0230 lr=0.000054 speed=272.7s/s elapsed=2015s eta=1070s
[TRAIN] epoch=20 batch=72/101 loss=0.0057 lr=0.000053 speed=272.8s/s elapsed=2021s eta=1054s
[CKPT] batch_250 epoch=20 step=2000
[TRAIN] epoch=20 batch=84/101 loss=0.0036 lr=0.000052 speed=272.8s/s elapsed=2032s eta=1042s
[TRAIN] epoch=20 batch=96/101 loss=0.0021 lr=0.000051 speed=271.9s/s elapsed=2037s eta=1026s
[EPOCH] 20/30: train_loss=0.0088 val_loss=0.1195 val_acc=0.9691 macro_f1=0.9433
[TRAIN] epoch=21 batch=12/101 loss=0.0035 lr=0.000050 speed=257.5s/s elapsed=2054s eta=1009s
[TRAIN] epoch=21 batch=24/101 loss=0.0063 lr=0.000049 speed=258.5s/s elapsed=2061s eta=994s
[TRAIN] epoch=21 batch=36/101 loss=0.0048 lr=0.000048 speed=263.1s/s elapsed=2067s eta=979s
[TRAIN] epoch=21 batch=48/101 loss=0.0022 lr=0.000047 speed=272.8s/s elapsed=2072s eta=964s
[TRAIN] epoch=21 batch=60/101 loss=0.0299 lr=0.000045 speed=272.3s/s elapsed=2078s eta=949s
[TRAIN] epoch=21 batch=72/101 loss=0.0112 lr=0.000044 speed=273.0s/s elapsed=2084s eta=934s
[TRAIN] epoch=21 batch=84/101 loss=0.0035 lr=0.000043 speed=273.0s/s elapsed=2090s eta=920s
[TRAIN] epoch=21 batch=96/101 loss=0.0180 lr=0.000042 speed=272.8s/s elapsed=2095s eta=905s
[EPOCH] 21/30: train_loss=0.0067 val_loss=0.1181 val_acc=0.9722 macro_f1=0.9446
[TRAIN] Complete. elapsed=2103.1s stopped_early=True
