[CELL_CAPTURE] cell=Cell 6: Training
run_id=apricot_fruit_2026-05-13_17-43-26
started_at=2026-05-13T17:43:32.335035+00:00
finished_at=2026-05-13T17:47:11.883713+00:00
duration_sec=219.549

[TRAIN] epochs=36 device=cuda batch_interval=12
[TRAIN] epoch=1 batch=12/21 loss=0.0000 lr=0.000100 speed=225.9s/s elapsed=4s eta=268s
[CKPT] epoch_end epoch=1 step=21
[EPOCH] 1/36: train_loss=1.6208 val_loss=1.4927 val_acc=0.1571 macro_f1=0.0543 * BEST
[TRAIN] epoch=2 batch=12/21 loss=0.0000 lr=0.000100 speed=229.3s/s elapsed=15s eta=336s
[EPOCH] 2/36: train_loss=1.6080 val_loss=1.7045 val_acc=0.1679 macro_f1=0.0838
[TRAIN] epoch=3 batch=12/21 loss=0.0000 lr=0.000099 speed=229.2s/s elapsed=21s eta=274s
[CKPT] epoch_end epoch=3 step=63
[EPOCH] 3/36: train_loss=1.5927 val_loss=1.4113 val_acc=0.5214 macro_f1=0.3441 * BEST
[TRAIN] epoch=4 batch=12/21 loss=0.0000 lr=0.000098 speed=229.9s/s elapsed=31s eta=279s
[CKPT] epoch_end epoch=4 step=84
[EPOCH] 4/36: train_loss=1.4836 val_loss=0.9940 val_acc=0.6821 macro_f1=0.4948 * BEST
[TRAIN] epoch=5 batch=12/21 loss=0.0000 lr=0.000096 speed=229.0s/s elapsed=40s eta=273s
[CKPT] epoch_end epoch=5 step=105
[EPOCH] 5/36: train_loss=1.3000 val_loss=0.6159 val_acc=0.8250 macro_f1=0.6302 * BEST
[TRAIN] epoch=6 batch=12/21 loss=0.0000 lr=0.000094 speed=229.9s/s elapsed=48s eta=263s
[CKPT] epoch_end epoch=6 step=126
[EPOCH] 6/36: train_loss=1.2126 val_loss=0.4159 val_acc=0.8607 macro_f1=0.6688 * BEST
[TRAIN] epoch=7 batch=12/21 loss=0.0000 lr=0.000092 speed=229.6s/s elapsed=57s eta=256s
[EPOCH] 7/36: train_loss=1.1599 val_loss=0.4256 val_acc=0.8643 macro_f1=0.6754
[TRAIN] epoch=8 batch=12/21 loss=0.0000 lr=0.000090 speed=230.5s/s elapsed=63s eta=236s
[CKPT] epoch_end epoch=8 step=168
[EPOCH] 8/36: train_loss=1.1438 val_loss=0.2850 val_acc=0.8893 macro_f1=0.7677 * BEST
[TRAIN] epoch=9 batch=12/21 loss=0.0000 lr=0.000087 speed=229.6s/s elapsed=72s eta=230s
[EPOCH] 9/36: train_loss=1.1297 val_loss=0.2986 val_acc=0.8821 macro_f1=0.7739
[TRAIN] epoch=10 batch=12/21 loss=0.0000 lr=0.000084 speed=222.3s/s elapsed=78s eta=215s
[CKPT] epoch_end epoch=10 step=210
[EPOCH] 10/36: train_loss=1.1090 val_loss=0.2604 val_acc=0.8893 macro_f1=0.7846 * BEST
[TRAIN] epoch=11 batch=12/21 loss=0.0000 lr=0.000080 speed=230.2s/s elapsed=86s eta=208s
[EPOCH] 11/36: train_loss=1.1125 val_loss=0.2680 val_acc=0.8857 macro_f1=0.7593
[TRAIN] epoch=12 batch=12/21 loss=0.0000 lr=0.000077 speed=228.6s/s elapsed=92s eta=195s
[CKPT] batch_250 epoch=12 step=250
[EPOCH] 12/36: train_loss=1.0896 val_loss=0.2643 val_acc=0.8893 macro_f1=0.8018
[TRAIN] epoch=13 batch=12/21 loss=0.0000 lr=0.000073 speed=229.7s/s elapsed=99s eta=185s
[EPOCH] 13/36: train_loss=1.0749 val_loss=0.3012 val_acc=0.8893 macro_f1=0.7791
[TRAIN] epoch=14 batch=12/21 loss=0.0000 lr=0.000069 speed=229.0s/s elapsed=105s eta=174s
[CKPT] epoch_end epoch=14 step=294
[EPOCH] 14/36: train_loss=1.0609 val_loss=0.2472 val_acc=0.9107 macro_f1=0.8454 * BEST
[TRAIN] epoch=15 batch=12/21 loss=0.0000 lr=0.000065 speed=229.3s/s elapsed=114s eta=167s
[CKPT] epoch_end epoch=15 step=315
[EPOCH] 15/36: train_loss=1.0530 val_loss=0.2405 val_acc=0.9143 macro_f1=0.8408 * BEST
[TRAIN] epoch=16 batch=12/21 loss=0.0000 lr=0.000061 speed=228.1s/s elapsed=123s eta=161s
[EPOCH] 16/36: train_loss=1.0390 val_loss=0.2765 val_acc=0.9143 macro_f1=0.8439
[TRAIN] epoch=17 batch=12/21 loss=0.0000 lr=0.000057 speed=229.7s/s elapsed=128s eta=151s
[EPOCH] 17/36: train_loss=1.0424 val_loss=0.2592 val_acc=0.9179 macro_f1=0.8527
[TRAIN] epoch=18 batch=12/21 loss=0.0000 lr=0.000052 speed=229.5s/s elapsed=134s eta=141s
[CKPT] epoch_end epoch=18 step=378
[EPOCH] 18/36: train_loss=1.0405 val_loss=0.2200 val_acc=0.9214 macro_f1=0.8582 * BEST
[TRAIN] epoch=19 batch=12/21 loss=0.0000 lr=0.000048 speed=229.5s/s elapsed=143s eta=134s
[EPOCH] 19/36: train_loss=1.0334 val_loss=0.2959 val_acc=0.9179 macro_f1=0.8465
[TRAIN] epoch=20 batch=12/21 loss=0.0000 lr=0.000044 speed=227.4s/s elapsed=149s eta=125s
[EPOCH] 20/36: train_loss=1.0197 val_loss=0.2257 val_acc=0.9464 macro_f1=0.9156
[TRAIN] epoch=21 batch=12/21 loss=0.0000 lr=0.000039 speed=230.0s/s elapsed=155s eta=116s
[EPOCH] 21/36: train_loss=1.0109 val_loss=0.2252 val_acc=0.9357 macro_f1=0.8990
[TRAIN] epoch=22 batch=12/21 loss=0.0000 lr=0.000035 speed=229.4s/s elapsed=161s eta=108s
[CKPT] epoch_end epoch=22 step=462
[EPOCH] 22/36: train_loss=1.0271 val_loss=0.2092 val_acc=0.9536 macro_f1=0.9328 * BEST
[TRAIN] epoch=23 batch=12/21 loss=0.0000 lr=0.000031 speed=229.3s/s elapsed=170s eta=101s
[EPOCH] 23/36: train_loss=1.0233 val_loss=0.2172 val_acc=0.9429 macro_f1=0.9075
[TRAIN] epoch=24 batch=12/21 loss=0.0000 lr=0.000027 speed=229.6s/s elapsed=175s eta=92s
[CKPT] batch_250 epoch=24 step=500
[CKPT] epoch_end epoch=24 step=504
[EPOCH] 24/36: train_loss=1.0148 val_loss=0.2057 val_acc=0.9429 macro_f1=0.9075 * BEST
[TRAIN] epoch=25 batch=12/21 loss=0.0000 lr=0.000024 speed=229.3s/s elapsed=186s eta=86s
[EPOCH] 25/36: train_loss=1.0139 val_loss=0.2188 val_acc=0.9393 macro_f1=0.9013
[TRAIN] epoch=26 batch=12/21 loss=0.0000 lr=0.000020 speed=228.4s/s elapsed=193s eta=79s
[EPOCH] 26/36: train_loss=1.0122 val_loss=0.2097 val_acc=0.9393 macro_f1=0.9003
[TRAIN] epoch=27 batch=12/21 loss=0.0000 lr=0.000017 speed=229.9s/s elapsed=198s eta=70s
[EPOCH] 27/36: train_loss=1.0064 val_loss=0.2164 val_acc=0.9357 macro_f1=0.8867
[TRAIN] epoch=28 batch=12/21 loss=0.0000 lr=0.000014 speed=228.1s/s elapsed=204s eta=62s
[EPOCH] 28/36: train_loss=1.0031 val_loss=0.2113 val_acc=0.9393 macro_f1=0.8941
[TRAIN] epoch=29 batch=12/21 loss=0.0000 lr=0.000011 speed=229.8s/s elapsed=210s eta=55s
[EPOCH] 29/36: train_loss=1.0085 val_loss=0.2353 val_acc=0.9321 macro_f1=0.8848
[TRAIN] epoch=30 batch=12/21 loss=0.0000 lr=0.000009 speed=228.0s/s elapsed=215s eta=47s
[EPOCH] 30/36: train_loss=1.0130 val_loss=0.2080 val_acc=0.9393 macro_f1=0.8941
[TRAIN] Complete. elapsed=219.4s stopped_early=True stopped_by_user=False cycles=1
