[CELL_CAPTURE] cell=Cell 6: Training
run_id=apricot_fruit_2026-05-14_11-18-41
started_at=2026-05-14T11:18:56.454795+00:00
finished_at=2026-05-14T11:22:19.350504+00:00
duration_sec=202.896

[TRAIN] epochs=36 device=cuda batch_interval=12
[TRAIN] epoch=1 batch=12/21 loss=0.0000 lr=0.000100 speed=228.9s/s elapsed=5s eta=336s
[CKPT] epoch_end epoch=1 step=21
[EPOCH] 1/36: train_loss=1.6218 val_loss=1.4990 val_acc=0.1571 macro_f1=0.0543 * BEST
[TRAIN] epoch=2 batch=12/21 loss=0.0000 lr=0.000100 speed=228.9s/s elapsed=16s eta=343s
[EPOCH] 2/36: train_loss=1.6080 val_loss=1.6992 val_acc=0.1679 macro_f1=0.0855
[TRAIN] epoch=3 batch=12/21 loss=0.0000 lr=0.000099 speed=225.9s/s elapsed=21s eta=278s
[CKPT] epoch_end epoch=3 step=63
[EPOCH] 3/36: train_loss=1.5918 val_loss=1.4325 val_acc=0.4536 macro_f1=0.3278 * BEST
[TRAIN] epoch=4 batch=12/21 loss=0.0000 lr=0.000098 speed=228.1s/s elapsed=30s eta=275s
[CKPT] epoch_end epoch=4 step=84
[EPOCH] 4/36: train_loss=1.4746 val_loss=1.0069 val_acc=0.6714 macro_f1=0.4912 * BEST
[TRAIN] epoch=5 batch=12/21 loss=0.0000 lr=0.000096 speed=224.3s/s elapsed=39s eta=267s
[CKPT] epoch_end epoch=5 step=105
[EPOCH] 5/36: train_loss=1.2785 val_loss=0.6207 val_acc=0.8214 macro_f1=0.6267 * BEST
[TRAIN] epoch=6 batch=12/21 loss=0.0000 lr=0.000094 speed=228.4s/s elapsed=47s eta=258s
[CKPT] epoch_end epoch=6 step=126
[EPOCH] 6/36: train_loss=1.1844 val_loss=0.4133 val_acc=0.8607 macro_f1=0.6688 * BEST
[TRAIN] epoch=7 batch=12/21 loss=0.0000 lr=0.000092 speed=227.0s/s elapsed=56s eta=251s
[EPOCH] 7/36: train_loss=1.1271 val_loss=0.4252 val_acc=0.8643 macro_f1=0.6754
[TRAIN] epoch=8 batch=12/21 loss=0.0000 lr=0.000090 speed=228.1s/s elapsed=62s eta=231s
[CKPT] epoch_end epoch=8 step=168
[EPOCH] 8/36: train_loss=1.1102 val_loss=0.2879 val_acc=0.8893 macro_f1=0.7677 * BEST
[TRAIN] epoch=9 batch=12/21 loss=0.0000 lr=0.000087 speed=228.2s/s elapsed=70s eta=225s
[EPOCH] 9/36: train_loss=1.0948 val_loss=0.2989 val_acc=0.8750 macro_f1=0.7558
[TRAIN] epoch=10 batch=12/21 loss=0.0000 lr=0.000084 speed=227.8s/s elapsed=76s eta=210s
[CKPT] epoch_end epoch=10 step=210
[EPOCH] 10/36: train_loss=1.0730 val_loss=0.2604 val_acc=0.8893 macro_f1=0.7831 * BEST
[TRAIN] epoch=11 batch=12/21 loss=0.0000 lr=0.000080 speed=228.5s/s elapsed=85s eta=204s
[EPOCH] 11/36: train_loss=1.0760 val_loss=0.2711 val_acc=0.8857 macro_f1=0.7593
[TRAIN] epoch=12 batch=12/21 loss=0.0000 lr=0.000077 speed=227.2s/s elapsed=91s eta=191s
[CKPT] batch_250 epoch=12 step=250
[EPOCH] 12/36: train_loss=1.0514 val_loss=0.2710 val_acc=0.8893 macro_f1=0.8018
[TRAIN] epoch=13 batch=12/21 loss=0.0000 lr=0.000073 speed=228.6s/s elapsed=98s eta=183s
[EPOCH] 13/36: train_loss=1.0356 val_loss=0.3137 val_acc=0.8893 macro_f1=0.7791
[TRAIN] epoch=14 batch=12/21 loss=0.0000 lr=0.000069 speed=228.9s/s elapsed=104s eta=171s
[CKPT] epoch_end epoch=14 step=294
[EPOCH] 14/36: train_loss=1.0207 val_loss=0.2557 val_acc=0.9143 macro_f1=0.8504 * BEST
[TRAIN] epoch=15 batch=12/21 loss=0.0000 lr=0.000065 speed=228.0s/s elapsed=112s eta=165s
[CKPT] epoch_end epoch=15 step=315
[EPOCH] 15/36: train_loss=1.0128 val_loss=0.2427 val_acc=0.9143 macro_f1=0.8408 * BEST
[TRAIN] epoch=16 batch=12/21 loss=0.0000 lr=0.000061 speed=227.0s/s elapsed=122s eta=159s
[EPOCH] 16/36: train_loss=0.9977 val_loss=0.2793 val_acc=0.9179 macro_f1=0.8530
[TRAIN] epoch=17 batch=12/21 loss=0.0000 lr=0.000057 speed=224.4s/s elapsed=127s eta=149s
[EPOCH] 17/36: train_loss=1.0007 val_loss=0.2634 val_acc=0.9143 macro_f1=0.8407
[TRAIN] epoch=18 batch=12/21 loss=0.0000 lr=0.000052 speed=229.0s/s elapsed=133s eta=140s
[CKPT] epoch_end epoch=18 step=378
[EPOCH] 18/36: train_loss=0.9990 val_loss=0.2244 val_acc=0.9286 macro_f1=0.8775 * BEST
[TRAIN] epoch=19 batch=12/21 loss=0.0000 lr=0.000048 speed=228.2s/s elapsed=142s eta=133s
[EPOCH] 19/36: train_loss=0.9907 val_loss=0.2983 val_acc=0.9179 macro_f1=0.8446
[TRAIN] epoch=20 batch=12/21 loss=0.0000 lr=0.000044 speed=228.3s/s elapsed=147s eta=124s
[EPOCH] 20/36: train_loss=0.9758 val_loss=0.2306 val_acc=0.9429 macro_f1=0.9085
[TRAIN] epoch=21 batch=12/21 loss=0.0000 lr=0.000039 speed=228.3s/s elapsed=155s eta=116s
[EPOCH] 21/36: train_loss=0.9682 val_loss=0.2320 val_acc=0.9357 macro_f1=0.8982
[TRAIN] epoch=22 batch=12/21 loss=0.0000 lr=0.000035 speed=228.3s/s elapsed=161s eta=108s
[CKPT] epoch_end epoch=22 step=462
[EPOCH] 22/36: train_loss=0.9845 val_loss=0.2136 val_acc=0.9500 macro_f1=0.9147 * BEST
[TRAIN] epoch=23 batch=12/21 loss=0.0000 lr=0.000031 speed=226.6s/s elapsed=169s eta=101s
[EPOCH] 23/36: train_loss=0.9801 val_loss=0.2246 val_acc=0.9357 macro_f1=0.8920
[TRAIN] epoch=24 batch=12/21 loss=0.0000 lr=0.000027 speed=225.3s/s elapsed=175s eta=92s
[CKPT] batch_250 epoch=24 step=500
[EPOCH] 24/36: train_loss=0.9713 val_loss=0.2182 val_acc=0.9393 macro_f1=0.9044
[TRAIN] epoch=25 batch=12/21 loss=0.0000 lr=0.000024 speed=227.7s/s elapsed=182s eta=85s
[EPOCH] 25/36: train_loss=0.9708 val_loss=0.2275 val_acc=0.9357 macro_f1=0.8980
[TRAIN] epoch=26 batch=12/21 loss=0.0000 lr=0.000020 speed=226.4s/s elapsed=189s eta=77s
[EPOCH] 26/36: train_loss=0.9690 val_loss=0.2216 val_acc=0.9357 macro_f1=0.8972
[TRAIN] epoch=27 batch=12/21 loss=0.0000 lr=0.000017 speed=224.3s/s elapsed=195s eta=69s
[EPOCH] 27/36: train_loss=0.9630 val_loss=0.2270 val_acc=0.9393 macro_f1=0.8952
[TRAIN] epoch=28 batch=12/21 loss=0.0000 lr=0.000014 speed=227.9s/s elapsed=200s eta=61s
[EPOCH] 28/36: train_loss=0.9594 val_loss=0.2175 val_acc=0.9393 macro_f1=0.8941
[TRAIN] Complete. elapsed=202.9s stopped_early=True stopped_by_user=False cycles=1
