[CELL_CAPTURE] cell=Cell 6: Training
run_id=grape_fruit_2026-04-12_20-37-46
started_at=2026-04-12T20:39:00.701070+00:00
finished_at=2026-04-12T20:41:11.939251+00:00
duration_sec=131.238

[TRAIN] epochs=20 device=cuda batch_interval=12
[EPOCH] 1/20: train_loss=1.6492
[CKPT] epoch_end epoch=2 step=12
[EPOCH] 2/20: train_loss=1.6069 val_loss=1.7366 val_acc=0.1824 macro_f1=0.1126 * BEST
[EPOCH] 3/20: train_loss=1.6063
[CKPT] epoch_end epoch=4 step=24
[EPOCH] 4/20: train_loss=1.6007 val_loss=1.5467 val_acc=0.2973 macro_f1=0.1261 * BEST
[EPOCH] 5/20: train_loss=1.5937
[CKPT] epoch_end epoch=6 step=36
[EPOCH] 6/20: train_loss=1.5647 val_loss=1.3983 val_acc=0.3176 macro_f1=0.2406 * BEST
[EPOCH] 7/20: train_loss=1.4948
[CKPT] epoch_end epoch=8 step=48
[EPOCH] 8/20: train_loss=1.4075 val_loss=1.2361 val_acc=0.5676 macro_f1=0.3888 * BEST
[EPOCH] 9/20: train_loss=1.3599
[CKPT] epoch_end epoch=10 step=60
[EPOCH] 10/20: train_loss=1.3087 val_loss=1.1490 val_acc=0.5676 macro_f1=0.4626 * BEST
[EPOCH] 11/20: train_loss=1.2364
[CKPT] epoch_end epoch=12 step=72
[EPOCH] 12/20: train_loss=1.2158 val_loss=0.9511 val_acc=0.6216 macro_f1=0.5433 * BEST
[EPOCH] 13/20: train_loss=1.1791
[CKPT] epoch_end epoch=14 step=84
[EPOCH] 14/20: train_loss=1.1713 val_loss=0.8681 val_acc=0.6554 macro_f1=0.5648 * BEST
[EPOCH] 15/20: train_loss=1.1523
[CKPT] epoch_end epoch=16 step=96
[EPOCH] 16/20: train_loss=1.1603 val_loss=0.8248 val_acc=0.7095 macro_f1=0.6414 * BEST
[EPOCH] 17/20: train_loss=1.1706
[CKPT] epoch_end epoch=18 step=108
[EPOCH] 18/20: train_loss=1.1456 val_loss=0.8105 val_acc=0.7027 macro_f1=0.6215 * BEST
[EPOCH] 19/20: train_loss=1.1438
[CKPT] epoch_end epoch=20 step=120
[EPOCH] 20/20: train_loss=1.1478 val_loss=0.8061 val_acc=0.7027 macro_f1=0.6215 * BEST
[TRAIN] Complete. elapsed=131.2s stopped_early=False

[STDERR]
/tmp/ipykernel_5536/2214835974.py:179: UserWarning: No artists with labels found to put in legend.  Note that artists whose label start with an underscore are ignored when legend() is called with no argument.
  plt.legend()
/tmp/ipykernel_5536/2214835974.py:189: UserWarning: No artists with labels found to put in legend.  Note that artists whose label start with an underscore are ignored when legend() is called with no argument.
  plt.legend()
