[CELL_CAPTURE] cell=Cell 6: Training
run_id=tomato_fruit_2026-04-21_20-07-45
started_at=2026-04-21T20:09:08.684568+00:00
finished_at=2026-04-21T20:16:18.552338+00:00
duration_sec=429.868

[TRAIN] epochs=24 device=cuda batch_interval=12
[TRAIN] epoch=1 batch=12/59 loss=0.0000 lr=0.000100 speed=256.8s/s elapsed=11s eta=1273s
[TRAIN] epoch=1 batch=24/59 loss=0.0000 lr=0.000100 speed=257.5s/s elapsed=14s eta=810s
[TRAIN] epoch=1 batch=36/59 loss=0.0000 lr=0.000100 speed=257.8s/s elapsed=17s eta=653s
[TRAIN] epoch=1 batch=48/59 loss=0.0000 lr=0.000100 speed=257.6s/s elapsed=20s eta=573s
[CKPT] epoch_end epoch=1 step=59
[EPOCH] 1/24: train_loss=1.7957 val_loss=1.8143 val_acc=0.1708 macro_f1=0.1107 * BEST
[TRAIN] epoch=2 batch=12/59 loss=0.0000 lr=0.000099 speed=205.2s/s elapsed=34s eta=641s
[TRAIN] epoch=2 batch=24/59 loss=0.0000 lr=0.000099 speed=257.9s/s elapsed=37s eta=597s
[TRAIN] epoch=2 batch=36/59 loss=0.0000 lr=0.000099 speed=256.5s/s elapsed=40s eta=560s
[TRAIN] epoch=2 batch=48/59 loss=0.0000 lr=0.000099 speed=256.3s/s elapsed=43s eta=530s
[CKPT] epoch_end epoch=2 step=118
[EPOCH] 2/24: train_loss=1.6021 val_loss=1.6688 val_acc=0.3875 macro_f1=0.3679 * BEST
[TRAIN] epoch=3 batch=12/59 loss=0.0000 lr=0.000098 speed=171.6s/s elapsed=56s eta=554s
[TRAIN] epoch=3 batch=24/59 loss=0.0000 lr=0.000098 speed=256.5s/s elapsed=59s eta=531s
[TRAIN] epoch=3 batch=36/59 loss=0.0000 lr=0.000097 speed=257.6s/s elapsed=62s eta=510s
[TRAIN] epoch=3 batch=48/59 loss=0.0000 lr=0.000097 speed=255.1s/s elapsed=65s eta=492s
[CKPT] epoch_end epoch=3 step=177
[EPOCH] 3/24: train_loss=1.3269 val_loss=1.2496 val_acc=0.6250 macro_f1=0.5993 * BEST
[TRAIN] epoch=4 batch=12/59 loss=0.0000 lr=0.000096 speed=235.8s/s elapsed=79s eta=510s
[TRAIN] epoch=4 batch=24/59 loss=0.0000 lr=0.000095 speed=256.4s/s elapsed=82s eta=493s
[TRAIN] epoch=4 batch=36/59 loss=0.0000 lr=0.000095 speed=253.4s/s elapsed=85s eta=478s
[TRAIN] epoch=4 batch=48/59 loss=0.0000 lr=0.000094 speed=257.4s/s elapsed=88s eta=464s
[CKPT] epoch_end epoch=4 step=236
[EPOCH] 4/24: train_loss=1.2324 val_loss=0.9513 val_acc=0.7333 macro_f1=0.7195 * BEST
[TRAIN] epoch=5 batch=12/59 loss=0.0000 lr=0.000093 speed=222.8s/s elapsed=101s eta=474s
[CKPT] batch_250 epoch=5 step=250
[TRAIN] epoch=5 batch=24/59 loss=0.0000 lr=0.000092 speed=256.1s/s elapsed=105s eta=469s
[TRAIN] epoch=5 batch=36/59 loss=0.0000 lr=0.000091 speed=255.8s/s elapsed=108s eta=456s
[TRAIN] epoch=5 batch=48/59 loss=0.0000 lr=0.000090 speed=256.9s/s elapsed=112s eta=445s
[CKPT] epoch_end epoch=5 step=295
[EPOCH] 5/24: train_loss=1.1695 val_loss=0.8171 val_acc=0.7750 macro_f1=0.7530 * BEST
[TRAIN] epoch=6 batch=12/59 loss=0.0000 lr=0.000089 speed=244.4s/s elapsed=124s eta=449s
[TRAIN] epoch=6 batch=24/59 loss=0.0000 lr=0.000088 speed=256.7s/s elapsed=128s eta=439s
[TRAIN] epoch=6 batch=36/59 loss=0.0000 lr=0.000087 speed=257.0s/s elapsed=131s eta=428s
[TRAIN] epoch=6 batch=48/59 loss=0.0000 lr=0.000086 speed=257.3s/s elapsed=134s eta=418s
[CKPT] epoch_end epoch=6 step=354
[EPOCH] 6/24: train_loss=1.1265 val_loss=0.6520 val_acc=0.8292 macro_f1=0.8229 * BEST
[TRAIN] epoch=7 batch=12/59 loss=0.0000 lr=0.000085 speed=228.7s/s elapsed=147s eta=421s
[TRAIN] epoch=7 batch=24/59 loss=0.0000 lr=0.000084 speed=256.6s/s elapsed=150s eta=411s
[TRAIN] epoch=7 batch=36/59 loss=0.0000 lr=0.000083 speed=257.4s/s elapsed=153s eta=402s
[TRAIN] epoch=7 batch=48/59 loss=0.0000 lr=0.000082 speed=257.0s/s elapsed=156s eta=393s
[CKPT] epoch_end epoch=7 step=413
[EPOCH] 7/24: train_loss=1.1092 val_loss=0.5001 val_acc=0.8625 macro_f1=0.8548 * BEST
[TRAIN] epoch=8 batch=12/59 loss=0.0000 lr=0.000080 speed=239.5s/s elapsed=169s eta=393s
[TRAIN] epoch=8 batch=24/59 loss=0.0000 lr=0.000079 speed=255.8s/s elapsed=172s eta=385s
[TRAIN] epoch=8 batch=36/59 loss=0.0000 lr=0.000077 speed=257.1s/s elapsed=175s eta=377s
[TRAIN] epoch=8 batch=48/59 loss=0.0000 lr=0.000076 speed=257.3s/s elapsed=178s eta=369s
[CKPT] epoch_end epoch=8 step=472
[EPOCH] 8/24: train_loss=1.0869 val_loss=0.3733 val_acc=0.9000 macro_f1=0.9001 * BEST
[TRAIN] epoch=9 batch=12/59 loss=0.0000 lr=0.000074 speed=256.7s/s elapsed=191s eta=368s
[TRAIN] epoch=9 batch=24/59 loss=0.0000 lr=0.000073 speed=255.7s/s elapsed=194s eta=360s
[CKPT] batch_250 epoch=9 step=500
[TRAIN] epoch=9 batch=36/59 loss=0.0000 lr=0.000072 speed=257.1s/s elapsed=199s eta=356s
[TRAIN] epoch=9 batch=48/59 loss=0.0000 lr=0.000071 speed=256.3s/s elapsed=202s eta=348s
[EPOCH] 9/24: train_loss=1.0676 val_loss=0.4421 val_acc=0.8792 macro_f1=0.8761
[TRAIN] epoch=10 batch=12/59 loss=0.0000 lr=0.000068 speed=250.1s/s elapsed=212s eta=341s
[TRAIN] epoch=10 batch=24/59 loss=0.0000 lr=0.000067 speed=256.3s/s elapsed=215s eta=334s
[TRAIN] epoch=10 batch=36/59 loss=0.0000 lr=0.000066 speed=256.4s/s elapsed=219s eta=327s
[TRAIN] epoch=10 batch=48/59 loss=0.0000 lr=0.000064 speed=256.5s/s elapsed=222s eta=320s
[CKPT] epoch_end epoch=10 step=590
[EPOCH] 10/24: train_loss=1.0583 val_loss=0.3308 val_acc=0.9083 macro_f1=0.9077 * BEST
[TRAIN] epoch=11 batch=12/59 loss=0.0000 lr=0.000062 speed=254.8s/s elapsed=235s eta=318s
[TRAIN] epoch=11 batch=24/59 loss=0.0000 lr=0.000061 speed=256.0s/s elapsed=238s eta=311s
[TRAIN] epoch=11 batch=36/59 loss=0.0000 lr=0.000059 speed=257.0s/s elapsed=241s eta=305s
[TRAIN] epoch=11 batch=48/59 loss=0.0000 lr=0.000058 speed=257.1s/s elapsed=244s eta=298s
[EPOCH] 11/24: train_loss=1.0563 val_loss=0.3540 val_acc=0.9125 macro_f1=0.9124
[TRAIN] epoch=12 batch=12/59 loss=0.0000 lr=0.000056 speed=257.1s/s elapsed=255s eta=291s
[TRAIN] epoch=12 batch=24/59 loss=0.0000 lr=0.000054 speed=256.5s/s elapsed=258s eta=284s
[TRAIN] epoch=12 batch=36/59 loss=0.0000 lr=0.000053 speed=257.1s/s elapsed=261s eta=278s
[TRAIN] epoch=12 batch=48/59 loss=0.0000 lr=0.000052 speed=257.1s/s elapsed=264s eta=272s
[EPOCH] 12/24: train_loss=1.0527 val_loss=0.4410 val_acc=0.8833 macro_f1=0.8789
[TRAIN] epoch=13 batch=12/59 loss=0.0000 lr=0.000049 speed=247.5s/s elapsed=274s eta=265s
[TRAIN] epoch=13 batch=24/59 loss=0.0000 lr=0.000048 speed=256.9s/s elapsed=277s eta=259s
[TRAIN] epoch=13 batch=36/59 loss=0.0000 lr=0.000047 speed=257.2s/s elapsed=280s eta=253s
[CKPT] batch_250 epoch=13 step=750
[TRAIN] epoch=13 batch=48/59 loss=0.0000 lr=0.000045 speed=256.0s/s elapsed=285s eta=249s
[EPOCH] 13/24: train_loss=1.0473 val_loss=0.3448 val_acc=0.9000 macro_f1=0.8991
[TRAIN] epoch=14 batch=12/59 loss=0.0000 lr=0.000043 speed=256.3s/s elapsed=295s eta=241s
[TRAIN] epoch=14 batch=24/59 loss=0.0000 lr=0.000041 speed=257.2s/s elapsed=298s eta=236s
[TRAIN] epoch=14 batch=36/59 loss=0.0000 lr=0.000040 speed=257.0s/s elapsed=301s eta=230s
[TRAIN] epoch=14 batch=48/59 loss=0.0000 lr=0.000039 speed=257.2s/s elapsed=304s eta=224s
[EPOCH] 14/24: train_loss=1.0438 val_loss=0.3356 val_acc=0.9125 macro_f1=0.9111
[TRAIN] epoch=15 batch=12/59 loss=0.0000 lr=0.000036 speed=257.0s/s elapsed=314s eta=217s
[TRAIN] epoch=15 batch=24/59 loss=0.0000 lr=0.000035 speed=257.0s/s elapsed=317s eta=211s
[TRAIN] epoch=15 batch=36/59 loss=0.0000 lr=0.000034 speed=256.5s/s elapsed=321s eta=206s
[TRAIN] epoch=15 batch=48/59 loss=0.0000 lr=0.000033 speed=256.9s/s elapsed=324s eta=201s
[CKPT] epoch_end epoch=15 step=885
[EPOCH] 15/24: train_loss=1.0411 val_loss=0.2570 val_acc=0.9375 macro_f1=0.9399 * BEST
[TRAIN] epoch=16 batch=12/59 loss=0.0000 lr=0.000030 speed=257.2s/s elapsed=337s eta=195s
[TRAIN] epoch=16 batch=24/59 loss=0.0000 lr=0.000029 speed=257.0s/s elapsed=340s eta=190s
[TRAIN] epoch=16 batch=36/59 loss=0.0000 lr=0.000028 speed=257.2s/s elapsed=343s eta=184s
[TRAIN] epoch=16 batch=48/59 loss=0.0000 lr=0.000027 speed=256.4s/s elapsed=346s eta=179s
[EPOCH] 16/24: train_loss=1.0390 val_loss=0.2847 val_acc=0.9292 macro_f1=0.9327
[TRAIN] epoch=17 batch=12/59 loss=0.0000 lr=0.000025 speed=256.6s/s elapsed=356s eta=171s
[TRAIN] epoch=17 batch=24/59 loss=0.0000 lr=0.000024 speed=257.2s/s elapsed=359s eta=166s
[TRAIN] epoch=17 batch=36/59 loss=0.0000 lr=0.000022 speed=257.4s/s elapsed=362s eta=161s
[TRAIN] epoch=17 batch=48/59 loss=0.0000 lr=0.000021 speed=257.2s/s elapsed=365s eta=156s
[CKPT] batch_250 epoch=17 step=1000
[EPOCH] 17/24: train_loss=1.0386 val_loss=0.2722 val_acc=0.9375 macro_f1=0.9408
[TRAIN] epoch=18 batch=12/59 loss=0.0000 lr=0.000019 speed=226.2s/s elapsed=378s eta=149s
[TRAIN] epoch=18 batch=24/59 loss=0.0000 lr=0.000018 speed=257.1s/s elapsed=381s eta=144s
[TRAIN] epoch=18 batch=36/59 loss=0.0000 lr=0.000017 speed=257.1s/s elapsed=384s eta=139s
[TRAIN] epoch=18 batch=48/59 loss=0.0000 lr=0.000016 speed=257.1s/s elapsed=388s eta=135s
[EPOCH] 18/24: train_loss=1.0371 val_loss=0.3231 val_acc=0.9042 macro_f1=0.9020
[TRAIN] epoch=19 batch=12/59 loss=0.0000 lr=0.000015 speed=239.0s/s elapsed=397s eta=126s
[TRAIN] epoch=19 batch=24/59 loss=0.0000 lr=0.000014 speed=257.3s/s elapsed=400s eta=122s
[TRAIN] epoch=19 batch=36/59 loss=0.0000 lr=0.000013 speed=257.2s/s elapsed=403s eta=117s
[TRAIN] epoch=19 batch=48/59 loss=0.0000 lr=0.000012 speed=256.6s/s elapsed=406s eta=112s
[EPOCH] 19/24: train_loss=1.0342 val_loss=0.2823 val_acc=0.9292 macro_f1=0.9309
[TRAIN] epoch=20 batch=12/59 loss=0.0000 lr=0.000010 speed=211.6s/s elapsed=416s eta=104s
[TRAIN] epoch=20 batch=24/59 loss=0.0000 lr=0.000010 speed=256.7s/s elapsed=419s eta=99s
[TRAIN] epoch=20 batch=36/59 loss=0.0000 lr=0.000009 speed=257.2s/s elapsed=422s eta=94s
[TRAIN] epoch=20 batch=48/59 loss=0.0000 lr=0.000008 speed=257.1s/s elapsed=425s eta=90s
[EPOCH] 20/24: train_loss=1.0310 val_loss=0.2811 val_acc=0.9333 macro_f1=0.9346
[TRAIN] Complete. elapsed=429.8s stopped_early=True stopped_by_user=False cycles=1
