[CELL_CAPTURE] cell=Cell 6: Training
run_id=grape_fruit_2026-05-24_14-47-58
started_at=2026-05-24T14:48:07.290827+00:00
finished_at=2026-05-24T14:51:54.826697+00:00
duration_sec=227.536

[TRAIN] epochs=32 device=cuda batch_interval=12
[TRAIN] epoch=1 batch=12/15 loss=0.0000 lr=0.000100 speed=243.0s/s elapsed=4s eta=173s
[CKPT] epoch_end epoch=1 step=15
[EPOCH] 1/32: train_loss=1.6333 val_loss=1.6902 val_acc=0.0517 macro_f1=0.0197 * BEST
[TRAIN] epoch=2 batch=12/15 loss=0.0000 lr=0.000099 speed=240.6s/s elapsed=16s eta=260s
[CKPT] epoch_end epoch=2 step=30
[EPOCH] 2/32: train_loss=1.6093 val_loss=1.6854 val_acc=0.1379 macro_f1=0.0526 * BEST
[TRAIN] epoch=3 batch=12/15 loss=0.0000 lr=0.000098 speed=242.2s/s elapsed=24s eta=255s
[CKPT] epoch_end epoch=3 step=45
[EPOCH] 3/32: train_loss=1.6054 val_loss=1.4743 val_acc=0.3678 macro_f1=0.1887 * BEST
[TRAIN] epoch=4 batch=12/15 loss=0.0000 lr=0.000097 speed=241.7s/s elapsed=32s eta=240s
[CKPT] epoch_end epoch=4 step=60
[EPOCH] 4/32: train_loss=1.5922 val_loss=1.4339 val_acc=0.5230 macro_f1=0.3285 * BEST
[TRAIN] epoch=5 batch=12/15 loss=0.0000 lr=0.000095 speed=241.9s/s elapsed=40s eta=228s
[CKPT] epoch_end epoch=5 step=75
[EPOCH] 5/32: train_loss=1.5003 val_loss=1.2491 val_acc=0.4425 macro_f1=0.2988 * BEST
[TRAIN] epoch=6 batch=12/15 loss=0.0000 lr=0.000092 speed=241.6s/s elapsed=48s eta=218s
[CKPT] epoch_end epoch=6 step=90
[EPOCH] 6/32: train_loss=1.3873 val_loss=0.9460 val_acc=0.6782 macro_f1=0.5776 * BEST
[TRAIN] epoch=7 batch=12/15 loss=0.0000 lr=0.000089 speed=243.2s/s elapsed=56s eta=208s
[CKPT] epoch_end epoch=7 step=105
[EPOCH] 7/32: train_loss=1.3060 val_loss=0.7264 val_acc=0.7414 macro_f1=0.5931 * BEST
[TRAIN] epoch=8 batch=12/15 loss=0.0000 lr=0.000086 speed=242.8s/s elapsed=64s eta=199s
[CKPT] epoch_end epoch=8 step=120
[EPOCH] 8/32: train_loss=1.2357 val_loss=0.6708 val_acc=0.7471 macro_f1=0.6387 * BEST
[TRAIN] epoch=9 batch=12/15 loss=0.0000 lr=0.000083 speed=241.7s/s elapsed=72s eta=190s
[CKPT] epoch_end epoch=9 step=135
[EPOCH] 9/32: train_loss=1.2035 val_loss=0.6290 val_acc=0.7874 macro_f1=0.7221 * BEST
[TRAIN] epoch=10 batch=12/15 loss=0.0000 lr=0.000079 speed=244.0s/s elapsed=80s eta=181s
[EPOCH] 10/32: train_loss=1.1620 val_loss=0.6439 val_acc=0.7586 macro_f1=0.6910
[TRAIN] epoch=11 batch=12/15 loss=0.0000 lr=0.000075 speed=246.1s/s elapsed=85s eta=168s
[EPOCH] 11/32: train_loss=1.1664 val_loss=0.6396 val_acc=0.7759 macro_f1=0.7179
[TRAIN] epoch=12 batch=12/15 loss=0.0000 lr=0.000070 speed=245.8s/s elapsed=90s eta=154s
[CKPT] epoch_end epoch=12 step=180
[EPOCH] 12/32: train_loss=1.1382 val_loss=0.5697 val_acc=0.7989 macro_f1=0.7490 * BEST
[TRAIN] epoch=13 batch=12/15 loss=0.0000 lr=0.000066 speed=245.8s/s elapsed=97s eta=146s
[CKPT] epoch_end epoch=13 step=195
[EPOCH] 13/32: train_loss=1.1156 val_loss=0.5394 val_acc=0.8218 macro_f1=0.7777 * BEST
[TRAIN] epoch=14 batch=12/15 loss=0.0000 lr=0.000061 speed=244.4s/s elapsed=105s eta=139s
[CKPT] epoch_end epoch=14 step=210
[EPOCH] 14/32: train_loss=1.1026 val_loss=0.4535 val_acc=0.8621 macro_f1=0.8342 * BEST
[TRAIN] epoch=15 batch=12/15 loss=0.0000 lr=0.000056 speed=244.7s/s elapsed=113s eta=131s
[EPOCH] 15/32: train_loss=1.0918 val_loss=0.4726 val_acc=0.8621 macro_f1=0.8326
[TRAIN] epoch=16 batch=12/15 loss=0.0000 lr=0.000051 speed=244.0s/s elapsed=118s eta=121s
[CKPT] epoch_end epoch=16 step=240
[EPOCH] 16/32: train_loss=1.0893 val_loss=0.4397 val_acc=0.8621 macro_f1=0.8254 * BEST
[CKPT] batch_250 epoch=17 step=250
[TRAIN] epoch=17 batch=12/15 loss=0.0000 lr=0.000047 speed=245.2s/s elapsed=132s eta=119s
[CKPT] epoch_end epoch=17 step=255
[EPOCH] 17/32: train_loss=1.0756 val_loss=0.3929 val_acc=0.8678 macro_f1=0.8379 * BEST
[TRAIN] epoch=18 batch=12/15 loss=0.0000 lr=0.000042 speed=243.3s/s elapsed=140s eta=111s
[EPOCH] 18/32: train_loss=1.0590 val_loss=0.4082 val_acc=0.8678 macro_f1=0.8414
[TRAIN] epoch=19 batch=12/15 loss=0.0000 lr=0.000037 speed=244.5s/s elapsed=145s eta=101s
[CKPT] epoch_end epoch=19 step=285
[EPOCH] 19/32: train_loss=1.0507 val_loss=0.3861 val_acc=0.8851 macro_f1=0.8631 * BEST
[TRAIN] epoch=20 batch=12/15 loss=0.0000 lr=0.000032 speed=243.3s/s elapsed=152s eta=94s
[CKPT] epoch_end epoch=20 step=300
[EPOCH] 20/32: train_loss=1.0476 val_loss=0.3856 val_acc=0.8736 macro_f1=0.8347 * BEST
[TRAIN] epoch=21 batch=12/15 loss=0.0000 lr=0.000028 speed=242.1s/s elapsed=160s eta=86s
[CKPT] epoch_end epoch=21 step=315
[EPOCH] 21/32: train_loss=1.0526 val_loss=0.3385 val_acc=0.8908 macro_f1=0.8688 * BEST
[TRAIN] epoch=22 batch=12/15 loss=0.0000 lr=0.000024 speed=244.3s/s elapsed=168s eta=78s
[EPOCH] 22/32: train_loss=1.0369 val_loss=0.3444 val_acc=0.8851 macro_f1=0.8566
[TRAIN] epoch=23 batch=12/15 loss=0.0000 lr=0.000020 speed=244.6s/s elapsed=172s eta=70s
[CKPT] epoch_end epoch=23 step=345
[EPOCH] 23/32: train_loss=1.0409 val_loss=0.3322 val_acc=0.8793 macro_f1=0.8483 * BEST
[TRAIN] epoch=24 batch=12/15 loss=0.0000 lr=0.000016 speed=244.6s/s elapsed=180s eta=62s
[EPOCH] 24/32: train_loss=1.0306 val_loss=0.3334 val_acc=0.8908 macro_f1=0.8643
[TRAIN] epoch=25 batch=12/15 loss=0.0000 lr=0.000013 speed=245.5s/s elapsed=185s eta=54s
[EPOCH] 25/32: train_loss=1.0438 val_loss=0.3486 val_acc=0.8851 macro_f1=0.8570
[TRAIN] epoch=26 batch=12/15 loss=0.0000 lr=0.000010 speed=245.7s/s elapsed=190s eta=46s
[CKPT] epoch_end epoch=26 step=390
[EPOCH] 26/32: train_loss=1.0283 val_loss=0.2932 val_acc=0.8908 macro_f1=0.8633 * BEST
[TRAIN] epoch=27 batch=12/15 loss=0.0000 lr=0.000007 speed=244.9s/s elapsed=198s eta=38s
[EPOCH] 27/32: train_loss=1.0386 val_loss=0.3133 val_acc=0.8966 macro_f1=0.8710
[TRAIN] epoch=28 batch=12/15 loss=0.0000 lr=0.000005 speed=245.6s/s elapsed=202s eta=31s
[EPOCH] 28/32: train_loss=1.0283 val_loss=0.3355 val_acc=0.8851 macro_f1=0.8554
[TRAIN] epoch=29 batch=12/15 loss=0.0000 lr=0.000003 speed=244.6s/s elapsed=208s eta=23s
[EPOCH] 29/32: train_loss=1.0393 val_loss=0.3132 val_acc=0.8966 macro_f1=0.8710
[TRAIN] epoch=30 batch=12/15 loss=0.0000 lr=0.000002 speed=244.6s/s elapsed=212s eta=16s
[EPOCH] 30/32: train_loss=1.0289 val_loss=0.3166 val_acc=0.8908 macro_f1=0.8619
[TRAIN] epoch=31 batch=12/15 loss=0.0000 lr=0.000001 speed=244.4s/s elapsed=218s eta=8s
[EPOCH] 31/32: train_loss=1.0332 val_loss=0.3198 val_acc=0.8851 macro_f1=0.8554
[TRAIN] epoch=32 batch=12/15 loss=0.0000 lr=0.000001 speed=246.1s/s elapsed=222s eta=1s
[CKPT] epoch_end epoch=32 step=480
[EPOCH] 32/32: train_loss=1.0311 val_loss=0.3186 val_acc=0.8851 macro_f1=0.8554
[TRAIN] Complete. elapsed=227.1s stopped_early=True stopped_by_user=False cycles=1
