[CELL_CAPTURE] cell=Cell 6: Training
run_id=strawberry_fruit_2026-05-06_05-46-28
started_at=2026-05-06T05:46:49.578665+00:00
finished_at=2026-05-06T05:50:53.833120+00:00
duration_sec=244.254

[TRAIN] epochs=36 device=cuda batch_interval=12
[TRAIN] epoch=1 batch=12/21 loss=0.0000 lr=0.000080 speed=228.9s/s elapsed=5s eta=310s
[CKPT] epoch_end epoch=1 step=21
[EPOCH] 1/36: train_loss=1.4184 val_loss=1.3061 val_acc=0.4664 macro_f1=0.1590 * BEST
[TRAIN] epoch=2 batch=12/21 loss=0.0000 lr=0.000080 speed=232.0s/s elapsed=14s eta=314s
[EPOCH] 2/36: train_loss=1.3758 val_loss=1.3768 val_acc=0.4664 macro_f1=0.1590
[TRAIN] epoch=3 batch=12/21 loss=0.0000 lr=0.000079 speed=231.2s/s elapsed=19s eta=250s
[CKPT] epoch_end epoch=3 step=63
[EPOCH] 3/36: train_loss=1.3646 val_loss=1.2097 val_acc=0.5112 macro_f1=0.3303 * BEST
[TRAIN] epoch=4 batch=12/21 loss=0.0000 lr=0.000078 speed=229.5s/s elapsed=27s eta=246s
[CKPT] epoch_end epoch=4 step=84
[EPOCH] 4/36: train_loss=1.2382 val_loss=0.8268 val_acc=0.7713 macro_f1=0.5761 * BEST
[TRAIN] epoch=5 batch=12/21 loss=0.0000 lr=0.000077 speed=225.2s/s elapsed=35s eta=240s
[CKPT] epoch_end epoch=5 step=105
[EPOCH] 5/36: train_loss=1.0449 val_loss=0.6693 val_acc=0.7848 macro_f1=0.6118 * BEST
[TRAIN] epoch=6 batch=12/21 loss=0.0000 lr=0.000075 speed=226.4s/s elapsed=42s eta=231s
[CKPT] epoch_end epoch=6 step=126
[EPOCH] 6/36: train_loss=1.0090 val_loss=0.4754 val_acc=0.8206 macro_f1=0.6023 * BEST
[TRAIN] epoch=7 batch=12/21 loss=0.0000 lr=0.000074 speed=228.9s/s elapsed=50s eta=224s
[EPOCH] 7/36: train_loss=0.9974 val_loss=0.5102 val_acc=0.8251 macro_f1=0.7098
[TRAIN] epoch=8 batch=12/21 loss=0.0000 lr=0.000072 speed=223.0s/s elapsed=55s eta=206s
[EPOCH] 8/36: train_loss=0.9576 val_loss=0.4866 val_acc=0.8161 macro_f1=0.6929
[TRAIN] epoch=9 batch=12/21 loss=0.0000 lr=0.000069 speed=232.0s/s elapsed=60s eta=191s
[CKPT] epoch_end epoch=9 step=189
[EPOCH] 9/36: train_loss=0.9204 val_loss=0.4104 val_acc=0.8386 macro_f1=0.7104 * BEST
[TRAIN] epoch=10 batch=12/21 loss=0.0000 lr=0.000067 speed=227.1s/s elapsed=67s eta=185s
[CKPT] epoch_end epoch=10 step=210
[EPOCH] 10/36: train_loss=0.9037 val_loss=0.3855 val_acc=0.8475 macro_f1=0.7423 * BEST
[TRAIN] epoch=11 batch=12/21 loss=0.0000 lr=0.000064 speed=229.0s/s elapsed=75s eta=180s
[EPOCH] 11/36: train_loss=0.8726 val_loss=0.3951 val_acc=0.8341 macro_f1=0.7298
[TRAIN] epoch=12 batch=12/21 loss=0.0000 lr=0.000062 speed=231.1s/s elapsed=80s eta=168s
[CKPT] batch_250 epoch=12 step=250
[EPOCH] 12/36: train_loss=0.8498 val_loss=0.3937 val_acc=0.8386 macro_f1=0.7275
[TRAIN] epoch=13 batch=12/21 loss=0.0000 lr=0.000059 speed=231.6s/s elapsed=86s eta=160s
[EPOCH] 13/36: train_loss=0.8582 val_loss=0.4098 val_acc=0.8430 macro_f1=0.7339
[TRAIN] epoch=14 batch=12/21 loss=0.0000 lr=0.000055 speed=223.3s/s elapsed=91s eta=150s
[CKPT] epoch_end epoch=14 step=294
[EPOCH] 14/36: train_loss=0.8135 val_loss=0.3553 val_acc=0.8610 macro_f1=0.7672 * BEST
[TRAIN] epoch=15 batch=12/21 loss=0.0000 lr=0.000052 speed=231.3s/s elapsed=98s eta=145s
[CKPT] epoch_end epoch=15 step=315
[EPOCH] 15/36: train_loss=0.7909 val_loss=0.3459 val_acc=0.8744 macro_f1=0.7797 * BEST
[TRAIN] epoch=16 batch=12/21 loss=0.0000 lr=0.000049 speed=227.5s/s elapsed=106s eta=139s
[EPOCH] 16/36: train_loss=0.7781 val_loss=0.3492 val_acc=0.8565 macro_f1=0.7618
[TRAIN] epoch=17 batch=12/21 loss=0.0000 lr=0.000045 speed=228.9s/s elapsed=111s eta=130s
[CKPT] epoch_end epoch=17 step=357
[EPOCH] 17/36: train_loss=0.7965 val_loss=0.3251 val_acc=0.8700 macro_f1=0.7898 * BEST
[TRAIN] epoch=18 batch=12/21 loss=0.0000 lr=0.000042 speed=230.7s/s elapsed=119s eta=124s
[CKPT] epoch_end epoch=18 step=378
[EPOCH] 18/36: train_loss=0.7969 val_loss=0.2862 val_acc=0.9013 macro_f1=0.8266 * BEST
[TRAIN] epoch=19 batch=12/21 loss=0.0000 lr=0.000039 speed=223.4s/s elapsed=126s eta=119s
[EPOCH] 19/36: train_loss=0.7703 val_loss=0.2893 val_acc=0.8879 macro_f1=0.8004
[TRAIN] epoch=20 batch=12/21 loss=0.0000 lr=0.000035 speed=230.5s/s elapsed=131s eta=110s
[EPOCH] 20/36: train_loss=0.7529 val_loss=0.2886 val_acc=0.8924 macro_f1=0.8085
[TRAIN] epoch=21 batch=12/21 loss=0.0000 lr=0.000032 speed=226.1s/s elapsed=137s eta=102s
[CKPT] epoch_end epoch=21 step=441
[EPOCH] 21/36: train_loss=0.7483 val_loss=0.2754 val_acc=0.9058 macro_f1=0.8381 * BEST
[TRAIN] epoch=22 batch=12/21 loss=0.0000 lr=0.000028 speed=229.2s/s elapsed=144s eta=96s
[EPOCH] 22/36: train_loss=0.7400 val_loss=0.3096 val_acc=0.8700 macro_f1=0.7820
[TRAIN] epoch=23 batch=12/21 loss=0.0000 lr=0.000025 speed=229.7s/s elapsed=149s eta=88s
[CKPT] epoch_end epoch=23 step=483
[EPOCH] 23/36: train_loss=0.7410 val_loss=0.2716 val_acc=0.9103 macro_f1=0.8335 * BEST
[TRAIN] epoch=24 batch=12/21 loss=0.0000 lr=0.000022 speed=230.0s/s elapsed=156s eta=82s
[CKPT] batch_250 epoch=24 step=500
[CKPT] epoch_end epoch=24 step=504
[EPOCH] 24/36: train_loss=0.7459 val_loss=0.2635 val_acc=0.9148 macro_f1=0.8519 * BEST
[TRAIN] epoch=25 batch=12/21 loss=0.0000 lr=0.000019 speed=230.7s/s elapsed=167s eta=77s
[CKPT] epoch_end epoch=25 step=525
[EPOCH] 25/36: train_loss=0.7306 val_loss=0.2627 val_acc=0.9238 macro_f1=0.8603 * BEST
[TRAIN] epoch=26 batch=12/21 loss=0.0000 lr=0.000016 speed=224.9s/s elapsed=174s eta=71s
[CKPT] epoch_end epoch=26 step=546
[EPOCH] 26/36: train_loss=0.7292 val_loss=0.2547 val_acc=0.9193 macro_f1=0.8572 * BEST
[TRAIN] epoch=27 batch=12/21 loss=0.0000 lr=0.000014 speed=225.3s/s elapsed=182s eta=65s
[CKPT] epoch_end epoch=27 step=567
[EPOCH] 27/36: train_loss=0.7269 val_loss=0.2413 val_acc=0.9238 macro_f1=0.8631 * BEST
[TRAIN] epoch=28 batch=12/21 loss=0.0000 lr=0.000011 speed=229.7s/s elapsed=189s eta=58s
[EPOCH] 28/36: train_loss=0.7258 val_loss=0.2432 val_acc=0.9238 macro_f1=0.8631
[TRAIN] epoch=29 batch=12/21 loss=0.0000 lr=0.000009 speed=228.6s/s elapsed=194s eta=50s
[CKPT] epoch_end epoch=29 step=609
[EPOCH] 29/36: train_loss=0.7165 val_loss=0.2387 val_acc=0.9193 macro_f1=0.8593 * BEST
[TRAIN] epoch=30 batch=12/21 loss=0.0000 lr=0.000007 speed=229.9s/s elapsed=202s eta=44s
[EPOCH] 30/36: train_loss=0.7229 val_loss=0.2401 val_acc=0.9238 macro_f1=0.8649
[TRAIN] epoch=31 batch=12/21 loss=0.0000 lr=0.000005 speed=227.2s/s elapsed=207s eta=37s
[EPOCH] 31/36: train_loss=0.7148 val_loss=0.2395 val_acc=0.9193 macro_f1=0.8545
[TRAIN] epoch=32 batch=12/21 loss=0.0000 lr=0.000004 speed=231.5s/s elapsed=212s eta=30s
[CKPT] epoch_end epoch=32 step=672
[EPOCH] 32/36: train_loss=0.7173 val_loss=0.2378 val_acc=0.9238 macro_f1=0.8649 * BEST
[TRAIN] epoch=33 batch=12/21 loss=0.0000 lr=0.000003 speed=230.5s/s elapsed=219s eta=23s
[CKPT] epoch_end epoch=33 step=693
[EPOCH] 33/36: train_loss=0.7070 val_loss=0.2378 val_acc=0.9283 macro_f1=0.8735 * BEST
[TRAIN] epoch=34 batch=12/21 loss=0.0000 lr=0.000002 speed=219.4s/s elapsed=227s eta=16s
[EPOCH] 34/36: train_loss=0.7147 val_loss=0.2406 val_acc=0.9238 macro_f1=0.8631
[TRAIN] epoch=35 batch=12/21 loss=0.0000 lr=0.000001 speed=229.9s/s elapsed=232s eta=10s
[EPOCH] 35/36: train_loss=0.7183 val_loss=0.2435 val_acc=0.9283 macro_f1=0.8692
[TRAIN] epoch=36 batch=12/21 loss=0.0000 lr=0.000001 speed=231.3s/s elapsed=238s eta=3s
[CKPT] batch_250 epoch=36 step=750
[CKPT] epoch_end epoch=36 step=756
[EPOCH] 36/36: train_loss=0.7108 val_loss=0.2406 val_acc=0.9238 macro_f1=0.8631
[TRAIN] Complete. elapsed=244.2s stopped_early=False stopped_by_user=False cycles=1
