[CELL_CAPTURE] cell=Cell 6: Training
run_id=apricot_leaf_2026-05-14_08-37-43
started_at=2026-05-14T08:38:27.301216+00:00
finished_at=2026-05-14T08:41:52.979535+00:00
duration_sec=205.678

[TRAIN] epochs=38 device=cuda batch_interval=12
[CKPT] epoch_end epoch=1 step=9
[EPOCH] 1/38: train_loss=1.1058 val_loss=1.0604 val_acc=0.4133 macro_f1=0.2437 * BEST
[EPOCH] 2/38: train_loss=1.0893 val_loss=1.0765 val_acc=0.4200 macro_f1=0.3395
[CKPT] epoch_end epoch=3 step=27
[EPOCH] 3/38: train_loss=1.0816 val_loss=1.0346 val_acc=0.5200 macro_f1=0.3953 * BEST
[CKPT] epoch_end epoch=4 step=36
[EPOCH] 4/38: train_loss=1.0585 val_loss=1.0106 val_acc=0.5000 macro_f1=0.4287 * BEST
[CKPT] epoch_end epoch=5 step=45
[EPOCH] 5/38: train_loss=0.9836 val_loss=0.9019 val_acc=0.5933 macro_f1=0.5879 * BEST
[CKPT] epoch_end epoch=6 step=54
[EPOCH] 6/38: train_loss=0.9005 val_loss=0.8552 val_acc=0.5867 macro_f1=0.5775 * BEST
[EPOCH] 7/38: train_loss=0.8490 val_loss=0.8690 val_acc=0.5667 macro_f1=0.5451
[CKPT] epoch_end epoch=8 step=72
[EPOCH] 8/38: train_loss=0.8145 val_loss=0.7494 val_acc=0.6467 macro_f1=0.6409 * BEST
[EPOCH] 9/38: train_loss=0.7655 val_loss=0.8525 val_acc=0.6400 macro_f1=0.6382
[EPOCH] 10/38: train_loss=0.7351 val_loss=0.7940 val_acc=0.7400 macro_f1=0.7400
[CKPT] epoch_end epoch=11 step=99
[EPOCH] 11/38: train_loss=0.7051 val_loss=0.6347 val_acc=0.8200 macro_f1=0.8185 * BEST
[EPOCH] 12/38: train_loss=0.6827 val_loss=0.7316 val_acc=0.7933 macro_f1=0.7905
[CKPT] epoch_end epoch=13 step=117
[EPOCH] 13/38: train_loss=0.6896 val_loss=0.6074 val_acc=0.8200 macro_f1=0.8179 * BEST
[CKPT] epoch_end epoch=14 step=126
[EPOCH] 14/38: train_loss=0.6406 val_loss=0.5947 val_acc=0.8400 macro_f1=0.8376 * BEST
[CKPT] epoch_end epoch=15 step=135
[EPOCH] 15/38: train_loss=0.6603 val_loss=0.5599 val_acc=0.8333 macro_f1=0.8308 * BEST
[CKPT] epoch_end epoch=16 step=144
[EPOCH] 16/38: train_loss=0.6610 val_loss=0.4827 val_acc=0.8400 macro_f1=0.8371 * BEST
[CKPT] epoch_end epoch=17 step=153
[EPOCH] 17/38: train_loss=0.6345 val_loss=0.4624 val_acc=0.8400 macro_f1=0.8366 * BEST
[CKPT] epoch_end epoch=18 step=162
[EPOCH] 18/38: train_loss=0.6673 val_loss=0.4328 val_acc=0.8267 macro_f1=0.8236 * BEST
[CKPT] epoch_end epoch=19 step=171
[EPOCH] 19/38: train_loss=0.6442 val_loss=0.3448 val_acc=0.8400 macro_f1=0.8372 * BEST
[CKPT] epoch_end epoch=20 step=180
[EPOCH] 20/38: train_loss=0.6303 val_loss=0.2833 val_acc=0.8733 macro_f1=0.8714 * BEST
[CKPT] epoch_end epoch=21 step=189
[EPOCH] 21/38: train_loss=0.6243 val_loss=0.2534 val_acc=0.9000 macro_f1=0.8984 * BEST
[CKPT] epoch_end epoch=22 step=198
[EPOCH] 22/38: train_loss=0.6190 val_loss=0.2406 val_acc=0.9067 macro_f1=0.9058 * BEST
[EPOCH] 23/38: train_loss=0.6159 val_loss=0.2449 val_acc=0.9133 macro_f1=0.9110
[CKPT] epoch_end epoch=24 step=216
[EPOCH] 24/38: train_loss=0.6099 val_loss=0.2008 val_acc=0.9200 macro_f1=0.9197 * BEST
[EPOCH] 25/38: train_loss=0.6113 val_loss=0.2207 val_acc=0.9067 macro_f1=0.9058
[EPOCH] 26/38: train_loss=0.6128 val_loss=0.2117 val_acc=0.9200 macro_f1=0.9181
[EPOCH] 27/38: train_loss=0.6063 val_loss=0.2033 val_acc=0.9200 macro_f1=0.9191
[CKPT] batch_250 epoch=28 step=250
[EPOCH] 28/38: train_loss=0.6106 val_loss=0.2029 val_acc=0.9200 macro_f1=0.9191
[CKPT] epoch_end epoch=29 step=261
[EPOCH] 29/38: train_loss=0.6106 val_loss=0.2007 val_acc=0.9333 macro_f1=0.9310 * BEST
[CKPT] epoch_end epoch=30 step=270
[EPOCH] 30/38: train_loss=0.6026 val_loss=0.1914 val_acc=0.9467 macro_f1=0.9449 * BEST
[CKPT] epoch_end epoch=31 step=279
[EPOCH] 31/38: train_loss=0.6136 val_loss=0.1822 val_acc=0.9400 macro_f1=0.9373 * BEST
[EPOCH] 32/38: train_loss=0.6164 val_loss=0.1850 val_acc=0.9333 macro_f1=0.9313
[EPOCH] 33/38: train_loss=0.6069 val_loss=0.1920 val_acc=0.9267 macro_f1=0.9253
[EPOCH] 34/38: train_loss=0.6106 val_loss=0.1968 val_acc=0.9333 macro_f1=0.9327
[EPOCH] 35/38: train_loss=0.6069 val_loss=0.1977 val_acc=0.9200 macro_f1=0.9184
[EPOCH] 36/38: train_loss=0.6059 val_loss=0.1947 val_acc=0.9267 macro_f1=0.9253
[EPOCH] 37/38: train_loss=0.6083 val_loss=0.1923 val_acc=0.9333 macro_f1=0.9327
[TRAIN] Complete. elapsed=205.6s stopped_early=True stopped_by_user=False cycles=1
