[CELL_CAPTURE] cell=Cell 6: Training
run_id=strawberry_leaf_2026-05-04_20-57-37
started_at=2026-05-04T21:01:49.509412+00:00
finished_at=2026-05-04T21:03:47.412408+00:00
duration_sec=117.903

[TRAIN] epochs=12 device=cuda batch_interval=12
[TRAIN] epoch=1 batch=12/16 loss=0.0000 lr=0.000198 speed=266.1s/s elapsed=8s eta=124s
[EPOCH] 1/12: train_loss=1.4024
[TRAIN] epoch=2 batch=12/16 loss=0.0000 lr=0.000190 speed=266.1s/s elapsed=16s eta=95s
[CKPT] epoch_end epoch=2 step=32
[EPOCH] 2/12: train_loss=1.2589 val_loss=0.6218 val_acc=0.7352 macro_f1=0.6499 * BEST
[TRAIN] epoch=3 batch=12/16 loss=0.0000 lr=0.000175 speed=266.2s/s elapsed=29s eta=98s
[EPOCH] 3/12: train_loss=0.9309
[TRAIN] epoch=4 batch=12/16 loss=0.0000 lr=0.000156 speed=266.0s/s elapsed=36s eta=80s
[CKPT] epoch_end epoch=4 step=64
[EPOCH] 4/12: train_loss=0.7914 val_loss=0.1379 val_acc=0.9470 macro_f1=0.9448 * BEST
[TRAIN] epoch=5 batch=12/16 loss=0.0000 lr=0.000132 speed=266.5s/s elapsed=48s eta=74s
[EPOCH] 5/12: train_loss=0.7082
[TRAIN] epoch=6 batch=12/16 loss=0.0000 lr=0.000107 speed=266.0s/s elapsed=56s eta=61s
[CKPT] epoch_end epoch=6 step=96
[EPOCH] 6/12: train_loss=0.6862 val_loss=0.0203 val_acc=0.9959 macro_f1=0.9951 * BEST
[TRAIN] epoch=7 batch=12/16 loss=0.0000 lr=0.000081 speed=266.4s/s elapsed=68s eta=53s
[EPOCH] 7/12: train_loss=0.6813
[TRAIN] epoch=8 batch=12/16 loss=0.0000 lr=0.000056 speed=266.5s/s elapsed=75s eta=41s
[CKPT] epoch_end epoch=8 step=128
[EPOCH] 8/12: train_loss=0.6769 val_loss=0.0188 val_acc=0.9959 macro_f1=0.9951 * BEST
[TRAIN] epoch=9 batch=12/16 loss=0.0000 lr=0.000035 speed=266.5s/s elapsed=86s eta=32s
[EPOCH] 9/12: train_loss=0.6739
[TRAIN] epoch=10 batch=12/16 loss=0.0000 lr=0.000018 speed=265.5s/s elapsed=94s eta=22s
[CKPT] epoch_end epoch=10 step=160
[EPOCH] 10/12: train_loss=0.6731 val_loss=0.0170 val_acc=0.9939 macro_f1=0.9924 * BEST
[TRAIN] epoch=11 batch=12/16 loss=0.0000 lr=0.000006 speed=265.8s/s elapsed=105s eta=12s
[EPOCH] 11/12: train_loss=0.6730
[TRAIN] epoch=12 batch=12/16 loss=0.0000 lr=0.000001 speed=266.1s/s elapsed=112s eta=2s
[CKPT] epoch_end epoch=12 step=192
[EPOCH] 12/12: train_loss=0.6719 val_loss=0.0194 val_acc=0.9939 macro_f1=0.9924
[TRAIN] Complete. elapsed=117.9s stopped_early=False stopped_by_user=False cycles=1

[STDERR]
/content/bitirmeprojesi/scripts/notebook_cells/nb2_cell09_training.py:193: UserWarning: No artists with labels found to put in legend.  Note that artists whose label start with an underscore are ignored when legend() is called with no argument.
  plt.legend()
/content/bitirmeprojesi/scripts/notebook_cells/nb2_cell09_training.py:203: UserWarning: No artists with labels found to put in legend.  Note that artists whose label start with an underscore are ignored when legend() is called with no argument.
  plt.legend()
